[2018-02-15 09:01:11,935 INFO root] Taurus CLI Tool v1.10.3
[2018-02-15 09:01:11,936 DEBUG root] Command-line options: {'verbose': None, 'no_system_configs': None, 'quiet': None, 'log': '/var/folders/5f/vzk4zj_95sndkt7khp6l85jhnvgy8l/T/bzt_PUSl2B.log', 'option': None, 'aliases': ['cloud']}
[2018-02-15 09:01:11,936 DEBUG root] Python: CPython 2.7.10
[2018-02-15 09:01:11,936 DEBUG root] OS: ('Darwin', 'chefe02mac947', '16.7.0', 'Darwin Kernel Version 16.7.0: Thu Jan 11 22:59:40 PST 2018; root:xnu-3789.73.8~1/RELEASE_X86_64', 'x86_64', 'i386')
[2018-02-15 09:01:11,936 INFO root] Starting with configs: ['blazedemo_confirmation.yml']
[2018-02-15 09:01:11,936 DEBUG root] Using personal config: /Users/chefe02/.bzt-rc
[2018-02-15 09:01:11,936 INFO Engine] Configuring...
[2018-02-15 09:01:11,936 DEBUG Engine] No machine configs dir: /usr/local/Cellar/bzt/1.10.3/libexec/etc/bzt.d
[2018-02-15 09:01:11,936 DEBUG Engine.Configuration] Configs: ['/usr/local/Cellar/bzt/1.10.3/libexec/lib/python2.7/site-packages/bzt/resources/base-config.yml']
[2018-02-15 09:01:11,936 DEBUG Engine.Configuration] Reading /usr/local/Cellar/bzt/1.10.3/libexec/lib/python2.7/site-packages/bzt/resources/base-config.yml as YAML
[2018-02-15 09:01:11,960 DEBUG Engine.Configuration] Configs: ['/Users/chefe02/.bzt-rc', 'blazedemo_confirmation.yml']
[2018-02-15 09:01:11,961 DEBUG Engine.Configuration] Reading /Users/chefe02/.bzt-rc as YAML
[2018-02-15 09:01:11,965 DEBUG Engine.Configuration] Reading blazedemo_confirmation.yml as YAML
[2018-02-15 09:01:11,975 DEBUG Engine.Configuration] Configs: ['/Users/chefe02/.bzt-rc', 'blazedemo_confirmation.yml']
[2018-02-15 09:01:11,976 DEBUG Engine.Configuration] Reading /Users/chefe02/.bzt-rc as YAML
[2018-02-15 09:01:11,981 DEBUG Engine.Configuration] Reading blazedemo_confirmation.yml as YAML
[2018-02-15 09:01:11,999 DEBUG Engine] Requesting updates info: http://gettaurus.org/updates/?version=1.10.3&installID=macos-8c85905fb9f6
[2018-02-15 09:01:12,004 INFO Engine] Artifacts dir: /Users/chefe02/Documents/Demo/GIT/BlazeDemo/Artifacts/2018-02-15_09-01-11.999556
[2018-02-15 09:01:12,004 DEBUG Engine] New artifact filename: /Users/chefe02/Documents/Demo/GIT/BlazeDemo/Artifacts/2018-02-15_09-01-11.999556/effective
[2018-02-15 09:01:12,006 DEBUG Engine.Configuration] Dumping YAML config into /Users/chefe02/Documents/Demo/GIT/BlazeDemo/Artifacts/2018-02-15_09-01-11.999556/effective.yml
[2018-02-15 09:01:12,030 DEBUG Engine.Configuration] Dumping JSON config into /Users/chefe02/Documents/Demo/GIT/BlazeDemo/Artifacts/2018-02-15_09-01-11.999556/effective.json
[2018-02-15 09:01:12,031 DEBUG Engine] New artifact filename: /Users/chefe02/Documents/Demo/GIT/BlazeDemo/Artifacts/2018-02-15_09-01-11.999556/merged.yml
[2018-02-15 09:01:12,032 DEBUG Engine.Configuration] Dumping YAML config into /Users/chefe02/Documents/Demo/GIT/BlazeDemo/Artifacts/2018-02-15_09-01-11.999556/merged.yml
[2018-02-15 09:01:12,038 DEBUG Engine] New artifact filename: /Users/chefe02/Documents/Demo/GIT/BlazeDemo/Artifacts/2018-02-15_09-01-11.999556/merged.json
[2018-02-15 09:01:12,039 DEBUG Engine.Configuration] Dumping JSON config into /Users/chefe02/Documents/Demo/GIT/BlazeDemo/Artifacts/2018-02-15_09-01-11.999556/merged.json
[2018-02-15 09:01:12,040 DEBUG Engine] Add existing artifact (move=False): blazedemo_confirmation.yml
[2018-02-15 09:01:12,040 DEBUG Engine] Copying blazedemo_confirmation.yml to /Users/chefe02/Documents/Demo/GIT/BlazeDemo/Artifacts/2018-02-15_09-01-11.999556/blazedemo_confirmation.yml
[2018-02-15 09:01:12,041 DEBUG root] Closing log handler: /var/folders/5f/vzk4zj_95sndkt7khp6l85jhnvgy8l/T/bzt_PUSl2B.log
[2018-02-15 09:01:12,153 DEBUG root] Switched writing logs to /Users/chefe02/Documents/Demo/GIT/BlazeDemo/Artifacts/2018-02-15_09-01-11.999556/bzt.log
[2018-02-15 09:01:12,153 INFO Engine] Preparing...
[2018-02-15 09:01:12,153 DEBUG Engine] Module config: consolidator defaultdict(None, {'class': 'bzt.modules.aggregator.ConsolidatingAggregator'})
[2018-02-15 09:01:12,154 DEBUG root] Importing module: bzt.modules.aggregator
[2018-02-15 09:01:12,172 DEBUG root] Loading class: 'ConsolidatingAggregator' from <module 'bzt.modules.aggregator' from '/usr/local/Cellar/bzt/1.10.3/libexec/lib/python2.7/site-packages/bzt/modules/aggregator.pyc'>
[2018-02-15 09:01:12,172 DEBUG Engine.consolidator] Exception in dehumanize_time(inf)
[2018-02-15 09:01:12,172 DEBUG Engine.consolidator] Buffer scaling setup: percentile 95.0 from [0.0, 50.0, 90.0, 95.0, 99.0, 99.9, 100.0] selected
[2018-02-15 09:01:12,172 DEBUG Engine] Module config: monitoring defaultdict(None, {'class': 'bzt.modules.monitoring.Monitoring'})
[2018-02-15 09:01:12,173 DEBUG root] Importing module: bzt.modules.monitoring
[2018-02-15 09:01:12,174 DEBUG root] Loading class: 'Monitoring' from <module 'bzt.modules.monitoring' from '/usr/local/Cellar/bzt/1.10.3/libexec/lib/python2.7/site-packages/bzt/modules/monitoring.pyc'>
[2018-02-15 09:01:12,174 DEBUG Engine.monitoring] Should not run because of non-matching prov: cloud != local
[2018-02-15 09:01:12,174 DEBUG Engine] Module config: cloud defaultdict(None, {'class': 'bzt.modules.blazemeter.CloudProvisioning', 'default-location': 'us-central1-a'})
[2018-02-15 09:01:12,174 DEBUG root] Importing module: bzt.modules.blazemeter
[2018-02-15 09:01:12,217 DEBUG easyprocess] version=0.2.3
[2018-02-15 09:01:12,219 DEBUG pyvirtualdisplay] version=0.2.1
[2018-02-15 09:01:12,220 DEBUG root] Loading class: 'CloudProvisioning' from <module 'bzt.modules.blazemeter' from '/usr/local/Cellar/bzt/1.10.3/libexec/lib/python2.7/site-packages/bzt/modules/blazemeter.pyc'>
[2018-02-15 09:01:12,220 DEBUG Engine] Module config: blazemeter defaultdict(None, {'test': 'BlazeDemo from Taurus', 'project': 'BlazeDemo', 'token': '********', 'class': 'bzt.modules.blazemeter.BlazeMeterUploader'})
[2018-02-15 09:01:12,220 DEBUG root] Importing module: bzt.modules.blazemeter
[2018-02-15 09:01:12,220 DEBUG root] Loading class: 'BlazeMeterUploader' from <module 'bzt.modules.blazemeter' from '/usr/local/Cellar/bzt/1.10.3/libexec/lib/python2.7/site-packages/bzt/modules/blazemeter.pyc'>
[2018-02-15 09:01:12,220 DEBUG Engine.cloud] Request: GET https://a.blazemeter.com/api/v4/accounts None
[2018-02-15 09:01:12,396 DEBUG urllib3.connectionpool] Starting new HTTPS connection (1): a.blazemeter.com
[2018-02-15 09:01:12,712 DEBUG Engine] Taurus updates info: {"latest":"1.10.5","needsUpgrade":true}
[2018-02-15 09:01:12,712 WARNING Engine] There is newer version of Taurus 1.10.5 available, consider upgrading. What's new: http://gettaurus.org/docs/Changelog/
[2018-02-15 09:01:13,047 DEBUG urllib3.connectionpool] https://a.blazemeter.com:443 "GET /api/v4/accounts HTTP/1.1" 200 974
[2018-02-15 09:01:13,050 DEBUG Engine.cloud] Response [200]: {
    "limit": 10,
    "skip": 0,
    "total": 1,
    "hidden": 0,
    "api_version": 4,
    "error": null,
    "result": [
        {
            "id": 190324,
            "name": "Default Account",
            "thumbnailUrl": null,
            "salesforce
[2018-02-15 09:01:13,050 DEBUG Engine.cloud] Request: GET https://a.blazemeter.com/api/v4/workspaces?accountId=190324&enabled=true&limit=100 None
[2018-02-15 09:01:13,052 DEBUG urllib3.connectionpool] Starting new HTTPS connection (1): a.blazemeter.com
[2018-02-15 09:01:13,607 DEBUG urllib3.connectionpool] https://a.blazemeter.com:443 "GET /api/v4/workspaces?accountId=190324&enabled=true&limit=100 HTTP/1.1" 200 2190
[2018-02-15 09:01:13,610 DEBUG Engine.cloud] Response [200]: {
    "limit": 100,
    "skip": 0,
    "total": 3,
    "hidden": 0,
    "api_version": 4,
    "error": null,
    "result": [
        {
            "id": 184063,
            "name": "demo workspace",
            "userId": 407077,
            "created": 1513
[2018-02-15 09:01:13,611 DEBUG Engine] Module config: jmeter defaultdict(None, {'properties': defaultdict(None, {'jmeter.save.saveservice.autoflush': 'true', 'jmeter.save.saveservice.connect_time': 'true', 'summariser.name': '', 'jmeterengine.force.system.exit': 'true'}), 'class': 'bzt.modules.jmeter.JMeterExecutor', 'plugins': ['jpgc-casutg', 'jpgc-dummy', 'jpgc-ffw', 'jpgc-fifo', 'jpgc-functions', 'jpgc-json', 'jpgc-perfmon', 'jpgc-prmctl', 'jpgc-tst']})
[2018-02-15 09:01:13,611 DEBUG root] Importing module: bzt.modules.jmeter
[2018-02-15 09:01:13,625 DEBUG root] Loading class: 'JMeterExecutor' from <module 'bzt.modules.jmeter' from '/usr/local/Cellar/bzt/1.10.3/libexec/lib/python2.7/site-packages/bzt/modules/jmeter.pyc'>
[2018-02-15 09:01:13,625 DEBUG Engine.cloud] Request: GET https://a.blazemeter.com/api/v4/projects?workspaceId=184063&limit=99999 None
[2018-02-15 09:01:13,627 DEBUG urllib3.connectionpool] Starting new HTTPS connection (1): a.blazemeter.com
[2018-02-15 09:01:14,236 DEBUG urllib3.connectionpool] https://a.blazemeter.com:443 "GET /api/v4/projects?workspaceId=184063&limit=99999 HTTP/1.1" 200 956
[2018-02-15 09:01:14,239 DEBUG Engine.cloud] Response [200]: {
    "limit": 50,
    "skip": 0,
    "total": 3,
    "hidden": 0,
    "api_version": 4,
    "error": null,
    "result": [
        {
            "id": 244101,
            "name": "BlazeDemo",
            "userId": 407077,
            "description": "",
  
[2018-02-15 09:01:14,239 DEBUG Engine.cloud] Request: GET https://a.blazemeter.com/api/v4/projects?workspaceId=188407&limit=99999 None
[2018-02-15 09:01:14,241 DEBUG urllib3.connectionpool] Starting new HTTPS connection (1): a.blazemeter.com
[2018-02-15 09:01:14,787 DEBUG urllib3.connectionpool] https://a.blazemeter.com:443 "GET /api/v4/projects?workspaceId=188407&limit=99999 HTTP/1.1" 200 410
[2018-02-15 09:01:14,790 DEBUG Engine.cloud] Response [200]: {
    "limit": 50,
    "skip": 0,
    "total": 1,
    "hidden": 0,
    "api_version": 4,
    "error": null,
    "result": [
        {
            "id": 238718,
            "name": "some booshit",
            "userId": 407077,
            "description": nul
[2018-02-15 09:01:14,790 DEBUG Engine.cloud] Request: GET https://a.blazemeter.com/api/v4/projects?workspaceId=196906&limit=99999 None
[2018-02-15 09:01:14,792 DEBUG urllib3.connectionpool] Starting new HTTPS connection (1): a.blazemeter.com
[2018-02-15 09:01:15,933 DEBUG urllib3.connectionpool] https://a.blazemeter.com:443 "GET /api/v4/projects?workspaceId=196906&limit=99999 HTTP/1.1" 200 410
[2018-02-15 09:01:15,936 DEBUG Engine.cloud] Response [200]: {
    "limit": 50,
    "skip": 0,
    "total": 1,
    "hidden": 0,
    "api_version": 4,
    "error": null,
    "result": [
        {
            "id": 254064,
            "name": "Default project",
            "userId": null,
            "description": nu
[2018-02-15 09:01:15,937 DEBUG Engine.cloud] Request: GET https://a.blazemeter.com/api/v4/multi-tests?projectId=244101&name=BlazeDemo+from+Taurus None
[2018-02-15 09:01:15,939 DEBUG urllib3.connectionpool] Starting new HTTPS connection (1): a.blazemeter.com
[2018-02-15 09:01:16,529 DEBUG urllib3.connectionpool] https://a.blazemeter.com:443 "GET /api/v4/multi-tests?projectId=244101&name=BlazeDemo+from+Taurus HTTP/1.1" 200 126
[2018-02-15 09:01:16,532 DEBUG Engine.cloud] Response [200]: {
    "limit": 10,
    "skip": 0,
    "total": 0,
    "hidden": 0,
    "api_version": 4,
    "error": null,
    "result": []
}
[2018-02-15 09:01:16,532 DEBUG Engine.cloud.ProjectFinder] Looked for collection: None
[2018-02-15 09:01:16,532 DEBUG Engine.cloud] Request: GET https://a.blazemeter.com/api/v4/tests?projectId=244101&name=BlazeDemo+from+Taurus None
[2018-02-15 09:01:16,535 DEBUG urllib3.connectionpool] Starting new HTTPS connection (1): a.blazemeter.com
[2018-02-15 09:01:17,119 DEBUG urllib3.connectionpool] https://a.blazemeter.com:443 "GET /api/v4/tests?projectId=244101&name=BlazeDemo+from+Taurus HTTP/1.1" 200 853
[2018-02-15 09:01:17,122 DEBUG Engine.cloud] Response [200]: {
    "limit": 10,
    "skip": 0,
    "total": 1,
    "hidden": 0,
    "api_version": 4,
    "error": null,
    "result": [
        {
            "id": 5918020,
            "name": "BlazeDemo from Taurus",
            "userId": 407077,
            "created
[2018-02-15 09:01:17,122 DEBUG Engine.cloud.ProjectFinder] Looked for test: {u'updated': 1518457840, u'name': u'BlazeDemo from Taurus', u'created': 1517459088, u'creatorClientId': u'Taurus', u'userId': 407077, u'lastUpdatedById': 407077, u'projectId': 244101, u'configuration': {u'targetThreads': 0, u'type': u'taurus', u'canControlRampup': False, u'plugins': {u'functionalExecution': {u'enabled': False}, u'taurus': {u'filename': u'taurus.yml'}}}, u'id': 5918020}
[2018-02-15 09:01:17,122 DEBUG Engine.cloud.ProjectFinder] Detected test type: old
[2018-02-15 09:01:17,122 DEBUG Engine.cloud] Request: GET https://a.blazemeter.com/api/v4/workspaces/184063 None
[2018-02-15 09:01:17,125 DEBUG urllib3.connectionpool] Starting new HTTPS connection (1): a.blazemeter.com
[2018-02-15 09:01:17,739 DEBUG urllib3.connectionpool] https://a.blazemeter.com:443 "GET /api/v4/workspaces/184063 HTTP/1.1" 200 None
[2018-02-15 09:01:17,825 DEBUG Engine.cloud] Response [200]: {
    "api_version": 4,
    "error": null,
    "result": {
        "id": 184063,
        "name": "demo workspace",
        "userId": 407077,
        "created": 1513707945,
        "updated": 1515790382,
        "enabled": true,
        "dedicatedIpsEnabled
[2018-02-15 09:01:17,832 DEBUG Engine.cloud] All resource files are: ['/Users/chefe02/Documents/Demo/blazedemo/blazedemoports.csv']
[2018-02-15 09:01:17,832 DEBUG Engine.cloud] Replace file names in config: ['/Users/chefe02/Documents/Demo/blazedemo/blazedemoports.csv'] with ['blazedemoports.csv']
[2018-02-15 09:01:17,832 DEBUG Engine.cloud] Replaced /Users/chefe02/Documents/Demo/blazedemo/blazedemoports.csv with blazedemoports.csv
[2018-02-15 09:01:17,834 DEBUG Engine] New artifact filename: /Users/chefe02/Documents/Demo/GIT/BlazeDemo/Artifacts/2018-02-15_09-01-11.999556/cloud
[2018-02-15 09:01:17,835 DEBUG root] Dumping YAML config into /Users/chefe02/Documents/Demo/GIT/BlazeDemo/Artifacts/2018-02-15_09-01-11.999556/cloud.yml
[2018-02-15 09:01:17,847 DEBUG root] Dumping JSON config into /Users/chefe02/Documents/Demo/GIT/BlazeDemo/Artifacts/2018-02-15_09-01-11.999556/cloud.json
[2018-02-15 09:01:17,848 DEBUG Engine.cloud] Request: GET https://a.blazemeter.com/api/v4/web/elfinder/5918020?cmd=open&target=s1_Lw None
[2018-02-15 09:01:17,850 DEBUG urllib3.connectionpool] Starting new HTTPS connection (1): a.blazemeter.com
[2018-02-15 09:01:18,723 DEBUG urllib3.connectionpool] https://a.blazemeter.com:443 "GET /api/v4/web/elfinder/5918020?cmd=open&target=s1_Lw HTTP/1.1" 200 1609
[2018-02-15 09:01:18,727 DEBUG Engine.cloud] Response [200]: {"cwd":{"name":"data","size":0,"mime":"directory","read":1,"write":1,"parent_id":"users","hash":"s1_Lw","rootRev":"","options":{"path":"","url":"","tmbUrl":"","disabled":["mkdir","archive","extract","chmod"],"separator":"\/","copyOverwrite":1,"uploadOverwr
[2018-02-15 09:01:18,727 DEBUG Engine.cloud] Test files: [u'blazedemoports.csv', u'taurus.yml']
[2018-02-15 09:01:18,727 DEBUG Engine.cloud] Request: GET https://a.blazemeter.com/api/v4/web/elfinder/5918020?cmd=rm&targets[]=s1_YmxhemVkZW1vcG9ydHMuY3N2&targets[]=s1_dGF1cnVzLnltbA None
[2018-02-15 09:01:18,729 DEBUG urllib3.connectionpool] Starting new HTTPS connection (1): a.blazemeter.com
[2018-02-15 09:01:19,927 DEBUG urllib3.connectionpool] https://a.blazemeter.com:443 "GET /api/v4/web/elfinder/5918020?cmd=rm&targets[]=s1_YmxhemVkZW1vcG9ydHMuY3N2&targets[]=s1_dGF1cnVzLnltbA HTTP/1.1" 200 792
[2018-02-15 09:01:19,930 DEBUG Engine.cloud] Response [200]: {"removed":["s1_YmxhemVkZW1vcG9ydHMuY3N2","s1_dGF1cnVzLnltbA"],"changed":[{"name":"data","size":0,"mime":"directory","read":1,"write":1,"parent_id":"users","hash":"s1_Lw","rootRev":"","options":{"path":"","url":"","tmbUrl":"","disabled":["mkdir","archive",
[2018-02-15 09:01:19,930 DEBUG Engine.cloud] Successfully deleted 2 test files
[2018-02-15 09:01:19,943 DEBUG Engine.cloud] Uploading files into the test: ['/Users/chefe02/Documents/Demo/blazedemo/blazedemoports.csv']
[2018-02-15 09:01:20,035 DEBUG Engine.cloud] Request: POST https://a.blazemeter.com/api/v4/tests/5918020/files --===============9160524725037277259==
Content-Disposition: file; name="script"; filename="taurus.yml"
Content-Type: application/octet-stream

---
execution:
- concurrency: 500
  executor: jmeter
  hold-for: 10m
  locations:
    us-west-1: 1
  ramp-up:
[2018-02-15 09:01:20,036 DEBUG urllib3.connectionpool] Starting new HTTPS connection (1): a.blazemeter.com
[2018-02-15 09:01:21,056 DEBUG urllib3.connectionpool] https://a.blazemeter.com:443 "POST /api/v4/tests/5918020/files HTTP/1.1" 201 620
[2018-02-15 09:01:21,058 DEBUG Engine.cloud] Response [201]: {
    "api_version": 4,
    "error": null,
    "result": {
        "id": 5918020,
        "name": "BlazeDemo from Taurus",
        "userId": 407077,
        "creatorClientId": "Taurus",
        "created": 1517459088,
        "updated": 1518714081,
        
[2018-02-15 09:01:21,058 DEBUG Engine.cloud] Request: PATCH https://a.blazemeter.com/api/v4/tests/5918020 {
 "configuration": {
  "executionType": null
 }
}
[2018-02-15 09:01:21,060 DEBUG urllib3.connectionpool] Starting new HTTPS connection (1): a.blazemeter.com
[2018-02-15 09:01:21,852 DEBUG urllib3.connectionpool] https://a.blazemeter.com:443 "PATCH /api/v4/tests/5918020 HTTP/1.1" 200 1323
[2018-02-15 09:01:21,854 DEBUG Engine.cloud] Response [200]: {
    "api_version": 4,
    "error": null,
    "result": {
        "id": 5918020,
        "name": "BlazeDemo from Taurus",
        "userId": 407077,
        "creatorClientId": "Taurus",
        "created": 1517459088,
        "updated": 1518714082,
        
[2018-02-15 09:01:21,855 DEBUG Engine.cloud] Request: PATCH https://a.blazemeter.com/api/v4/tests/5918020 {
 "configuration": {
  "plugins": {
   "functionalExecution": {
    "enabled": false
   }
  }
 }
}
[2018-02-15 09:01:21,857 DEBUG urllib3.connectionpool] Starting new HTTPS connection (1): a.blazemeter.com
[2018-02-15 09:01:22,765 DEBUG urllib3.connectionpool] https://a.blazemeter.com:443 "PATCH /api/v4/tests/5918020 HTTP/1.1" 200 1323
[2018-02-15 09:01:22,768 DEBUG Engine.cloud] Response [200]: {
    "api_version": 4,
    "error": null,
    "result": {
        "id": 5918020,
        "name": "BlazeDemo from Taurus",
        "userId": 407077,
        "creatorClientId": "Taurus",
        "created": 1517459088,
        "updated": 1518714082,
        
[2018-02-15 09:01:22,768 DEBUG Engine] Module config: final-stats defaultdict(None, {'class': 'bzt.modules.reporting.FinalStatus'})
[2018-02-15 09:01:22,768 DEBUG root] Importing module: bzt.modules.reporting
[2018-02-15 09:01:22,769 DEBUG root] Loading class: 'FinalStatus' from <module 'bzt.modules.reporting' from '/usr/local/Cellar/bzt/1.10.3/libexec/lib/python2.7/site-packages/bzt/modules/reporting.pyc'>
[2018-02-15 09:01:22,769 DEBUG Engine] Module config: console defaultdict(None, {'class': 'bzt.modules.console.ConsoleStatusReporter'})
[2018-02-15 09:01:22,769 DEBUG root] Importing module: bzt.modules.console
[2018-02-15 09:01:22,769 DEBUG root] Loading class: 'ConsoleStatusReporter' from <module 'bzt.modules.console' from '/usr/local/Cellar/bzt/1.10.3/libexec/lib/python2.7/site-packages/bzt/modules/console.pyc'>
[2018-02-15 09:01:22,776 DEBUG Engine.Configuration] Dumping YAML config into /Users/chefe02/Documents/Demo/GIT/BlazeDemo/Artifacts/2018-02-15_09-01-11.999556/effective.yml
[2018-02-15 09:01:22,807 DEBUG Engine.Configuration] Dumping JSON config into /Users/chefe02/Documents/Demo/GIT/BlazeDemo/Artifacts/2018-02-15_09-01-11.999556/effective.json
[2018-02-15 09:01:22,808 INFO Engine] Starting...
[2018-02-15 09:01:22,808 DEBUG Engine] Startup <bzt.modules.aggregator.ConsolidatingAggregator object at 0x10a47ed90>
[2018-02-15 09:01:22,808 DEBUG Engine] Startup <bzt.modules.reporting.FinalStatus object at 0x10bec8cd0>
[2018-02-15 09:01:22,808 DEBUG Engine] Startup <bzt.modules.console.ConsoleStatusReporter object at 0x10becd850>
[2018-02-15 09:01:22,808 INFO Engine.console] Waiting for results...
[2018-02-15 09:01:22,808 DEBUG Engine] Startup <bzt.modules.reporting.FinalStatus object at 0x10becd950>
[2018-02-15 09:01:22,809 DEBUG Engine] Startup <bzt.modules.blazemeter.CloudProvisioning object at 0x10a4c8b90>
[2018-02-15 09:01:22,809 INFO Engine.cloud.ProjectFinder.CloudTaurusTest] Initiating cloud test with https://a.blazemeter.com ...
[2018-02-15 09:01:22,809 DEBUG Engine.cloud] Request: POST https://a.blazemeter.com/api/v4/tests/5918020/start None
[2018-02-15 09:01:22,810 DEBUG urllib3.connectionpool] Starting new HTTPS connection (1): a.blazemeter.com
[2018-02-15 09:01:23,920 DEBUG urllib3.connectionpool] https://a.blazemeter.com:443 "POST /api/v4/tests/5918020/start HTTP/1.1" 202 593
[2018-02-15 09:01:23,923 DEBUG Engine.cloud] Response [202]: {
    "api_version": 4,
    "error": null,
    "result": {
        "id": 17273524,
        "name": "BlazeDemo from Taurus",
        "userId": 407077,
        "runnerUserId": 407077,
        "creatorClientId": "Taurus",
        "executorClientId": "Taurus",
[2018-02-15 09:01:23,923 INFO Engine.cloud] Started cloud test: https://a.blazemeter.com/app/#/masters/17273524
[2018-02-15 09:01:24,042 DEBUG Engine.Configuration] Dumping YAML config into /Users/chefe02/Documents/Demo/GIT/BlazeDemo/Artifacts/2018-02-15_09-01-11.999556/effective.yml
[2018-02-15 09:01:24,086 DEBUG Engine.Configuration] Dumping JSON config into /Users/chefe02/Documents/Demo/GIT/BlazeDemo/Artifacts/2018-02-15_09-01-11.999556/effective.json
[2018-02-15 09:01:24,088 DEBUG root] Leveling down log file verbosity, use -v option to have DEBUG messages enabled
[2018-02-15 09:01:24,715 INFO Engine.cloud] Cloud test status: CREATE
[2018-02-15 09:01:25,458 INFO Engine.console] Waiting for finish...
[2018-02-15 09:01:30,072 INFO Engine.cloud] Cloud test status: BOOT_STARTING
[2018-02-15 09:01:55,507 INFO Engine.cloud] Cloud test status: TAURUS_ENGINE_INIT
[2018-02-15 09:02:45,330 INFO Engine.cloud] Cloud test status: DATA_RECEIVED
