[2018-03-06 08:49:21,110 INFO root] Taurus CLI Tool v1.10.3
[2018-03-06 08:49:21,110 DEBUG root] Command-line options: {'verbose': None, 'no_system_configs': None, 'quiet': None, 'log': '/var/folders/5f/vzk4zj_95sndkt7khp6l85jhnvgy8l/T/bzt_KIZOmM.log', 'option': None, 'aliases': ['locations']}
[2018-03-06 08:49:21,110 DEBUG root] Python: CPython 2.7.10
[2018-03-06 08:49:21,110 DEBUG root] OS: ('Darwin', 'chefe02mac947', '16.7.0', 'Darwin Kernel Version 16.7.0: Thu Jan 11 22:59:40 PST 2018; root:xnu-3789.73.8~1/RELEASE_X86_64', 'x86_64', 'i386')
[2018-03-06 08:49:21,110 INFO root] Starting with configs: []
[2018-03-06 08:49:21,111 DEBUG root] Using personal config: /Users/chefe02/.bzt-rc
[2018-03-06 08:49:21,111 INFO Engine] Configuring...
[2018-03-06 08:49:21,111 DEBUG Engine] No machine configs dir: /usr/local/Cellar/bzt/1.10.3/libexec/etc/bzt.d
[2018-03-06 08:49:21,111 DEBUG Engine.Configuration] Configs: ['/usr/local/Cellar/bzt/1.10.3/libexec/lib/python2.7/site-packages/bzt/resources/base-config.yml']
[2018-03-06 08:49:21,111 DEBUG Engine.Configuration] Reading /usr/local/Cellar/bzt/1.10.3/libexec/lib/python2.7/site-packages/bzt/resources/base-config.yml as YAML
[2018-03-06 08:49:21,135 DEBUG Engine.Configuration] Configs: ['/Users/chefe02/.bzt-rc']
[2018-03-06 08:49:21,136 DEBUG Engine.Configuration] Reading /Users/chefe02/.bzt-rc as YAML
[2018-03-06 08:49:21,139 DEBUG Engine.Configuration] Configs: ['/Users/chefe02/.bzt-rc']
[2018-03-06 08:49:21,139 DEBUG Engine.Configuration] Reading /Users/chefe02/.bzt-rc as YAML
[2018-03-06 08:49:21,154 DEBUG Engine] Requesting updates info: http://gettaurus.org/updates/?version=1.10.3&installID=macos-8c85905fb9f6
[2018-03-06 08:49:21,158 INFO Engine] Artifacts dir: /Users/chefe02/Documents/Demo/GIT/BlazeDemo/2018-03-06_08-49-21.158383
[2018-03-06 08:49:21,158 DEBUG Engine] New artifact filename: /Users/chefe02/Documents/Demo/GIT/BlazeDemo/2018-03-06_08-49-21.158383/effective
[2018-03-06 08:49:21,160 DEBUG Engine.Configuration] Dumping YAML config into /Users/chefe02/Documents/Demo/GIT/BlazeDemo/2018-03-06_08-49-21.158383/effective.yml
[2018-03-06 08:49:21,177 DEBUG Engine.Configuration] Dumping JSON config into /Users/chefe02/Documents/Demo/GIT/BlazeDemo/2018-03-06_08-49-21.158383/effective.json
[2018-03-06 08:49:21,178 DEBUG Engine] New artifact filename: /Users/chefe02/Documents/Demo/GIT/BlazeDemo/2018-03-06_08-49-21.158383/merged.yml
[2018-03-06 08:49:21,178 DEBUG Engine.Configuration] Dumping YAML config into /Users/chefe02/Documents/Demo/GIT/BlazeDemo/2018-03-06_08-49-21.158383/merged.yml
[2018-03-06 08:49:21,178 DEBUG Engine] New artifact filename: /Users/chefe02/Documents/Demo/GIT/BlazeDemo/2018-03-06_08-49-21.158383/merged.json
[2018-03-06 08:49:21,178 DEBUG Engine.Configuration] Dumping JSON config into /Users/chefe02/Documents/Demo/GIT/BlazeDemo/2018-03-06_08-49-21.158383/merged.json
[2018-03-06 08:49:21,179 DEBUG root] Closing log handler: /var/folders/5f/vzk4zj_95sndkt7khp6l85jhnvgy8l/T/bzt_KIZOmM.log
[2018-03-06 08:49:21,189 DEBUG root] Switched writing logs to /Users/chefe02/Documents/Demo/GIT/BlazeDemo/2018-03-06_08-49-21.158383/bzt.log
[2018-03-06 08:49:21,189 INFO Engine] Preparing...
[2018-03-06 08:49:21,189 DEBUG Engine] Module config: consolidator defaultdict(None, {'class': 'bzt.modules.aggregator.ConsolidatingAggregator'})
[2018-03-06 08:49:21,189 DEBUG root] Importing module: bzt.modules.aggregator
[2018-03-06 08:49:21,237 DEBUG root] Loading class: 'ConsolidatingAggregator' from <module 'bzt.modules.aggregator' from '/usr/local/Cellar/bzt/1.10.3/libexec/lib/python2.7/site-packages/bzt/modules/aggregator.pyc'>
[2018-03-06 08:49:21,237 DEBUG Engine.consolidator] Exception in dehumanize_time(inf)
[2018-03-06 08:49:21,238 DEBUG Engine.consolidator] Buffer scaling setup: percentile 95.0 from [0.0, 50.0, 90.0, 95.0, 99.0, 99.9, 100.0] selected
[2018-03-06 08:49:21,238 DEBUG Engine] Module config: monitoring defaultdict(None, {'class': 'bzt.modules.monitoring.Monitoring'})
[2018-03-06 08:49:21,238 DEBUG root] Importing module: bzt.modules.monitoring
[2018-03-06 08:49:21,240 DEBUG root] Loading class: 'Monitoring' from <module 'bzt.modules.monitoring' from '/usr/local/Cellar/bzt/1.10.3/libexec/lib/python2.7/site-packages/bzt/modules/monitoring.pyc'>
[2018-03-06 08:49:21,240 DEBUG Engine.monitoring] Should not run because of non-matching prov: cloud != local
[2018-03-06 08:49:21,240 DEBUG Engine] Module config: cloud defaultdict(None, {'class': 'bzt.modules.blazemeter.CloudProvisioning', 'default-location': 'us-central1-a', 'dump-locations': True})
[2018-03-06 08:49:21,240 DEBUG root] Importing module: bzt.modules.blazemeter
[2018-03-06 08:49:21,431 DEBUG easyprocess] version=0.2.3
[2018-03-06 08:49:21,434 DEBUG pyvirtualdisplay] version=0.2.1
[2018-03-06 08:49:21,435 DEBUG root] Loading class: 'CloudProvisioning' from <module 'bzt.modules.blazemeter' from '/usr/local/Cellar/bzt/1.10.3/libexec/lib/python2.7/site-packages/bzt/modules/blazemeter.pyc'>
[2018-03-06 08:49:21,435 DEBUG Engine] Module config: blazemeter defaultdict(None, {'token': '********', 'class': 'bzt.modules.blazemeter.BlazeMeterUploader'})
[2018-03-06 08:49:21,435 DEBUG root] Importing module: bzt.modules.blazemeter
[2018-03-06 08:49:21,435 DEBUG root] Loading class: 'BlazeMeterUploader' from <module 'bzt.modules.blazemeter' from '/usr/local/Cellar/bzt/1.10.3/libexec/lib/python2.7/site-packages/bzt/modules/blazemeter.pyc'>
[2018-03-06 08:49:21,435 DEBUG Engine.cloud] Request: GET https://a.blazemeter.com/api/v4/accounts None
[2018-03-06 08:49:21,526 DEBUG urllib3.connectionpool] Starting new HTTPS connection (1): a.blazemeter.com
[2018-03-06 08:49:22,048 DEBUG Engine] Taurus updates info: {"latest":"1.10.5","needsUpgrade":true}
[2018-03-06 08:49:22,048 WARNING Engine] There is newer version of Taurus 1.10.5 available, consider upgrading. What's new: http://gettaurus.org/docs/Changelog/
[2018-03-06 08:49:22,057 DEBUG urllib3.connectionpool] https://a.blazemeter.com:443 "GET /api/v4/accounts HTTP/1.1" 200 974
[2018-03-06 08:49:22,060 DEBUG Engine.cloud] Response [200]: {
    "limit": 10,
    "skip": 0,
    "total": 1,
    "hidden": 0,
    "api_version": 4,
    "error": null,
    "result": [
        {
            "id": 190324,
            "name": "Default Account",
            "thumbnailUrl": null,
            "salesforce
[2018-03-06 08:49:22,060 DEBUG Engine.cloud] Request: GET https://a.blazemeter.com/api/v4/workspaces?accountId=190324&enabled=true&limit=100 None
[2018-03-06 08:49:22,062 DEBUG urllib3.connectionpool] Starting new HTTPS connection (1): a.blazemeter.com
[2018-03-06 08:49:22,520 DEBUG urllib3.connectionpool] https://a.blazemeter.com:443 "GET /api/v4/workspaces?accountId=190324&enabled=true&limit=100 HTTP/1.1" 200 2190
[2018-03-06 08:49:22,522 DEBUG Engine.cloud] Response [200]: {
    "limit": 100,
    "skip": 0,
    "total": 3,
    "hidden": 0,
    "api_version": 4,
    "error": null,
    "result": [
        {
            "id": 184063,
            "name": "demo workspace",
            "userId": 407077,
            "created": 1513
[2018-03-06 08:49:22,523 WARNING Engine.cloud] Dumping available locations instead of running the test
[2018-03-06 08:49:22,523 DEBUG Engine.cloud] Request: GET https://a.blazemeter.com/api/v4/workspaces/184063 None
[2018-03-06 08:49:22,525 DEBUG urllib3.connectionpool] Starting new HTTPS connection (1): a.blazemeter.com
[2018-03-06 08:49:23,067 DEBUG urllib3.connectionpool] https://a.blazemeter.com:443 "GET /api/v4/workspaces/184063 HTTP/1.1" 200 None
[2018-03-06 08:49:23,140 DEBUG Engine.cloud] Response [200]: {
    "api_version": 4,
    "error": null,
    "result": {
        "id": 184063,
        "name": "demo workspace",
        "userId": 407077,
        "created": 1513707945,
        "updated": 1515790382,
        "enabled": true,
        "dedicatedIpsEnabled
[2018-03-06 08:49:23,146 DEBUG Engine.cloud] Request: GET https://a.blazemeter.com/api/v4/workspaces/188407 None
[2018-03-06 08:49:23,148 DEBUG urllib3.connectionpool] Starting new HTTPS connection (1): a.blazemeter.com
[2018-03-06 08:49:23,677 DEBUG urllib3.connectionpool] https://a.blazemeter.com:443 "GET /api/v4/workspaces/188407 HTTP/1.1" 200 None
[2018-03-06 08:49:23,752 DEBUG Engine.cloud] Response [200]: {
    "api_version": 4,
    "error": null,
    "result": {
        "id": 188407,
        "name": "litterbox",
        "userId": 407077,
        "created": 1515721294,
        "updated": 1515721294,
        "enabled": true,
        "dedicatedIpsEnabled": tr
[2018-03-06 08:49:23,758 DEBUG Engine.cloud] Request: GET https://a.blazemeter.com/api/v4/workspaces/196906 None
[2018-03-06 08:49:23,760 DEBUG urllib3.connectionpool] Starting new HTTPS connection (1): a.blazemeter.com
[2018-03-06 08:49:24,258 DEBUG urllib3.connectionpool] https://a.blazemeter.com:443 "GET /api/v4/workspaces/196906 HTTP/1.1" 200 None
[2018-03-06 08:49:24,335 DEBUG Engine.cloud] Response [200]: {
    "api_version": 4,
    "error": null,
    "result": {
        "id": 196906,
        "name": "private locations",
        "userId": 407077,
        "created": 1518563928,
        "updated": 1518563928,
        "enabled": true,
        "dedicatedIpsEnab
[2018-03-06 08:49:24,340 INFO Engine.cloud] Location: ap-northeast-1	Asia Pacific (Tokyo)
[2018-03-06 08:49:24,341 INFO Engine.cloud] Location: ap-northeast-2	Asia Pacific (Seoul)
[2018-03-06 08:49:24,341 INFO Engine.cloud] Location: ap-south-1	Asia Pacific (Mumbai)
[2018-03-06 08:49:24,341 INFO Engine.cloud] Location: ap-southeast-1	Asia Pacific (Singapore)
[2018-03-06 08:49:24,341 INFO Engine.cloud] Location: ap-southeast-2	Australia (Sydney)
[2018-03-06 08:49:24,341 INFO Engine.cloud] Location: asia-east1-a	Asia East (Taiwan, Google)
[2018-03-06 08:49:24,341 INFO Engine.cloud] Location: asia-northeast1-a	Asia Northeast (Japan, Google)
[2018-03-06 08:49:24,341 INFO Engine.cloud] Location: asia-south1-a	Asia South (Mumbai, Google)
[2018-03-06 08:49:24,341 INFO Engine.cloud] Location: asia-southeast1-a	Asia Southeast (Singapore, Google)
[2018-03-06 08:49:24,341 INFO Engine.cloud] Location: australia-southeast1-a	Australia (Sydney, Google)
[2018-03-06 08:49:24,341 INFO Engine.cloud] Location: azure-ap-northeast-1	Azure Korea Central (Seoul)
[2018-03-06 08:49:24,342 INFO Engine.cloud] Location: azure-ap-northeast-2	Azure Korea South (Busan)
[2018-03-06 08:49:24,342 INFO Engine.cloud] Location: azure-brazil-south-1	Azure Brazil South (Sao Paulo)
[2018-03-06 08:49:24,342 INFO Engine.cloud] Location: azure-central-asia-1	Azure Central India (Pune)
[2018-03-06 08:49:24,342 INFO Engine.cloud] Location: azure-central-asia-2	Azure West India (Mumbai)
[2018-03-06 08:49:24,342 INFO Engine.cloud] Location: azure-central-asia-3	Azure South India (Chennai)
[2018-03-06 08:49:24,342 INFO Engine.cloud] Location: azure-central-ca	Azure Canada Central (Toronto)
[2018-03-06 08:49:24,342 INFO Engine.cloud] Location: azure-central-us-1	Azure US Central (Iowa)
[2018-03-06 08:49:24,342 INFO Engine.cloud] Location: azure-east-asia-1	Azure East Asia (Hong Kong)
[2018-03-06 08:49:24,342 INFO Engine.cloud] Location: azure-east-au-1	Azure Australia East (New South Wales)
[2018-03-06 08:49:24,343 INFO Engine.cloud] Location: azure-east-ca	Azure Canada East (Quebec City)
[2018-03-06 08:49:24,343 INFO Engine.cloud] Location: azure-east-us-1	Azure US East (Virginia)
[2018-03-06 08:49:24,343 INFO Engine.cloud] Location: azure-east-us-2	Azure East US 2 (Virginia)
[2018-03-06 08:49:24,343 INFO Engine.cloud] Location: azure-eu-west-2	Azure UK South (London)
[2018-03-06 08:49:24,343 INFO Engine.cloud] Location: azure-eu-west-3	Azure UK West (Cardiff)
[2018-03-06 08:49:24,343 INFO Engine.cloud] Location: azure-japan-east-1	Azure Japan East (Tokyo, Saitama)
[2018-03-06 08:49:24,343 INFO Engine.cloud] Location: azure-japan-west-1	Azure Japan West (Osaka)
[2018-03-06 08:49:24,343 INFO Engine.cloud] Location: azure-north-central-us-1	Azure US North Central (Illinois)
[2018-03-06 08:49:24,343 INFO Engine.cloud] Location: azure-north-europe-1	Azure EU North (Ireland)
[2018-03-06 08:49:24,343 INFO Engine.cloud] Location: azure-south-central-us-1	Azure US South Central (Texas)
[2018-03-06 08:49:24,344 INFO Engine.cloud] Location: azure-southeast-asia-1	Azure Southeast Asia (Singapore)
[2018-03-06 08:49:24,344 INFO Engine.cloud] Location: azure-southeast-au-1	Azure Australia Southeast (Victoria)
[2018-03-06 08:49:24,344 INFO Engine.cloud] Location: azure-us-west-central	Azure US West Central (US West Central)
[2018-03-06 08:49:24,344 INFO Engine.cloud] Location: azure-west-europe-1	Azure EU West (Netherlands)
[2018-03-06 08:49:24,344 INFO Engine.cloud] Location: azure-west-us-1	Azure US West (California)
[2018-03-06 08:49:24,344 INFO Engine.cloud] Location: azure-west-us-2	Azure US East (US West 2)
[2018-03-06 08:49:24,344 INFO Engine.cloud] Location: ca-central-1	Canada (Central)
[2018-03-06 08:49:24,344 INFO Engine.cloud] Location: eu-central-1	EU Central (Frankfurt)
[2018-03-06 08:49:24,344 INFO Engine.cloud] Location: eu-west-1	EU West (Ireland)
[2018-03-06 08:49:24,344 INFO Engine.cloud] Location: eu-west-2	EU West (London)
[2018-03-06 08:49:24,345 INFO Engine.cloud] Location: eu-west-3	EU West (Paris) - New
[2018-03-06 08:49:24,345 INFO Engine.cloud] Location: europe-west1-b	EU West (Belgium, Google)
[2018-03-06 08:49:24,345 INFO Engine.cloud] Location: europe-west2-a	EU West (London, Google)
[2018-03-06 08:49:24,345 INFO Engine.cloud] Location: europe-west3-a	EU West (Frankfurt, Google)
[2018-03-06 08:49:24,345 INFO Engine.cloud] Location: europe-west4-b	EU West (Netherlands, Google)
[2018-03-06 08:49:24,345 INFO Engine.cloud] Location: northamerica-northeast1-a	Canada East (Montreal, Google)
[2018-03-06 08:49:24,345 INFO Engine.cloud] Location: sa-east-1	South America (Sao Paulo)
[2018-03-06 08:49:24,345 INFO Engine.cloud] Location: southamerica-east1-a	Brazil (Sao Paulo, Google)
[2018-03-06 08:49:24,346 INFO Engine.cloud] Location: us-central1-a	US Central (Iowa, Google)
[2018-03-06 08:49:24,346 INFO Engine.cloud] Location: us-east-1	US East (Virginia)
[2018-03-06 08:49:24,346 INFO Engine.cloud] Location: us-east-2	US East (Ohio)
[2018-03-06 08:49:24,346 INFO Engine.cloud] Location: us-east1-b	US East (South Carolina, Google)
[2018-03-06 08:49:24,346 INFO Engine.cloud] Location: us-east4-a	US East (Virginia, Google)
[2018-03-06 08:49:24,346 INFO Engine.cloud] Location: us-west-1	US West (N.California)
[2018-03-06 08:49:24,346 INFO Engine.cloud] Location: us-west-2	US West (Oregon)
[2018-03-06 08:49:24,346 INFO Engine.cloud] Location: us-west1-a	US West (Oregon, Google)
[2018-03-06 08:49:24,346 DEBUG root] Shutting down by request from code
[2018-03-06 08:49:24,350 DEBUG root] NormalShutdown: Done listing locations
Traceback (most recent call last):
  File "/usr/local/Cellar/bzt/1.10.3/libexec/lib/python2.7/site-packages/bzt/cli.py", line 224, in perform
    self.engine.prepare()
  File "/usr/local/Cellar/bzt/1.10.3/libexec/lib/python2.7/site-packages/bzt/engine.py", line 158, in prepare
    self.__prepare_provisioning()
  File "/usr/local/Cellar/bzt/1.10.3/libexec/lib/python2.7/site-packages/bzt/engine.py", line 490, in __prepare_provisioning
    self.provisioning.prepare()
  File "/usr/local/Cellar/bzt/1.10.3/libexec/lib/python2.7/site-packages/bzt/modules/blazemeter.py", line 1454, in prepare
    self.__dump_locations_if_needed()
  File "/usr/local/Cellar/bzt/1.10.3/libexec/lib/python2.7/site-packages/bzt/modules/blazemeter.py", line 1508, in __dump_locations_if_needed
    raise NormalShutdown("Done listing locations")
NormalShutdown: Done listing locations
[2018-03-06 08:49:24,351 INFO Engine] Post-processing...
[2018-03-06 08:49:24,351 DEBUG Engine.consolidator] Consolidator buffer[0]: []
[2018-03-06 08:49:24,352 DEBUG Engine.Configuration] Dumping YAML config into /Users/chefe02/Documents/Demo/GIT/BlazeDemo/2018-03-06_08-49-21.158383/effective.yml
[2018-03-06 08:49:24,375 DEBUG Engine.Configuration] Dumping JSON config into /Users/chefe02/Documents/Demo/GIT/BlazeDemo/2018-03-06_08-49-21.158383/effective.json
[2018-03-06 08:49:24,376 INFO root] Artifacts dir: /Users/chefe02/Documents/Demo/GIT/BlazeDemo/2018-03-06_08-49-21.158383
[2018-03-06 08:49:24,376 INFO root] Done performing with code: 0
[2018-03-06 08:49:24,377 DEBUG root] Closing log handler: /Users/chefe02/Documents/Demo/GIT/BlazeDemo/2018-03-06_08-49-21.158383/bzt.log
