[2018-03-21 09:52:58,064 INFO root] Taurus CLI Tool v1.10.5
[2018-03-21 09:52:58,065 DEBUG root] Command-line options: {'verbose': None, 'no_system_configs': None, 'quiet': None, 'log': '/var/folders/5f/vzk4zj_95sndkt7khp6l85jhnvgy8l/T/bzt_lepF40.log', 'option': None, 'aliases': ['locations']}
[2018-03-21 09:52:58,065 DEBUG root] Python: CPython 2.7.10
[2018-03-21 09:52:58,065 DEBUG root] OS: ('Darwin', 'chefe02mac947', '16.7.0', 'Darwin Kernel Version 16.7.0: Thu Jan 11 22:59:40 PST 2018; root:xnu-3789.73.8~1/RELEASE_X86_64', 'x86_64', 'i386')
[2018-03-21 09:52:58,065 INFO root] Starting with configs: []
[2018-03-21 09:52:58,066 DEBUG root] Using personal config: /Users/chefe02/.bzt-rc
[2018-03-21 09:52:58,066 INFO Engine] Configuring...
[2018-03-21 09:52:58,066 DEBUG Engine] No machine configs dir: /usr/local/Cellar/bzt/1.10.5/libexec/etc/bzt.d
[2018-03-21 09:52:58,066 DEBUG Engine] Base configs list: ['/usr/local/Cellar/bzt/1.10.5/libexec/lib/python2.7/site-packages/bzt/resources/base-config.yml']
[2018-03-21 09:52:58,066 DEBUG Engine.Configuration] Configs: ['/usr/local/Cellar/bzt/1.10.5/libexec/lib/python2.7/site-packages/bzt/resources/base-config.yml']
[2018-03-21 09:52:59,862 DEBUG Engine.Configuration] Reading /usr/local/Cellar/bzt/1.10.5/libexec/lib/python2.7/site-packages/bzt/resources/base-config.yml as YAML
[2018-03-21 09:52:59,889 DEBUG Engine] User configs list: ['/Users/chefe02/.bzt-rc']
[2018-03-21 09:52:59,889 DEBUG Engine.Configuration] Configs: ['/Users/chefe02/.bzt-rc']
[2018-03-21 09:53:00,070 DEBUG Engine.Configuration] Reading /Users/chefe02/.bzt-rc as YAML
[2018-03-21 09:53:00,075 DEBUG Engine.Configuration] Configs: ['/Users/chefe02/.bzt-rc']
[2018-03-21 09:53:00,076 DEBUG Engine.Configuration] Reading /Users/chefe02/.bzt-rc as YAML
[2018-03-21 09:53:00,092 DEBUG Engine] Requesting updates info: http://gettaurus.org/updates/?version=1.10.5&installID=macos-8c85905fb9f6
[2018-03-21 09:53:00,098 INFO Engine] Artifacts dir: /Users/chefe02/Documents/Demo/GIT/BlazeDemo/2018-03-21_09-53-00.093105
[2018-03-21 09:53:00,098 DEBUG Engine] New artifact filename: /Users/chefe02/Documents/Demo/GIT/BlazeDemo/2018-03-21_09-53-00.093105/effective
[2018-03-21 09:53:00,100 DEBUG Engine.Configuration] Dumping YAML config into /Users/chefe02/Documents/Demo/GIT/BlazeDemo/2018-03-21_09-53-00.093105/effective.yml
[2018-03-21 09:53:00,116 DEBUG Engine.Configuration] Dumping JSON config into /Users/chefe02/Documents/Demo/GIT/BlazeDemo/2018-03-21_09-53-00.093105/effective.json
[2018-03-21 09:53:00,117 DEBUG Engine] New artifact filename: /Users/chefe02/Documents/Demo/GIT/BlazeDemo/2018-03-21_09-53-00.093105/merged.yml
[2018-03-21 09:53:00,117 DEBUG Engine.Configuration] Dumping YAML config into /Users/chefe02/Documents/Demo/GIT/BlazeDemo/2018-03-21_09-53-00.093105/merged.yml
[2018-03-21 09:53:00,118 DEBUG Engine] New artifact filename: /Users/chefe02/Documents/Demo/GIT/BlazeDemo/2018-03-21_09-53-00.093105/merged.json
[2018-03-21 09:53:00,118 DEBUG Engine.Configuration] Dumping JSON config into /Users/chefe02/Documents/Demo/GIT/BlazeDemo/2018-03-21_09-53-00.093105/merged.json
[2018-03-21 09:53:00,118 DEBUG root] Closing log handler: /var/folders/5f/vzk4zj_95sndkt7khp6l85jhnvgy8l/T/bzt_lepF40.log
[2018-03-21 09:53:01,648 DEBUG root] Switched writing logs to /Users/chefe02/Documents/Demo/GIT/BlazeDemo/2018-03-21_09-53-00.093105/bzt.log
[2018-03-21 09:53:01,649 DEBUG root] Linting config
[2018-03-21 09:53:01,651 INFO Engine] Preparing...
[2018-03-21 09:53:01,652 DEBUG Engine] Module config: consolidator defaultdict(None, {'class': 'bzt.modules.aggregator.ConsolidatingAggregator'})
[2018-03-21 09:53:01,652 DEBUG root] Importing module: bzt.modules.aggregator
[2018-03-21 09:53:30,427 DEBUG root] Loading class: 'ConsolidatingAggregator' from <module 'bzt.modules.aggregator' from '/usr/local/Cellar/bzt/1.10.5/libexec/lib/python2.7/site-packages/bzt/modules/aggregator.pyc'>
[2018-03-21 09:53:30,428 DEBUG Engine.consolidator] Buffer scaling setup: percentile 95.0 from [0.0, 50.0, 90.0, 95.0, 99.0, 99.9, 100.0] selected
[2018-03-21 09:53:30,428 DEBUG Engine] Module config: monitoring defaultdict(None, {'class': 'bzt.modules.monitoring.Monitoring'})
[2018-03-21 09:53:30,428 DEBUG root] Importing module: bzt.modules.monitoring
[2018-03-21 09:53:33,647 DEBUG root] Loading class: 'Monitoring' from <module 'bzt.modules.monitoring' from '/usr/local/Cellar/bzt/1.10.5/libexec/lib/python2.7/site-packages/bzt/modules/monitoring.pyc'>
[2018-03-21 09:53:33,648 DEBUG Engine.monitoring] Should not run because of non-matching prov: cloud != local
[2018-03-21 09:53:33,648 DEBUG Engine] Module config: cloud defaultdict(None, {'class': 'bzt.modules.blazemeter.CloudProvisioning', 'default-location': 'us-central1-a', 'dump-locations': True})
[2018-03-21 09:53:33,648 DEBUG root] Importing module: bzt.modules.blazemeter
