[2018-02-09 11:35:55,973 INFO root] Taurus CLI Tool v1.10.3
[2018-02-09 11:35:55,973 DEBUG root] Command-line options: {'verbose': None, 'no_system_configs': None, 'quiet': None, 'log': '/var/folders/5f/vzk4zj_95sndkt7khp6l85jhnvgy8l/T/bzt_q3uyXU.log', 'option': None, 'aliases': []}
[2018-02-09 11:35:55,973 DEBUG root] Python: CPython 2.7.10
[2018-02-09 11:35:55,973 DEBUG root] OS: ('Darwin', 'chefe02mac947', '16.7.0', 'Darwin Kernel Version 16.7.0: Thu Jan 11 22:59:40 PST 2018; root:xnu-3789.73.8~1/RELEASE_X86_64', 'x86_64', 'i386')
[2018-02-09 11:35:55,973 INFO root] Starting with configs: ['blazedemo_confirmation.yml']
[2018-02-09 11:35:55,973 DEBUG root] Using personal config: /Users/chefe02/.bzt-rc
[2018-02-09 11:35:55,973 INFO Engine] Configuring...
[2018-02-09 11:35:55,973 DEBUG Engine] No machine configs dir: /usr/local/Cellar/bzt/1.10.3/libexec/etc/bzt.d
[2018-02-09 11:35:55,974 DEBUG Engine.Configuration] Configs: ['/usr/local/Cellar/bzt/1.10.3/libexec/lib/python2.7/site-packages/bzt/resources/base-config.yml']
[2018-02-09 11:35:55,974 DEBUG Engine.Configuration] Reading /usr/local/Cellar/bzt/1.10.3/libexec/lib/python2.7/site-packages/bzt/resources/base-config.yml as YAML
[2018-02-09 11:35:55,999 DEBUG Engine.Configuration] Configs: ['/Users/chefe02/.bzt-rc', 'blazedemo_confirmation.yml']
[2018-02-09 11:35:56,000 DEBUG Engine.Configuration] Reading /Users/chefe02/.bzt-rc as YAML
[2018-02-09 11:35:56,005 DEBUG Engine.Configuration] Reading blazedemo_confirmation.yml as YAML
[2018-02-09 11:35:56,015 DEBUG Engine.Configuration] Configs: ['/Users/chefe02/.bzt-rc', 'blazedemo_confirmation.yml']
[2018-02-09 11:35:56,016 DEBUG Engine.Configuration] Reading /Users/chefe02/.bzt-rc as YAML
[2018-02-09 11:35:56,020 DEBUG Engine.Configuration] Reading blazedemo_confirmation.yml as YAML
[2018-02-09 11:35:56,042 DEBUG Engine] Requesting updates info: http://gettaurus.org/updates/?version=1.10.3&installID=macos-8c85905fb9f6
[2018-02-09 11:35:56,047 INFO Engine] Artifacts dir: /Users/chefe02/Documents/Demo/GIT/BlazeDemo/2018-02-09_11-35-56.047808
[2018-02-09 11:35:56,048 DEBUG Engine] New artifact filename: /Users/chefe02/Documents/Demo/GIT/BlazeDemo/2018-02-09_11-35-56.047808/effective
[2018-02-09 11:35:56,050 DEBUG Engine.Configuration] Dumping YAML config into /Users/chefe02/Documents/Demo/GIT/BlazeDemo/2018-02-09_11-35-56.047808/effective.yml
[2018-02-09 11:35:56,076 DEBUG Engine.Configuration] Dumping JSON config into /Users/chefe02/Documents/Demo/GIT/BlazeDemo/2018-02-09_11-35-56.047808/effective.json
[2018-02-09 11:35:56,077 DEBUG Engine] New artifact filename: /Users/chefe02/Documents/Demo/GIT/BlazeDemo/2018-02-09_11-35-56.047808/merged.yml
[2018-02-09 11:35:56,078 DEBUG Engine.Configuration] Dumping YAML config into /Users/chefe02/Documents/Demo/GIT/BlazeDemo/2018-02-09_11-35-56.047808/merged.yml
[2018-02-09 11:35:56,084 DEBUG Engine] New artifact filename: /Users/chefe02/Documents/Demo/GIT/BlazeDemo/2018-02-09_11-35-56.047808/merged.json
[2018-02-09 11:35:56,085 DEBUG Engine.Configuration] Dumping JSON config into /Users/chefe02/Documents/Demo/GIT/BlazeDemo/2018-02-09_11-35-56.047808/merged.json
[2018-02-09 11:35:56,085 DEBUG Engine] Add existing artifact (move=False): blazedemo_confirmation.yml
[2018-02-09 11:35:56,086 DEBUG Engine] Copying blazedemo_confirmation.yml to /Users/chefe02/Documents/Demo/GIT/BlazeDemo/2018-02-09_11-35-56.047808/blazedemo_confirmation.yml
[2018-02-09 11:35:56,086 DEBUG root] Closing log handler: /var/folders/5f/vzk4zj_95sndkt7khp6l85jhnvgy8l/T/bzt_q3uyXU.log
[2018-02-09 11:35:56,097 DEBUG root] Switched writing logs to /Users/chefe02/Documents/Demo/GIT/BlazeDemo/2018-02-09_11-35-56.047808/bzt.log
[2018-02-09 11:35:56,097 INFO Engine] Preparing...
[2018-02-09 11:35:56,098 DEBUG Engine] Module config: consolidator defaultdict(None, {'class': 'bzt.modules.aggregator.ConsolidatingAggregator'})
[2018-02-09 11:35:56,098 DEBUG root] Importing module: bzt.modules.aggregator
[2018-02-09 11:35:56,156 DEBUG root] Loading class: 'ConsolidatingAggregator' from <module 'bzt.modules.aggregator' from '/usr/local/Cellar/bzt/1.10.3/libexec/lib/python2.7/site-packages/bzt/modules/aggregator.pyc'>
[2018-02-09 11:35:56,156 DEBUG Engine.consolidator] Exception in dehumanize_time(inf)
[2018-02-09 11:35:56,156 DEBUG Engine.consolidator] Buffer scaling setup: percentile 95.0 from [0.0, 50.0, 90.0, 95.0, 99.0, 99.9, 100.0] selected
[2018-02-09 11:35:56,156 DEBUG Engine] Module config: monitoring defaultdict(None, {'class': 'bzt.modules.monitoring.Monitoring'})
[2018-02-09 11:35:56,156 DEBUG root] Importing module: bzt.modules.monitoring
[2018-02-09 11:35:56,159 DEBUG root] Loading class: 'Monitoring' from <module 'bzt.modules.monitoring' from '/usr/local/Cellar/bzt/1.10.3/libexec/lib/python2.7/site-packages/bzt/modules/monitoring.pyc'>
[2018-02-09 11:35:56,159 DEBUG Engine] Module config: local defaultdict(None, {'class': 'bzt.modules.provisioning.Local'})
[2018-02-09 11:35:56,159 DEBUG root] Importing module: bzt.modules.provisioning
[2018-02-09 11:35:56,159 DEBUG root] Loading class: 'Local' from <module 'bzt.modules.provisioning' from '/usr/local/Cellar/bzt/1.10.3/libexec/lib/python2.7/site-packages/bzt/modules/provisioning.pyc'>
[2018-02-09 11:35:56,159 DEBUG Engine] Module config: jmeter defaultdict(None, {'properties': defaultdict(None, {'jmeter.save.saveservice.autoflush': 'true', 'jmeter.save.saveservice.connect_time': 'true', 'summariser.name': '', 'jmeterengine.force.system.exit': 'true'}), 'class': 'bzt.modules.jmeter.JMeterExecutor', 'plugins': ['jpgc-casutg', 'jpgc-dummy', 'jpgc-ffw', 'jpgc-fifo', 'jpgc-functions', 'jpgc-json', 'jpgc-perfmon', 'jpgc-prmctl', 'jpgc-tst']})
[2018-02-09 11:35:56,159 DEBUG root] Importing module: bzt.modules.jmeter
[2018-02-09 11:35:56,173 DEBUG root] Loading class: 'JMeterExecutor' from <module 'bzt.modules.jmeter' from '/usr/local/Cellar/bzt/1.10.3/libexec/lib/python2.7/site-packages/bzt/modules/jmeter.pyc'>
[2018-02-09 11:35:56,174 DEBUG Engine.local] Preparing executor: jmeter/4542010128
[2018-02-09 11:35:56,174 DEBUG Engine] New artifact filename: /Users/chefe02/Documents/Demo/GIT/BlazeDemo/2018-02-09_11-35-56.047808/jmeter.log
[2018-02-09 11:35:56,174 DEBUG Engine.jmeter] Checking if port 4445 is free
[2018-02-09 11:35:56,175 DEBUG Engine.jmeter] Port 4445 is free
[2018-02-09 11:35:56,175 DEBUG Engine.jmeter] Using port 4445 for management
[2018-02-09 11:35:56,175 DEBUG Engine.jmeter.JavaVM] Trying JavaVM: ['java', '-version']
[2018-02-09 11:35:56,405 DEBUG Engine.jmeter.JavaVM] JavaVM output: java version "1.8.0_151"
Java(TM) SE Runtime Environment (build 1.8.0_151-b12)
Java HotSpot(TM) 64-Bit Server VM (build 25.151-b12, mixed mode)

[2018-02-09 11:35:56,405 DEBUG Engine.jmeter.TclLibrary] We don't need to check tcl library on this platform
[2018-02-09 11:35:56,406 DEBUG Engine.jmeter.JMeter] Trying jmeter: /Users/chefe02/.bzt/jmeter-taurus/3.3/bin/jmeter.sh
[2018-02-09 11:35:56,406 DEBUG bzt.utils] Executing shell: ['/Users/chefe02/.bzt/jmeter-taurus/3.3/bin/jmeter.sh', '-j', '/var/folders/5f/vzk4zj_95sndkt7khp6l85jhnvgy8l/T/jmeterBRxFwwlog', '--version'] at .
[2018-02-09 11:35:56,733 DEBUG Engine] Taurus updates info: {"latest":"1.10.5","needsUpgrade":true}
[2018-02-09 11:35:56,733 WARNING Engine] There is newer version of Taurus 1.10.5 available, consider upgrading. What's new: http://gettaurus.org/docs/Changelog/
[2018-02-09 11:35:58,674 DEBUG Engine.jmeter.JMeter] JMeter check:     _    ____   _    ____ _   _ _____       _ __  __ _____ _____ _____ ____     
   / \  |  _ \ / \  / ___| | | | ____|     | |  \/  | ____|_   _| ____|  _ \   
  / _ \ | |_) / _ \| |   | |_| |  _|    _  | | |\/| |  _|   | | |  _| | |_) | 
 / ___ \|  __/ ___ \ |___|  _  | |___  | |_| | |  | | |___  | | | |___|  _ <  
/_/   \_\_| /_/   \_\____|_| |_|_____|  \___/|_|  |_|_____| |_| |_____|_| \_\ 3.3 r1808647  

Copyright (c) 1999-2017 The Apache Software Foundation

 / None
[2018-02-09 11:35:58,675 DEBUG Engine] New artifact filename: /Users/chefe02/Documents/Demo/GIT/BlazeDemo/2018-02-09_11-35-56.047808/requests.jmx
[2018-02-09 11:35:58,683 DEBUG JMeterScenarioBuilder] Saving JMX to: /Users/chefe02/Documents/Demo/GIT/BlazeDemo/2018-02-09_11-35-56.047808/requests.jmx
[2018-02-09 11:35:58,685 DEBUG bzt.utils] Executing shell: ['/Users/chefe02/.bzt/jmeter-taurus/3.3/bin/PluginsManagerCMD.sh', 'install-for-jmx', '/Users/chefe02/Documents/Demo/GIT/BlazeDemo/2018-02-09_11-35-56.047808/requests.jmx'] at .
[2018-02-09 11:36:01,551 DEBUG Engine.jmeter.JMeter] Try to detect plugins for /Users/chefe02/Documents/Demo/GIT/BlazeDemo/2018-02-09_11-35-56.047808/requests.jmx
11:36:00.562 [main] INFO  org.jmeterplugins.repository.PluginManager - Plugins Status: [jpgc-graphs-basic=2.0, jpgc-functions=2.0, jpgc-casutg=2.5, jpgc-dummy=0.2, jpgc-ffw=2.0, jpgc-fifo=0.2, jpgc-json=2.6, jpgc-prmctl=0.3, jpgc-perfmon=2.1, jpgc-plugins-manager=0.19, jpgc-tst=2.1, jmeter-core=3.3, jmeter-ftp=3.3, jmeter-http=3.3, jmeter-jdbc=3.3, jmeter-jms=3.3, jmeter-junit=3.3, jmeter-java=3.3, jmeter-ldap=3.3, jmeter-mail=3.3, jmeter-mongodb=3.3, jmeter-native=3.3, jmeter-tcp=3.3, jmeter-components=3.3, jpgc-standard=2.0]
2018-02-09 11:36:00,562 INFO o.j.r.PluginManager: Plugins Status: [jpgc-graphs-basic=2.0, jpgc-functions=2.0, jpgc-casutg=2.5, jpgc-dummy=0.2, jpgc-ffw=2.0, jpgc-fifo=0.2, jpgc-json=2.6, jpgc-prmctl=0.3, jpgc-perfmon=2.1, jpgc-plugins-manager=0.19, jpgc-tst=2.1, jmeter-core=3.3, jmeter-ftp=3.3, jmeter-http=3.3, jmeter-jdbc=3.3, jmeter-jms=3.3, jmeter-junit=3.3, jmeter-java=3.3, jmeter-ldap=3.3, jmeter-mail=3.3, jmeter-mongodb=3.3, jmeter-native=3.3, jmeter-tcp=3.3, jmeter-components=3.3, jpgc-standard=2.0]
11:36:00.917 [main] INFO  org.apache.jmeter.save.SaveService - Testplan (JMX) version: 2.2. Testlog (JTL) version: 2.2
2018-02-09 11:36:00,917 INFO o.a.j.s.SaveService: Testplan (JMX) version: 2.2. Testlog (JTL) version: 2.2
11:36:00.943 [main] INFO  org.apache.jmeter.save.SaveService - Using SaveService properties file encoding UTF-8
2018-02-09 11:36:00,943 INFO o.a.j.s.SaveService: Using SaveService properties file encoding UTF-8
11:36:00.946 [main] INFO  org.apache.jmeter.save.SaveService - Using SaveService properties version 3.2
2018-02-09 11:36:00,946 INFO o.a.j.s.SaveService: Using SaveService properties version 3.2
11:36:00.997 [main] INFO  org.apache.jmeter.protocol.http.control.CacheManager - Will only cache the following methods: [GET]
2018-02-09 11:36:00,997 INFO o.a.j.p.h.c.CacheManager: Will only cache the following methods: [GET]
11:36:00.999 [main] INFO  org.apache.jmeter.protocol.http.control.CookieManager - Settings: Delete null: true Check: true Allow variable: true Save: false Prefix: COOKIE_
2018-02-09 11:36:00,999 INFO o.a.j.p.h.c.CookieManager: Settings: Delete null: true Check: true Allow variable: true Save: false Prefix: COOKIE_
11:36:01.122 [main] INFO  org.jmeterplugins.repository.PluginManager - Restarting JMeter...
2018-02-09 11:36:01,122 INFO o.j.r.PluginManager: Restarting JMeter...
11:36:01.124 [Thread-1] INFO  org.jmeterplugins.repository.PluginManager - Starting JMeter Plugins modifications
2018-02-09 11:36:01,124 INFO o.j.r.PluginManager: Starting JMeter Plugins modifications

ERROR StatusLogger No log4j2 configuration file found. Using default configuration: logging only errors to the console. Set system property 'org.apache.logging.log4j.simplelog.StatusLogger.level' to TRACE to show Log4j2 internal initialization logging.

[2018-02-09 11:36:01,552 DEBUG Engine.jmeter] Load: LoadSpec(concurrency=1, throughput=None, ramp_up=300.0, hold=600.0, iterations=0, duration=900.0, steps=None)
[2018-02-09 11:36:01,560 DEBUG Engine.jmeter.LoadSettingsProcessor.ThreadGroupHandler] Converting ThreadGroup (BlazeDemo_confirmation) to ConcurrencyThreadGroup and apply load parameters
[2018-02-09 11:36:01,561 DEBUG Engine] New artifact filename: /Users/chefe02/Documents/Demo/GIT/BlazeDemo/2018-02-09_11-35-56.047808/kpi.jtl
[2018-02-09 11:36:01,561 DEBUG Engine] New artifact filename: /Users/chefe02/Documents/Demo/GIT/BlazeDemo/2018-02-09_11-35-56.047808/error.jtl
[2018-02-09 11:36:01,562 DEBUG Engine] New artifact filename: /Users/chefe02/Documents/Demo/GIT/BlazeDemo/2018-02-09_11-35-56.047808/modified_requests.jmx
[2018-02-09 11:36:01,562 DEBUG JMX] Saving JMX to: /Users/chefe02/Documents/Demo/GIT/BlazeDemo/2018-02-09_11-35-56.047808/modified_requests.jmx
[2018-02-09 11:36:01,563 DEBUG Engine.jmeter] Additional properties: defaultdict(None, {'jmeter.save.saveservice.autoflush': 'true', 'jmeter.save.saveservice.connect_time': 'true', 'user.classpath': '/Users/chefe02/Documents/Demo/GIT/BlazeDemo/2018-02-09_11-35-56.047808:/Users/chefe02/Documents/Demo/GIT/BlazeDemo/2018-02-09_11-35-56.047808', 'sampleresult.default.encoding': 'UTF-8', 'summariser.name': '', 'jmeterengine.force.system.exit': 'true', 'jmeter.save.saveservice.timestamp_format': 'ms', 'jmeterengine.nongui.maxport': 4445, 'jmeterengine.nongui.port': 4445})
[2018-02-09 11:36:01,563 DEBUG Engine] New artifact filename: /Users/chefe02/Documents/Demo/GIT/BlazeDemo/2018-02-09_11-35-56.047808/jmeter-bzt.properties
[2018-02-09 11:36:01,563 DEBUG Engine.jmeter] Additional system properties defaultdict(None, {'sun.net.inetaddr.ttl': 0})
[2018-02-09 11:36:01,563 DEBUG Engine] New artifact filename: /Users/chefe02/Documents/Demo/GIT/BlazeDemo/2018-02-09_11-35-56.047808/system.properties
[2018-02-09 11:36:01,564 DEBUG Engine] New artifact filename: /Users/chefe02/Documents/Demo/GIT/BlazeDemo/2018-02-09_11-35-56.047808/jmeter.out
[2018-02-09 11:36:01,564 DEBUG Engine] New artifact filename: /Users/chefe02/Documents/Demo/GIT/BlazeDemo/2018-02-09_11-35-56.047808/jmeter.err
[2018-02-09 11:36:01,564 DEBUG Engine] Module config: final-stats defaultdict(None, {'class': 'bzt.modules.reporting.FinalStatus'})
[2018-02-09 11:36:01,564 DEBUG root] Importing module: bzt.modules.reporting
[2018-02-09 11:36:01,691 DEBUG easyprocess] version=0.2.3
[2018-02-09 11:36:01,697 DEBUG pyvirtualdisplay] version=0.2.1
[2018-02-09 11:36:01,698 DEBUG root] Loading class: 'FinalStatus' from <module 'bzt.modules.reporting' from '/usr/local/Cellar/bzt/1.10.3/libexec/lib/python2.7/site-packages/bzt/modules/reporting.pyc'>
[2018-02-09 11:36:01,699 DEBUG Engine] Module config: console defaultdict(None, {'class': 'bzt.modules.console.ConsoleStatusReporter'})
[2018-02-09 11:36:01,699 DEBUG root] Importing module: bzt.modules.console
[2018-02-09 11:36:01,699 DEBUG root] Loading class: 'ConsoleStatusReporter' from <module 'bzt.modules.console' from '/usr/local/Cellar/bzt/1.10.3/libexec/lib/python2.7/site-packages/bzt/modules/console.pyc'>
[2018-02-09 11:36:01,707 DEBUG Engine.Configuration] Dumping YAML config into /Users/chefe02/Documents/Demo/GIT/BlazeDemo/2018-02-09_11-35-56.047808/effective.yml
[2018-02-09 11:36:01,744 DEBUG Engine.Configuration] Dumping JSON config into /Users/chefe02/Documents/Demo/GIT/BlazeDemo/2018-02-09_11-35-56.047808/effective.json
[2018-02-09 11:36:01,745 INFO Engine] Starting...
[2018-02-09 11:36:01,745 DEBUG Engine] Startup <bzt.modules.monitoring.Monitoring object at 0x10e7ed590>
[2018-02-09 11:36:01,746 DEBUG Engine] Startup <bzt.modules.aggregator.ConsolidatingAggregator object at 0x10e7a3d90>
[2018-02-09 11:36:01,746 DEBUG Engine] Startup <bzt.modules.reporting.FinalStatus object at 0x10e7e17d0>
[2018-02-09 11:36:01,746 DEBUG Engine] Startup <bzt.modules.console.ConsoleStatusReporter object at 0x10f294210>
[2018-02-09 11:36:01,746 INFO Engine.console] Waiting for results...
[2018-02-09 11:36:01,746 DEBUG Engine] Startup <bzt.modules.reporting.FinalStatus object at 0x10f294310>
[2018-02-09 11:36:01,746 DEBUG Engine] Startup <bzt.modules.provisioning.Local object at 0x10e7a3ed0>
[2018-02-09 11:36:01,746 DEBUG Engine.local] Delay setup for jmeter/BlazeDemo_confirmation: 0(start-at) + 0(delay) = 0
[2018-02-09 11:36:01,748 DEBUG Engine.Configuration] Dumping YAML config into /Users/chefe02/Documents/Demo/GIT/BlazeDemo/2018-02-09_11-35-56.047808/effective.yml
[2018-02-09 11:36:01,784 DEBUG Engine.Configuration] Dumping JSON config into /Users/chefe02/Documents/Demo/GIT/BlazeDemo/2018-02-09_11-35-56.047808/effective.json
[2018-02-09 11:36:01,785 DEBUG root] Leveling down log file verbosity, use -v option to have DEBUG messages enabled
[2018-02-09 11:36:01,785 DEBUG root] Leveled up log file verbosity
[2018-02-09 11:36:01,785 DEBUG Engine.jmeter] Executing shell from /Users/chefe02/Documents/Demo/GIT/BlazeDemo: ['/Users/chefe02/.bzt/jmeter-taurus/3.3/bin/jmeter.sh', '-n', '-t', '/Users/chefe02/Documents/Demo/GIT/BlazeDemo/2018-02-09_11-35-56.047808/modified_requests.jmx', '-j', '/Users/chefe02/Documents/Demo/GIT/BlazeDemo/2018-02-09_11-35-56.047808/jmeter.log', '-q', '/Users/chefe02/Documents/Demo/GIT/BlazeDemo/2018-02-09_11-35-56.047808/jmeter-bzt.properties', '-S', '/Users/chefe02/Documents/Demo/GIT/BlazeDemo/2018-02-09_11-35-56.047808/system.properties']
[2018-02-09 11:36:01,785 DEBUG bzt.utils] Executing shell: ['/Users/chefe02/.bzt/jmeter-taurus/3.3/bin/jmeter.sh', '-n', '-t', '/Users/chefe02/Documents/Demo/GIT/BlazeDemo/2018-02-09_11-35-56.047808/modified_requests.jmx', '-j', '/Users/chefe02/Documents/Demo/GIT/BlazeDemo/2018-02-09_11-35-56.047808/jmeter.log', '-q', '/Users/chefe02/Documents/Demo/GIT/BlazeDemo/2018-02-09_11-35-56.047808/jmeter-bzt.properties', '-S', '/Users/chefe02/Documents/Demo/GIT/BlazeDemo/2018-02-09_11-35-56.047808/system.properties'] at /Users/chefe02/Documents/Demo/GIT/BlazeDemo
[2018-02-09 11:36:01,793 DEBUG root] Leveling down log file verbosity, use -v option to have DEBUG messages enabled
[2018-02-09 11:36:02,002 INFO Engine.console] Waiting for finish...
[2018-02-09 11:38:17,651 WARNING Engine] Please wait for graceful shutdown...
[2018-02-09 11:38:17,655 DEBUG root] Leveled up log file verbosity
[2018-02-09 11:38:17,655 INFO Engine] Shutting down...
[2018-02-09 11:38:17,657 DEBUG Engine.local] Shutdown jmeter/BlazeDemo_confirmation
[2018-02-09 11:38:18,661 INFO Engine.jmeter] Sending Shutdown command to JMeter on port 4445...
[2018-02-09 11:38:19,667 DEBUG Engine.jmeter] JMeter stopped on Shutdown command
[2018-02-09 11:38:19,667 DEBUG Engine.console] Restoring logging streams, [<logging.StreamHandler object at 0x10e0acd10>]/{<logging.StreamHandler object at 0x10e0acd10>: <open file '<stdout>', mode 'w' at 0x10d772150>}
[2018-02-09 11:38:19,671 DEBUG Engine.Configuration] Dumping YAML config into /Users/chefe02/Documents/Demo/GIT/BlazeDemo/2018-02-09_11-35-56.047808/effective.yml
[2018-02-09 11:38:19,714 DEBUG Engine.Configuration] Dumping JSON config into /Users/chefe02/Documents/Demo/GIT/BlazeDemo/2018-02-09_11-35-56.047808/effective.json
[2018-02-09 11:38:19,716 WARNING root] Keyboard interrupt
[2018-02-09 11:38:19,716 DEBUG root] KeyboardInterrupt: 
Traceback (most recent call last):
  File "/usr/local/Cellar/bzt/1.10.3/libexec/lib/python2.7/site-packages/bzt/cli.py", line 225, in perform
    self.engine.run()
  File "/usr/local/Cellar/bzt/1.10.3/libexec/lib/python2.7/site-packages/bzt/engine.py", line 202, in run
    reraise(exc_info)
  File "/usr/local/Cellar/bzt/1.10.3/libexec/lib/python2.7/site-packages/bzt/engine.py", line 184, in run
    self._wait()
  File "/usr/local/Cellar/bzt/1.10.3/libexec/lib/python2.7/site-packages/bzt/engine.py", line 227, in _wait
    time.sleep(delay)
KeyboardInterrupt
[2018-02-09 11:38:19,717 INFO Engine] Post-processing...
[2018-02-09 11:38:19,717 DEBUG Engine.local] Post-process jmeter/BlazeDemo_confirmation
[2018-02-09 11:38:19,717 DEBUG Engine] Add existing artifact (move=True): /Users/chefe02/Documents/Demo/GIT/BlazeDemo/2018-02-09_11-35-56.047808/modified_requests.jmx
[2018-02-09 11:38:19,717 DEBUG Engine] No need to copy /Users/chefe02/Documents/Demo/GIT/BlazeDemo/2018-02-09_11-35-56.047808/modified_requests.jmx
[2018-02-09 11:38:19,729 DEBUG Engine.local] Exception in post_process of JMeterExecutor: Empty results, most likely BlazeDemo_confirmation (JMeterExecutor) failed. Actual reason for this can be found in logs under /Users/chefe02/Documents/Demo/GIT/BlazeDemo/2018-02-09_11-35-56.047808
JMeter STDOUT:
Created the tree successfully using /Users/chefe02/Documents/Demo/GIT/BlazeDemo/2018-02-09_11-35-56.047808/modified_requests.jmx
Starting the test @ Fri Feb 09 11:36:02 PST 2018 (1518204962925)
Waiting for possible Shutdown/StopTestNow/Heapdump message on port 4445
Command: Shutdown received from /127.0.0.1
Tidying up ...    @ Fri Feb 09 11:38:18 PST 2018 (1518205098703)
... end of run
JMeter log:
2018-02-09 11:36:02,647 INFO o.a.j.u.JMeterUtils: Setting Locale to en_US
2018-02-09 11:36:02,657 INFO o.a.j.JMeter: Loading user properties from: /Users/chefe02/.bzt/jmeter-taurus/3.3/bin/user.properties
2018-02-09 11:36:02,658 INFO o.a.j.JMeter: Loading system properties from: /Users/chefe02/.bzt/jmeter-taurus/3.3/bin/system.properties
2018-02-09 11:36:02,658 INFO o.a.j.JMeter: Setting System properties from file: /Users/chefe02/Documents/Demo/GIT/BlazeDemo/2018-02-09_11-35-56.047808/system.properties
2018-02-09 11:36:02,662 INFO o.a.j.JMeter: Copyright (c) 1998-2017 The Apache Software Foundation
2018-02-09 11:36:02,662 INFO o.a.j.JMeter: Version 3.3 r1808647
2018-02-09 11:36:02,662 INFO o.a.j.JMeter: java.version=1.8.0_151
2018-02-09 11:36:02,662 INFO o.a.j.JMeter: java.vm.name=Java HotSpot(TM) 64-Bit Server VM
2018-02-09 11:36:02,662 INFO o.a.j.JMeter: os.name=Mac OS X
2018-02-09 11:36:02,662 INFO o.a.j.JMeter: os.arch=x86_64
2018-02-09 11:36:02,662 INFO o.a.j.JMeter: os.version=10.12.6
2018-02-09 11:36:02,662 INFO o.a.j.JMeter: file.encoding=UTF-8
2018-02-09 11:36:02,663 INFO o.a.j.JMeter: Max memory     =3817865216
2018-02-09 11:36:02,663 INFO o.a.j.JMeter: Available Processors =8
2018-02-09 11:36:02,666 INFO o.a.j.JMeter: Default Locale=English (United States)
2018-02-09 11:36:02,666 INFO o.a.j.JMeter: JMeter  Locale=English (United States)
2018-02-09 11:36:02,666 INFO o.a.j.JMeter: JMeterHome=/Users/chefe02/.bzt/jmeter-taurus/3.3
2018-02-09 11:36:02,666 INFO o.a.j.JMeter: user.dir  =/Users/chefe02/Documents/Demo/GIT/BlazeDemo
2018-02-09 11:36:02,666 INFO o.a.j.JMeter: PWD       =/Users/chefe02/Documents/Demo/GIT/BlazeDemo
2018-02-09 11:36:02,667 INFO o.a.j.JMeter: IP: 10.137.178.138 Name: chefe02mac947 FullName: chefe02mac947.ca.com
2018-02-09 11:36:02,668 INFO o.a.j.JMeter: user.classpath=/Users/chefe02/Documents/Demo/GIT/BlazeDemo/2018-02-09_11-35-56.047808:/Users/chefe02/Documents/Demo/GIT/BlazeDemo/2018-02-09_11-35-56.047808
2018-02-09 11:36:02,668 INFO o.a.j.JMeter: Adding to classpath and loader: /Users/chefe02/Documents/Demo/GIT/BlazeDemo/2018-02-09_11-35-56.047808
2018-02-09 11:36:02,668 INFO o.a.j.JMeter: Adding to classpath and loader: /Users/chefe02/Documents/Demo/GIT/BlazeDemo/2018-02-09_11-35-56.047808
2018-02-09 11:36:02,671 INFO o.a.j.s.FileServer: Default base='/Users/chefe02/Documents/Demo/GIT/BlazeDemo'
2018-02-09 11:36:02,671 INFO o.a.j.s.FileServer: Set new base='/Users/chefe02/Documents/Demo/GIT/BlazeDemo/2018-02-09_11-35-56.047808'
2018-02-09 11:36:02,787 INFO o.a.j.s.SaveService: Testplan (JMX) version: 2.2. Testlog (JTL) version: 2.2
2018-02-09 11:36:02,801 INFO o.a.j.s.SaveService: Using SaveService properties file encoding UTF-8
2018-02-09 11:36:02,805 INFO o.a.j.s.SaveService: Using SaveService properties version 3.2
2018-02-09 11:36:02,810 INFO o.a.j.s.SaveService: Loading file: /Users/chefe02/Documents/Demo/GIT/BlazeDemo/2018-02-09_11-35-56.047808/modified_requests.jmx
2018-02-09 11:36:02,882 INFO o.a.j.p.h.c.CacheManager: Will only cache the following methods: [GET]
2018-02-09 11:36:02,884 INFO o.a.j.p.h.c.CookieManager: Settings: Delete null: true Check: true Allow variable: true Save: false Prefix: COOKIE_
2018-02-09 11:36:02,899 INFO o.a.j.p.h.s.HTTPSamplerBase: Parser for text/html is org.apache.jmeter.protocol.http.parser.LagartoBasedHtmlParser
2018-02-09 11:36:02,899 INFO o.a.j.p.h.s.HTTPSamplerBase: Parser for application/xhtml+xml is org.apache.jmeter.protocol.http.parser.LagartoBasedHtmlParser
2018-02-09 11:36:02,899 INFO o.a.j.p.h.s.HTTPSamplerBase: Parser for application/xml is org.apache.jmeter.protocol.http.parser.LagartoBasedHtmlParser
2018-02-09 11:36:02,900 INFO o.a.j.p.h.s.HTTPSamplerBase: Parser for text/xml is org.apache.jmeter.protocol.http.parser.LagartoBasedHtmlParser
2018-02-09 11:36:02,900 INFO o.a.j.p.h.s.HTTPSamplerBase: Parser for text/vnd.wap.wml is org.apache.jmeter.protocol.http.parser.RegexpHTMLParser
2018-02-09 11:36:02,900 INFO o.a.j.p.h.s.HTTPSamplerBase: Parser for text/css is org.apache.jmeter.protocol.http.parser.CssParser
2018-02-09 11:36:02,926 INFO o.a.j.e.StandardJMeterEngine: Running the test!
2018-02-09 11:36:02,926 INFO o.a.j.s.SampleEvent: List of sample_variables: []
2018-02-09 11:36:02,926 INFO o.a.j.s.SampleEvent: List of sample_variables: []
2018-02-09 11:36:02,929 INFO o.a.j.e.u.CompoundVariable: Note: Function class names must contain the string: '.functions.'
2018-02-09 11:36:02,929 INFO o.a.j.e.u.CompoundVariable: Note: Function class names must not contain the string: '.gui.'
2018-02-09 11:36:03,314 INFO o.a.j.JMeter: Running test (1518204963314)
2018-02-09 11:36:03,357 INFO o.a.j.e.StandardJMeterEngine: Starting ThreadGroup: 1 : BlazeDemo_confirmation
2018-02-09 11:36:03,357 INFO o.a.j.e.StandardJMeterEngine: Starting 1 threads for group BlazeDemo_confirmation.
2018-02-09 11:36:03,358 INFO o.a.j.e.StandardJMeterEngine: Thread will continue on error
2018-02-09 11:36:03,361 INFO o.a.j.e.StandardJMeterEngine: All thread groups have been started
2018-02-09 11:36:03,361 INFO c.b.j.t.c.ConcurrencyThreadStarter: Start supplying threads
2018-02-09 11:38:18,672 INFO o.a.j.JMeter: Command: Shutdown received from /127.0.0.1
2018-02-09 11:38:18,673 INFO c.b.j.t.c.ConcurrencyThreadStarter: Done supplying threads
2018-02-09 11:38:18,702 INFO o.a.j.e.StandardJMeterEngine: Notifying test listeners of end of test
2018-02-09 11:38:18,703 INFO o.a.j.e.StandardJMeterEngine: Forced JVM shutdown requested at end of test Traceback (most recent call last):
  File "/usr/local/Cellar/bzt/1.10.3/libexec/lib/python2.7/site-packages/bzt/modules/provisioning.py", line 168, in post_process
    raise ToolError(message, diagnostics)
ToolError: Empty results, most likely BlazeDemo_confirmation (JMeterExecutor) failed. Actual reason for this can be found in logs under /Users/chefe02/Documents/Demo/GIT/BlazeDemo/2018-02-09_11-35-56.047808
JMeter STDOUT:
Created the tree successfully using /Users/chefe02/Documents/Demo/GIT/BlazeDemo/2018-02-09_11-35-56.047808/modified_requests.jmx
Starting the test @ Fri Feb 09 11:36:02 PST 2018 (1518204962925)
Waiting for possible Shutdown/StopTestNow/Heapdump message on port 4445
Command: Shutdown received from /127.0.0.1
Tidying up ...    @ Fri Feb 09 11:38:18 PST 2018 (1518205098703)
... end of run
JMeter log:
2018-02-09 11:36:02,647 INFO o.a.j.u.JMeterUtils: Setting Locale to en_US
2018-02-09 11:36:02,657 INFO o.a.j.JMeter: Loading user properties from: /Users/chefe02/.bzt/jmeter-taurus/3.3/bin/user.properties
2018-02-09 11:36:02,658 INFO o.a.j.JMeter: Loading system properties from: /Users/chefe02/.bzt/jmeter-taurus/3.3/bin/system.properties
2018-02-09 11:36:02,658 INFO o.a.j.JMeter: Setting System properties from file: /Users/chefe02/Documents/Demo/GIT/BlazeDemo/2018-02-09_11-35-56.047808/system.properties
2018-02-09 11:36:02,662 INFO o.a.j.JMeter: Copyright (c) 1998-2017 The Apache Software Foundation
2018-02-09 11:36:02,662 INFO o.a.j.JMeter: Version 3.3 r1808647
2018-02-09 11:36:02,662 INFO o.a.j.JMeter: java.version=1.8.0_151
2018-02-09 11:36:02,662 INFO o.a.j.JMeter: java.vm.name=Java HotSpot(TM) 64-Bit Server VM
2018-02-09 11:36:02,662 INFO o.a.j.JMeter: os.name=Mac OS X
2018-02-09 11:36:02,662 INFO o.a.j.JMeter: os.arch=x86_64
2018-02-09 11:36:02,662 INFO o.a.j.JMeter: os.version=10.12.6
2018-02-09 11:36:02,662 INFO o.a.j.JMeter: file.encoding=UTF-8
2018-02-09 11:36:02,663 INFO o.a.j.JMeter: Max memory     =3817865216
2018-02-09 11:36:02,663 INFO o.a.j.JMeter: Available Processors =8
2018-02-09 11:36:02,666 INFO o.a.j.JMeter: Default Locale=English (United States)
2018-02-09 11:36:02,666 INFO o.a.j.JMeter: JMeter  Locale=English (United States)
2018-02-09 11:36:02,666 INFO o.a.j.JMeter: JMeterHome=/Users/chefe02/.bzt/jmeter-taurus/3.3
2018-02-09 11:36:02,666 INFO o.a.j.JMeter: user.dir  =/Users/chefe02/Documents/Demo/GIT/BlazeDemo
2018-02-09 11:36:02,666 INFO o.a.j.JMeter: PWD       =/Users/chefe02/Documents/Demo/GIT/BlazeDemo
2018-02-09 11:36:02,667 INFO o.a.j.JMeter: IP: 10.137.178.138 Name: chefe02mac947 FullName: chefe02mac947.ca.com
2018-02-09 11:36:02,668 INFO o.a.j.JMeter: user.classpath=/Users/chefe02/Documents/Demo/GIT/BlazeDemo/2018-02-09_11-35-56.047808:/Users/chefe02/Documents/Demo/GIT/BlazeDemo/2018-02-09_11-35-56.047808
2018-02-09 11:36:02,668 INFO o.a.j.JMeter: Adding to classpath and loader: /Users/chefe02/Documents/Demo/GIT/BlazeDemo/2018-02-09_11-35-56.047808
2018-02-09 11:36:02,668 INFO o.a.j.JMeter: Adding to classpath and loader: /Users/chefe02/Documents/Demo/GIT/BlazeDemo/2018-02-09_11-35-56.047808
2018-02-09 11:36:02,671 INFO o.a.j.s.FileServer: Default base='/Users/chefe02/Documents/Demo/GIT/BlazeDemo'
2018-02-09 11:36:02,671 INFO o.a.j.s.FileServer: Set new base='/Users/chefe02/Documents/Demo/GIT/BlazeDemo/2018-02-09_11-35-56.047808'
2018-02-09 11:36:02,787 INFO o.a.j.s.SaveService: Testplan (JMX) version: 2.2. Testlog (JTL) version: 2.2
2018-02-09 11:36:02,801 INFO o.a.j.s.SaveService: Using SaveService properties file encoding UTF-8
2018-02-09 11:36:02,805 INFO o.a.j.s.SaveService: Using SaveService properties version 3.2
2018-02-09 11:36:02,810 INFO o.a.j.s.SaveService: Loading file: /Users/chefe02/Documents/Demo/GIT/BlazeDemo/2018-02-09_11-35-56.047808/modified_requests.jmx
2018-02-09 11:36:02,882 INFO o.a.j.p.h.c.CacheManager: Will only cache the following methods: [GET]
2018-02-09 11:36:02,884 INFO o.a.j.p.h.c.CookieManager: Settings: Delete null: true Check: true Allow variable: true Save: false Prefix: COOKIE_
2018-02-09 11:36:02,899 INFO o.a.j.p.h.s.HTTPSamplerBase: Parser for text/html is org.apache.jmeter.protocol.http.parser.LagartoBasedHtmlParser
2018-02-09 11:36:02,899 INFO o.a.j.p.h.s.HTTPSamplerBase: Parser for application/xhtml+xml is org.apache.jmeter.protocol.http.parser.LagartoBasedHtmlParser
2018-02-09 11:36:02,899 INFO o.a.j.p.h.s.HTTPSamplerBase: Parser for application/xml is org.apache.jmeter.protocol.http.parser.LagartoBasedHtmlParser
2018-02-09 11:36:02,900 INFO o.a.j.p.h.s.HTTPSamplerBase: Parser for text/xml is org.apache.jmeter.protocol.http.parser.LagartoBasedHtmlParser
2018-02-09 11:36:02,900 INFO o.a.j.p.h.s.HTTPSamplerBase: Parser for text/vnd.wap.wml is org.apache.jmeter.protocol.http.parser.RegexpHTMLParser
2018-02-09 11:36:02,900 INFO o.a.j.p.h.s.HTTPSamplerBase: Parser for text/css is org.apache.jmeter.protocol.http.parser.CssParser
2018-02-09 11:36:02,926 INFO o.a.j.e.StandardJMeterEngine: Running the test!
2018-02-09 11:36:02,926 INFO o.a.j.s.SampleEvent: List of sample_variables: []
2018-02-09 11:36:02,926 INFO o.a.j.s.SampleEvent: List of sample_variables: []
2018-02-09 11:36:02,929 INFO o.a.j.e.u.CompoundVariable: Note: Function class names must contain the string: '.functions.'
2018-02-09 11:36:02,929 INFO o.a.j.e.u.CompoundVariable: Note: Function class names must not contain the string: '.gui.'
2018-02-09 11:36:03,314 INFO o.a.j.JMeter: Running test (1518204963314)
2018-02-09 11:36:03,357 INFO o.a.j.e.StandardJMeterEngine: Starting ThreadGroup: 1 : BlazeDemo_confirmation
2018-02-09 11:36:03,357 INFO o.a.j.e.StandardJMeterEngine: Starting 1 threads for group BlazeDemo_confirmation.
2018-02-09 11:36:03,358 INFO o.a.j.e.StandardJMeterEngine: Thread will continue on error
2018-02-09 11:36:03,361 INFO o.a.j.e.StandardJMeterEngine: All thread groups have been started
2018-02-09 11:36:03,361 INFO c.b.j.t.c.ConcurrencyThreadStarter: Start supplying threads
2018-02-09 11:38:18,672 INFO o.a.j.JMeter: Command: Shutdown received from /127.0.0.1
2018-02-09 11:38:18,673 INFO c.b.j.t.c.ConcurrencyThreadStarter: Done supplying threads
2018-02-09 11:38:18,702 INFO o.a.j.e.StandardJMeterEngine: Notifying test listeners of end of test
2018-02-09 11:38:18,703 INFO o.a.j.e.StandardJMeterEngine: Forced JVM shutdown requested at end of test

[2018-02-09 11:38:19,729 DEBUG Engine] post_process: Empty results, most likely BlazeDemo_confirmation (JMeterExecutor) failed. Actual reason for this can be found in logs under /Users/chefe02/Documents/Demo/GIT/BlazeDemo/2018-02-09_11-35-56.047808
JMeter STDOUT:
Created the tree successfully using /Users/chefe02/Documents/Demo/GIT/BlazeDemo/2018-02-09_11-35-56.047808/modified_requests.jmx
Starting the test @ Fri Feb 09 11:36:02 PST 2018 (1518204962925)
Waiting for possible Shutdown/StopTestNow/Heapdump message on port 4445
Command: Shutdown received from /127.0.0.1
Tidying up ...    @ Fri Feb 09 11:38:18 PST 2018 (1518205098703)
... end of run
JMeter log:
2018-02-09 11:36:02,647 INFO o.a.j.u.JMeterUtils: Setting Locale to en_US
2018-02-09 11:36:02,657 INFO o.a.j.JMeter: Loading user properties from: /Users/chefe02/.bzt/jmeter-taurus/3.3/bin/user.properties
2018-02-09 11:36:02,658 INFO o.a.j.JMeter: Loading system properties from: /Users/chefe02/.bzt/jmeter-taurus/3.3/bin/system.properties
2018-02-09 11:36:02,658 INFO o.a.j.JMeter: Setting System properties from file: /Users/chefe02/Documents/Demo/GIT/BlazeDemo/2018-02-09_11-35-56.047808/system.properties
2018-02-09 11:36:02,662 INFO o.a.j.JMeter: Copyright (c) 1998-2017 The Apache Software Foundation
2018-02-09 11:36:02,662 INFO o.a.j.JMeter: Version 3.3 r1808647
2018-02-09 11:36:02,662 INFO o.a.j.JMeter: java.version=1.8.0_151
2018-02-09 11:36:02,662 INFO o.a.j.JMeter: java.vm.name=Java HotSpot(TM) 64-Bit Server VM
2018-02-09 11:36:02,662 INFO o.a.j.JMeter: os.name=Mac OS X
2018-02-09 11:36:02,662 INFO o.a.j.JMeter: os.arch=x86_64
2018-02-09 11:36:02,662 INFO o.a.j.JMeter: os.version=10.12.6
2018-02-09 11:36:02,662 INFO o.a.j.JMeter: file.encoding=UTF-8
2018-02-09 11:36:02,663 INFO o.a.j.JMeter: Max memory     =3817865216
2018-02-09 11:36:02,663 INFO o.a.j.JMeter: Available Processors =8
2018-02-09 11:36:02,666 INFO o.a.j.JMeter: Default Locale=English (United States)
2018-02-09 11:36:02,666 INFO o.a.j.JMeter: JMeter  Locale=English (United States)
2018-02-09 11:36:02,666 INFO o.a.j.JMeter: JMeterHome=/Users/chefe02/.bzt/jmeter-taurus/3.3
2018-02-09 11:36:02,666 INFO o.a.j.JMeter: user.dir  =/Users/chefe02/Documents/Demo/GIT/BlazeDemo
2018-02-09 11:36:02,666 INFO o.a.j.JMeter: PWD       =/Users/chefe02/Documents/Demo/GIT/BlazeDemo
2018-02-09 11:36:02,667 INFO o.a.j.JMeter: IP: 10.137.178.138 Name: chefe02mac947 FullName: chefe02mac947.ca.com
2018-02-09 11:36:02,668 INFO o.a.j.JMeter: user.classpath=/Users/chefe02/Documents/Demo/GIT/BlazeDemo/2018-02-09_11-35-56.047808:/Users/chefe02/Documents/Demo/GIT/BlazeDemo/2018-02-09_11-35-56.047808
2018-02-09 11:36:02,668 INFO o.a.j.JMeter: Adding to classpath and loader: /Users/chefe02/Documents/Demo/GIT/BlazeDemo/2018-02-09_11-35-56.047808
2018-02-09 11:36:02,668 INFO o.a.j.JMeter: Adding to classpath and loader: /Users/chefe02/Documents/Demo/GIT/BlazeDemo/2018-02-09_11-35-56.047808
2018-02-09 11:36:02,671 INFO o.a.j.s.FileServer: Default base='/Users/chefe02/Documents/Demo/GIT/BlazeDemo'
2018-02-09 11:36:02,671 INFO o.a.j.s.FileServer: Set new base='/Users/chefe02/Documents/Demo/GIT/BlazeDemo/2018-02-09_11-35-56.047808'
2018-02-09 11:36:02,787 INFO o.a.j.s.SaveService: Testplan (JMX) version: 2.2. Testlog (JTL) version: 2.2
2018-02-09 11:36:02,801 INFO o.a.j.s.SaveService: Using SaveService properties file encoding UTF-8
2018-02-09 11:36:02,805 INFO o.a.j.s.SaveService: Using SaveService properties version 3.2
2018-02-09 11:36:02,810 INFO o.a.j.s.SaveService: Loading file: /Users/chefe02/Documents/Demo/GIT/BlazeDemo/2018-02-09_11-35-56.047808/modified_requests.jmx
2018-02-09 11:36:02,882 INFO o.a.j.p.h.c.CacheManager: Will only cache the following methods: [GET]
2018-02-09 11:36:02,884 INFO o.a.j.p.h.c.CookieManager: Settings: Delete null: true Check: true Allow variable: true Save: false Prefix: COOKIE_
2018-02-09 11:36:02,899 INFO o.a.j.p.h.s.HTTPSamplerBase: Parser for text/html is org.apache.jmeter.protocol.http.parser.LagartoBasedHtmlParser
2018-02-09 11:36:02,899 INFO o.a.j.p.h.s.HTTPSamplerBase: Parser for application/xhtml+xml is org.apache.jmeter.protocol.http.parser.LagartoBasedHtmlParser
2018-02-09 11:36:02,899 INFO o.a.j.p.h.s.HTTPSamplerBase: Parser for application/xml is org.apache.jmeter.protocol.http.parser.LagartoBasedHtmlParser
2018-02-09 11:36:02,900 INFO o.a.j.p.h.s.HTTPSamplerBase: Parser for text/xml is org.apache.jmeter.protocol.http.parser.LagartoBasedHtmlParser
2018-02-09 11:36:02,900 INFO o.a.j.p.h.s.HTTPSamplerBase: Parser for text/vnd.wap.wml is org.apache.jmeter.protocol.http.parser.RegexpHTMLParser
2018-02-09 11:36:02,900 INFO o.a.j.p.h.s.HTTPSamplerBase: Parser for text/css is org.apache.jmeter.protocol.http.parser.CssParser
2018-02-09 11:36:02,926 INFO o.a.j.e.StandardJMeterEngine: Running the test!
2018-02-09 11:36:02,926 INFO o.a.j.s.SampleEvent: List of sample_variables: []
2018-02-09 11:36:02,926 INFO o.a.j.s.SampleEvent: List of sample_variables: []
2018-02-09 11:36:02,929 INFO o.a.j.e.u.CompoundVariable: Note: Function class names must contain the string: '.functions.'
2018-02-09 11:36:02,929 INFO o.a.j.e.u.CompoundVariable: Note: Function class names must not contain the string: '.gui.'
2018-02-09 11:36:03,314 INFO o.a.j.JMeter: Running test (1518204963314)
2018-02-09 11:36:03,357 INFO o.a.j.e.StandardJMeterEngine: Starting ThreadGroup: 1 : BlazeDemo_confirmation
2018-02-09 11:36:03,357 INFO o.a.j.e.StandardJMeterEngine: Starting 1 threads for group BlazeDemo_confirmation.
2018-02-09 11:36:03,358 INFO o.a.j.e.StandardJMeterEngine: Thread will continue on error
2018-02-09 11:36:03,361 INFO o.a.j.e.StandardJMeterEngine: All thread groups have been started
2018-02-09 11:36:03,361 INFO c.b.j.t.c.ConcurrencyThreadStarter: Start supplying threads
2018-02-09 11:38:18,672 INFO o.a.j.JMeter: Command: Shutdown received from /127.0.0.1
2018-02-09 11:38:18,673 INFO c.b.j.t.c.ConcurrencyThreadStarter: Done supplying threads
2018-02-09 11:38:18,702 INFO o.a.j.e.StandardJMeterEngine: Notifying test listeners of end of test
2018-02-09 11:38:18,703 INFO o.a.j.e.StandardJMeterEngine: Forced JVM shutdown requested at end of test
Traceback (most recent call last):
  File "/usr/local/Cellar/bzt/1.10.3/libexec/lib/python2.7/site-packages/bzt/engine.py", line 266, in post_process
    module.post_process()
  File "/usr/local/Cellar/bzt/1.10.3/libexec/lib/python2.7/site-packages/bzt/modules/provisioning.py", line 175, in post_process
    reraise(exc_info)
  File "/usr/local/Cellar/bzt/1.10.3/libexec/lib/python2.7/site-packages/bzt/modules/provisioning.py", line 168, in post_process
    raise ToolError(message, diagnostics)
ToolError: Empty results, most likely BlazeDemo_confirmation (JMeterExecutor) failed. Actual reason for this can be found in logs under /Users/chefe02/Documents/Demo/GIT/BlazeDemo/2018-02-09_11-35-56.047808
JMeter STDOUT:
Created the tree successfully using /Users/chefe02/Documents/Demo/GIT/BlazeDemo/2018-02-09_11-35-56.047808/modified_requests.jmx
Starting the test @ Fri Feb 09 11:36:02 PST 2018 (1518204962925)
Waiting for possible Shutdown/StopTestNow/Heapdump message on port 4445
Command: Shutdown received from /127.0.0.1
Tidying up ...    @ Fri Feb 09 11:38:18 PST 2018 (1518205098703)
... end of run
JMeter log:
2018-02-09 11:36:02,647 INFO o.a.j.u.JMeterUtils: Setting Locale to en_US
2018-02-09 11:36:02,657 INFO o.a.j.JMeter: Loading user properties from: /Users/chefe02/.bzt/jmeter-taurus/3.3/bin/user.properties
2018-02-09 11:36:02,658 INFO o.a.j.JMeter: Loading system properties from: /Users/chefe02/.bzt/jmeter-taurus/3.3/bin/system.properties
2018-02-09 11:36:02,658 INFO o.a.j.JMeter: Setting System properties from file: /Users/chefe02/Documents/Demo/GIT/BlazeDemo/2018-02-09_11-35-56.047808/system.properties
2018-02-09 11:36:02,662 INFO o.a.j.JMeter: Copyright (c) 1998-2017 The Apache Software Foundation
2018-02-09 11:36:02,662 INFO o.a.j.JMeter: Version 3.3 r1808647
2018-02-09 11:36:02,662 INFO o.a.j.JMeter: java.version=1.8.0_151
2018-02-09 11:36:02,662 INFO o.a.j.JMeter: java.vm.name=Java HotSpot(TM) 64-Bit Server VM
2018-02-09 11:36:02,662 INFO o.a.j.JMeter: os.name=Mac OS X
2018-02-09 11:36:02,662 INFO o.a.j.JMeter: os.arch=x86_64
2018-02-09 11:36:02,662 INFO o.a.j.JMeter: os.version=10.12.6
2018-02-09 11:36:02,662 INFO o.a.j.JMeter: file.encoding=UTF-8
2018-02-09 11:36:02,663 INFO o.a.j.JMeter: Max memory     =3817865216
2018-02-09 11:36:02,663 INFO o.a.j.JMeter: Available Processors =8
2018-02-09 11:36:02,666 INFO o.a.j.JMeter: Default Locale=English (United States)
2018-02-09 11:36:02,666 INFO o.a.j.JMeter: JMeter  Locale=English (United States)
2018-02-09 11:36:02,666 INFO o.a.j.JMeter: JMeterHome=/Users/chefe02/.bzt/jmeter-taurus/3.3
2018-02-09 11:36:02,666 INFO o.a.j.JMeter: user.dir  =/Users/chefe02/Documents/Demo/GIT/BlazeDemo
2018-02-09 11:36:02,666 INFO o.a.j.JMeter: PWD       =/Users/chefe02/Documents/Demo/GIT/BlazeDemo
2018-02-09 11:36:02,667 INFO o.a.j.JMeter: IP: 10.137.178.138 Name: chefe02mac947 FullName: chefe02mac947.ca.com
2018-02-09 11:36:02,668 INFO o.a.j.JMeter: user.classpath=/Users/chefe02/Documents/Demo/GIT/BlazeDemo/2018-02-09_11-35-56.047808:/Users/chefe02/Documents/Demo/GIT/BlazeDemo/2018-02-09_11-35-56.047808
2018-02-09 11:36:02,668 INFO o.a.j.JMeter: Adding to classpath and loader: /Users/chefe02/Documents/Demo/GIT/BlazeDemo/2018-02-09_11-35-56.047808
2018-02-09 11:36:02,668 INFO o.a.j.JMeter: Adding to classpath and loader: /Users/chefe02/Documents/Demo/GIT/BlazeDemo/2018-02-09_11-35-56.047808
2018-02-09 11:36:02,671 INFO o.a.j.s.FileServer: Default base='/Users/chefe02/Documents/Demo/GIT/BlazeDemo'
2018-02-09 11:36:02,671 INFO o.a.j.s.FileServer: Set new base='/Users/chefe02/Documents/Demo/GIT/BlazeDemo/2018-02-09_11-35-56.047808'
2018-02-09 11:36:02,787 INFO o.a.j.s.SaveService: Testplan (JMX) version: 2.2. Testlog (JTL) version: 2.2
2018-02-09 11:36:02,801 INFO o.a.j.s.SaveService: Using SaveService properties file encoding UTF-8
2018-02-09 11:36:02,805 INFO o.a.j.s.SaveService: Using SaveService properties version 3.2
2018-02-09 11:36:02,810 INFO o.a.j.s.SaveService: Loading file: /Users/chefe02/Documents/Demo/GIT/BlazeDemo/2018-02-09_11-35-56.047808/modified_requests.jmx
2018-02-09 11:36:02,882 INFO o.a.j.p.h.c.CacheManager: Will only cache the following methods: [GET]
2018-02-09 11:36:02,884 INFO o.a.j.p.h.c.CookieManager: Settings: Delete null: true Check: true Allow variable: true Save: false Prefix: COOKIE_
2018-02-09 11:36:02,899 INFO o.a.j.p.h.s.HTTPSamplerBase: Parser for text/html is org.apache.jmeter.protocol.http.parser.LagartoBasedHtmlParser
2018-02-09 11:36:02,899 INFO o.a.j.p.h.s.HTTPSamplerBase: Parser for application/xhtml+xml is org.apache.jmeter.protocol.http.parser.LagartoBasedHtmlParser
2018-02-09 11:36:02,899 INFO o.a.j.p.h.s.HTTPSamplerBase: Parser for application/xml is org.apache.jmeter.protocol.http.parser.LagartoBasedHtmlParser
2018-02-09 11:36:02,900 INFO o.a.j.p.h.s.HTTPSamplerBase: Parser for text/xml is org.apache.jmeter.protocol.http.parser.LagartoBasedHtmlParser
2018-02-09 11:36:02,900 INFO o.a.j.p.h.s.HTTPSamplerBase: Parser for text/vnd.wap.wml is org.apache.jmeter.protocol.http.parser.RegexpHTMLParser
2018-02-09 11:36:02,900 INFO o.a.j.p.h.s.HTTPSamplerBase: Parser for text/css is org.apache.jmeter.protocol.http.parser.CssParser
2018-02-09 11:36:02,926 INFO o.a.j.e.StandardJMeterEngine: Running the test!
2018-02-09 11:36:02,926 INFO o.a.j.s.SampleEvent: List of sample_variables: []
2018-02-09 11:36:02,926 INFO o.a.j.s.SampleEvent: List of sample_variables: []
2018-02-09 11:36:02,929 INFO o.a.j.e.u.CompoundVariable: Note: Function class names must contain the string: '.functions.'
2018-02-09 11:36:02,929 INFO o.a.j.e.u.CompoundVariable: Note: Function class names must not contain the string: '.gui.'
2018-02-09 11:36:03,314 INFO o.a.j.JMeter: Running test (1518204963314)
2018-02-09 11:36:03,357 INFO o.a.j.e.StandardJMeterEngine: Starting ThreadGroup: 1 : BlazeDemo_confirmation
2018-02-09 11:36:03,357 INFO o.a.j.e.StandardJMeterEngine: Starting 1 threads for group BlazeDemo_confirmation.
2018-02-09 11:36:03,358 INFO o.a.j.e.StandardJMeterEngine: Thread will continue on error
2018-02-09 11:36:03,361 INFO o.a.j.e.StandardJMeterEngine: All thread groups have been started
2018-02-09 11:36:03,361 INFO c.b.j.t.c.ConcurrencyThreadStarter: Start supplying threads
2018-02-09 11:38:18,672 INFO o.a.j.JMeter: Command: Shutdown received from /127.0.0.1
2018-02-09 11:38:18,673 INFO c.b.j.t.c.ConcurrencyThreadStarter: Done supplying threads
2018-02-09 11:38:18,702 INFO o.a.j.e.StandardJMeterEngine: Notifying test listeners of end of test
2018-02-09 11:38:18,703 INFO o.a.j.e.StandardJMeterEngine: Forced JVM shutdown requested at end of test

[2018-02-09 11:38:19,729 DEBUG Engine.jmeter.JTLErrorsReader] Opening /Users/chefe02/Documents/Demo/GIT/BlazeDemo/2018-02-09_11-35-56.047808/error.jtl
[2018-02-09 11:38:19,731 DEBUG Engine.jmeter.JTLReader.IncrementalCSVReader] Reading JTL: /Users/chefe02/Documents/Demo/GIT/BlazeDemo/2018-02-09_11-35-56.047808/kpi.jtl
[2018-02-09 11:38:19,731 DEBUG Engine.jmeter.JTLReader.IncrementalCSVReader] Read lines: 0 / 0 bytes (at speed 1048576)
[2018-02-09 11:38:19,731 DEBUG Engine.jmeter.JTLReader] Buffer len: 0
[2018-02-09 11:38:19,731 DEBUG Engine.consolidator] Consolidator buffer[0]: []
[2018-02-09 11:38:19,731 INFO Engine.final-stats] Test duration: 0:02:18
[2018-02-09 11:38:19,731 DEBUG Engine.console] No logger_handler or orig_stream was detected
[2018-02-09 11:38:19,731 INFO Engine.final-stats] Test duration: 0:02:18
[2018-02-09 11:38:19,734 DEBUG Engine.Configuration] Dumping YAML config into /Users/chefe02/Documents/Demo/GIT/BlazeDemo/2018-02-09_11-35-56.047808/effective.yml
[2018-02-09 11:38:19,770 DEBUG Engine.Configuration] Dumping JSON config into /Users/chefe02/Documents/Demo/GIT/BlazeDemo/2018-02-09_11-35-56.047808/effective.json
[2018-02-09 11:38:19,772 DEBUG root] Child Process Error: Empty results, most likely BlazeDemo_confirmation (JMeterExecutor) failed. Actual reason for this can be found in logs under /Users/chefe02/Documents/Demo/GIT/BlazeDemo/2018-02-09_11-35-56.047808
JMeter STDOUT:
Created the tree successfully using /Users/chefe02/Documents/Demo/GIT/BlazeDemo/2018-02-09_11-35-56.047808/modified_requests.jmx
Starting the test @ Fri Feb 09 11:36:02 PST 2018 (1518204962925)
Waiting for possible Shutdown/StopTestNow/Heapdump message on port 4445
Command: Shutdown received from /127.0.0.1
Tidying up ...    @ Fri Feb 09 11:38:18 PST 2018 (1518205098703)
... end of run
JMeter log:
2018-02-09 11:36:02,647 INFO o.a.j.u.JMeterUtils: Setting Locale to en_US
2018-02-09 11:36:02,657 INFO o.a.j.JMeter: Loading user properties from: /Users/chefe02/.bzt/jmeter-taurus/3.3/bin/user.properties
2018-02-09 11:36:02,658 INFO o.a.j.JMeter: Loading system properties from: /Users/chefe02/.bzt/jmeter-taurus/3.3/bin/system.properties
2018-02-09 11:36:02,658 INFO o.a.j.JMeter: Setting System properties from file: /Users/chefe02/Documents/Demo/GIT/BlazeDemo/2018-02-09_11-35-56.047808/system.properties
2018-02-09 11:36:02,662 INFO o.a.j.JMeter: Copyright (c) 1998-2017 The Apache Software Foundation
2018-02-09 11:36:02,662 INFO o.a.j.JMeter: Version 3.3 r1808647
2018-02-09 11:36:02,662 INFO o.a.j.JMeter: java.version=1.8.0_151
2018-02-09 11:36:02,662 INFO o.a.j.JMeter: java.vm.name=Java HotSpot(TM) 64-Bit Server VM
2018-02-09 11:36:02,662 INFO o.a.j.JMeter: os.name=Mac OS X
2018-02-09 11:36:02,662 INFO o.a.j.JMeter: os.arch=x86_64
2018-02-09 11:36:02,662 INFO o.a.j.JMeter: os.version=10.12.6
2018-02-09 11:36:02,662 INFO o.a.j.JMeter: file.encoding=UTF-8
2018-02-09 11:36:02,663 INFO o.a.j.JMeter: Max memory     =3817865216
2018-02-09 11:36:02,663 INFO o.a.j.JMeter: Available Processors =8
2018-02-09 11:36:02,666 INFO o.a.j.JMeter: Default Locale=English (United States)
2018-02-09 11:36:02,666 INFO o.a.j.JMeter: JMeter  Locale=English (United States)
2018-02-09 11:36:02,666 INFO o.a.j.JMeter: JMeterHome=/Users/chefe02/.bzt/jmeter-taurus/3.3
2018-02-09 11:36:02,666 INFO o.a.j.JMeter: user.dir  =/Users/chefe02/Documents/Demo/GIT/BlazeDemo
2018-02-09 11:36:02,666 INFO o.a.j.JMeter: PWD       =/Users/chefe02/Documents/Demo/GIT/BlazeDemo
2018-02-09 11:36:02,667 INFO o.a.j.JMeter: IP: 10.137.178.138 Name: chefe02mac947 FullName: chefe02mac947.ca.com
2018-02-09 11:36:02,668 INFO o.a.j.JMeter: user.classpath=/Users/chefe02/Documents/Demo/GIT/BlazeDemo/2018-02-09_11-35-56.047808:/Users/chefe02/Documents/Demo/GIT/BlazeDemo/2018-02-09_11-35-56.047808
2018-02-09 11:36:02,668 INFO o.a.j.JMeter: Adding to classpath and loader: /Users/chefe02/Documents/Demo/GIT/BlazeDemo/2018-02-09_11-35-56.047808
2018-02-09 11:36:02,668 INFO o.a.j.JMeter: Adding to classpath and loader: /Users/chefe02/Documents/Demo/GIT/BlazeDemo/2018-02-09_11-35-56.047808
2018-02-09 11:36:02,671 INFO o.a.j.s.FileServer: Default base='/Users/chefe02/Documents/Demo/GIT/BlazeDemo'
2018-02-09 11:36:02,671 INFO o.a.j.s.FileServer: Set new base='/Users/chefe02/Documents/Demo/GIT/BlazeDemo/2018-02-09_11-35-56.047808'
2018-02-09 11:36:02,787 INFO o.a.j.s.SaveService: Testplan (JMX) version: 2.2. Testlog (JTL) version: 2.2
2018-02-09 11:36:02,801 INFO o.a.j.s.SaveService: Using SaveService properties file encoding UTF-8
2018-02-09 11:36:02,805 INFO o.a.j.s.SaveService: Using SaveService properties version 3.2
2018-02-09 11:36:02,810 INFO o.a.j.s.SaveService: Loading file: /Users/chefe02/Documents/Demo/GIT/BlazeDemo/2018-02-09_11-35-56.047808/modified_requests.jmx
2018-02-09 11:36:02,882 INFO o.a.j.p.h.c.CacheManager: Will only cache the following methods: [GET]
2018-02-09 11:36:02,884 INFO o.a.j.p.h.c.CookieManager: Settings: Delete null: true Check: true Allow variable: true Save: false Prefix: COOKIE_
2018-02-09 11:36:02,899 INFO o.a.j.p.h.s.HTTPSamplerBase: Parser for text/html is org.apache.jmeter.protocol.http.parser.LagartoBasedHtmlParser
2018-02-09 11:36:02,899 INFO o.a.j.p.h.s.HTTPSamplerBase: Parser for application/xhtml+xml is org.apache.jmeter.protocol.http.parser.LagartoBasedHtmlParser
2018-02-09 11:36:02,899 INFO o.a.j.p.h.s.HTTPSamplerBase: Parser for application/xml is org.apache.jmeter.protocol.http.parser.LagartoBasedHtmlParser
2018-02-09 11:36:02,900 INFO o.a.j.p.h.s.HTTPSamplerBase: Parser for text/xml is org.apache.jmeter.protocol.http.parser.LagartoBasedHtmlParser
2018-02-09 11:36:02,900 INFO o.a.j.p.h.s.HTTPSamplerBase: Parser for text/vnd.wap.wml is org.apache.jmeter.protocol.http.parser.RegexpHTMLParser
2018-02-09 11:36:02,900 INFO o.a.j.p.h.s.HTTPSamplerBase: Parser for text/css is org.apache.jmeter.protocol.http.parser.CssParser
2018-02-09 11:36:02,926 INFO o.a.j.e.StandardJMeterEngine: Running the test!
2018-02-09 11:36:02,926 INFO o.a.j.s.SampleEvent: List of sample_variables: []
2018-02-09 11:36:02,926 INFO o.a.j.s.SampleEvent: List of sample_variables: []
2018-02-09 11:36:02,929 INFO o.a.j.e.u.CompoundVariable: Note: Function class names must contain the string: '.functions.'
2018-02-09 11:36:02,929 INFO o.a.j.e.u.CompoundVariable: Note: Function class names must not contain the string: '.gui.'
2018-02-09 11:36:03,314 INFO o.a.j.JMeter: Running test (1518204963314)
2018-02-09 11:36:03,357 INFO o.a.j.e.StandardJMeterEngine: Starting ThreadGroup: 1 : BlazeDemo_confirmation
2018-02-09 11:36:03,357 INFO o.a.j.e.StandardJMeterEngine: Starting 1 threads for group BlazeDemo_confirmation.
2018-02-09 11:36:03,358 INFO o.a.j.e.StandardJMeterEngine: Thread will continue on error
2018-02-09 11:36:03,361 INFO o.a.j.e.StandardJMeterEngine: All thread groups have been started
2018-02-09 11:36:03,361 INFO c.b.j.t.c.ConcurrencyThreadStarter: Start supplying threads
2018-02-09 11:38:18,672 INFO o.a.j.JMeter: Command: Shutdown received from /127.0.0.1
2018-02-09 11:38:18,673 INFO c.b.j.t.c.ConcurrencyThreadStarter: Done supplying threads
2018-02-09 11:38:18,702 INFO o.a.j.e.StandardJMeterEngine: Notifying test listeners of end of test
2018-02-09 11:38:18,703 INFO o.a.j.e.StandardJMeterEngine: Forced JVM shutdown requested at end of test
[2018-02-09 11:38:19,772 DEBUG root] JMeter STDOUT:
Created the tree successfully using /Users/chefe02/Documents/Demo/GIT/BlazeDemo/2018-02-09_11-35-56.047808/modified_requests.jmx
Starting the test @ Fri Feb 09 11:36:02 PST 2018 (1518204962925)
Waiting for possible Shutdown/StopTestNow/Heapdump message on port 4445
Command: Shutdown received from /127.0.0.1
Tidying up ...    @ Fri Feb 09 11:38:18 PST 2018 (1518205098703)
... end of run
[2018-02-09 11:38:19,772 DEBUG root] JMeter log:
2018-02-09 11:36:02,647 INFO o.a.j.u.JMeterUtils: Setting Locale to en_US
2018-02-09 11:36:02,657 INFO o.a.j.JMeter: Loading user properties from: /Users/chefe02/.bzt/jmeter-taurus/3.3/bin/user.properties
2018-02-09 11:36:02,658 INFO o.a.j.JMeter: Loading system properties from: /Users/chefe02/.bzt/jmeter-taurus/3.3/bin/system.properties
2018-02-09 11:36:02,658 INFO o.a.j.JMeter: Setting System properties from file: /Users/chefe02/Documents/Demo/GIT/BlazeDemo/2018-02-09_11-35-56.047808/system.properties
2018-02-09 11:36:02,662 INFO o.a.j.JMeter: Copyright (c) 1998-2017 The Apache Software Foundation
2018-02-09 11:36:02,662 INFO o.a.j.JMeter: Version 3.3 r1808647
2018-02-09 11:36:02,662 INFO o.a.j.JMeter: java.version=1.8.0_151
2018-02-09 11:36:02,662 INFO o.a.j.JMeter: java.vm.name=Java HotSpot(TM) 64-Bit Server VM
2018-02-09 11:36:02,662 INFO o.a.j.JMeter: os.name=Mac OS X
2018-02-09 11:36:02,662 INFO o.a.j.JMeter: os.arch=x86_64
2018-02-09 11:36:02,662 INFO o.a.j.JMeter: os.version=10.12.6
2018-02-09 11:36:02,662 INFO o.a.j.JMeter: file.encoding=UTF-8
2018-02-09 11:36:02,663 INFO o.a.j.JMeter: Max memory     =3817865216
2018-02-09 11:36:02,663 INFO o.a.j.JMeter: Available Processors =8
2018-02-09 11:36:02,666 INFO o.a.j.JMeter: Default Locale=English (United States)
2018-02-09 11:36:02,666 INFO o.a.j.JMeter: JMeter  Locale=English (United States)
2018-02-09 11:36:02,666 INFO o.a.j.JMeter: JMeterHome=/Users/chefe02/.bzt/jmeter-taurus/3.3
2018-02-09 11:36:02,666 INFO o.a.j.JMeter: user.dir  =/Users/chefe02/Documents/Demo/GIT/BlazeDemo
2018-02-09 11:36:02,666 INFO o.a.j.JMeter: PWD       =/Users/chefe02/Documents/Demo/GIT/BlazeDemo
2018-02-09 11:36:02,667 INFO o.a.j.JMeter: IP: 10.137.178.138 Name: chefe02mac947 FullName: chefe02mac947.ca.com
2018-02-09 11:36:02,668 INFO o.a.j.JMeter: user.classpath=/Users/chefe02/Documents/Demo/GIT/BlazeDemo/2018-02-09_11-35-56.047808:/Users/chefe02/Documents/Demo/GIT/BlazeDemo/2018-02-09_11-35-56.047808
2018-02-09 11:36:02,668 INFO o.a.j.JMeter: Adding to classpath and loader: /Users/chefe02/Documents/Demo/GIT/BlazeDemo/2018-02-09_11-35-56.047808
2018-02-09 11:36:02,668 INFO o.a.j.JMeter: Adding to classpath and loader: /Users/chefe02/Documents/Demo/GIT/BlazeDemo/2018-02-09_11-35-56.047808
2018-02-09 11:36:02,671 INFO o.a.j.s.FileServer: Default base='/Users/chefe02/Documents/Demo/GIT/BlazeDemo'
2018-02-09 11:36:02,671 INFO o.a.j.s.FileServer: Set new base='/Users/chefe02/Documents/Demo/GIT/BlazeDemo/2018-02-09_11-35-56.047808'
2018-02-09 11:36:02,787 INFO o.a.j.s.SaveService: Testplan (JMX) version: 2.2. Testlog (JTL) version: 2.2
2018-02-09 11:36:02,801 INFO o.a.j.s.SaveService: Using SaveService properties file encoding UTF-8
2018-02-09 11:36:02,805 INFO o.a.j.s.SaveService: Using SaveService properties version 3.2
2018-02-09 11:36:02,810 INFO o.a.j.s.SaveService: Loading file: /Users/chefe02/Documents/Demo/GIT/BlazeDemo/2018-02-09_11-35-56.047808/modified_requests.jmx
2018-02-09 11:36:02,882 INFO o.a.j.p.h.c.CacheManager: Will only cache the following methods: [GET]
2018-02-09 11:36:02,884 INFO o.a.j.p.h.c.CookieManager: Settings: Delete null: true Check: true Allow variable: true Save: false Prefix: COOKIE_
2018-02-09 11:36:02,899 INFO o.a.j.p.h.s.HTTPSamplerBase: Parser for text/html is org.apache.jmeter.protocol.http.parser.LagartoBasedHtmlParser
2018-02-09 11:36:02,899 INFO o.a.j.p.h.s.HTTPSamplerBase: Parser for application/xhtml+xml is org.apache.jmeter.protocol.http.parser.LagartoBasedHtmlParser
2018-02-09 11:36:02,899 INFO o.a.j.p.h.s.HTTPSamplerBase: Parser for application/xml is org.apache.jmeter.protocol.http.parser.LagartoBasedHtmlParser
2018-02-09 11:36:02,900 INFO o.a.j.p.h.s.HTTPSamplerBase: Parser for text/xml is org.apache.jmeter.protocol.http.parser.LagartoBasedHtmlParser
2018-02-09 11:36:02,900 INFO o.a.j.p.h.s.HTTPSamplerBase: Parser for text/vnd.wap.wml is org.apache.jmeter.protocol.http.parser.RegexpHTMLParser
2018-02-09 11:36:02,900 INFO o.a.j.p.h.s.HTTPSamplerBase: Parser for text/css is org.apache.jmeter.protocol.http.parser.CssParser
2018-02-09 11:36:02,926 INFO o.a.j.e.StandardJMeterEngine: Running the test!
2018-02-09 11:36:02,926 INFO o.a.j.s.SampleEvent: List of sample_variables: []
2018-02-09 11:36:02,926 INFO o.a.j.s.SampleEvent: List of sample_variables: []
2018-02-09 11:36:02,929 INFO o.a.j.e.u.CompoundVariable: Note: Function class names must contain the string: '.functions.'
2018-02-09 11:36:02,929 INFO o.a.j.e.u.CompoundVariable: Note: Function class names must not contain the string: '.gui.'
2018-02-09 11:36:03,314 INFO o.a.j.JMeter: Running test (1518204963314)
2018-02-09 11:36:03,357 INFO o.a.j.e.StandardJMeterEngine: Starting ThreadGroup: 1 : BlazeDemo_confirmation
2018-02-09 11:36:03,357 INFO o.a.j.e.StandardJMeterEngine: Starting 1 threads for group BlazeDemo_confirmation.
2018-02-09 11:36:03,358 INFO o.a.j.e.StandardJMeterEngine: Thread will continue on error
2018-02-09 11:36:03,361 INFO o.a.j.e.StandardJMeterEngine: All thread groups have been started
2018-02-09 11:36:03,361 INFO c.b.j.t.c.ConcurrencyThreadStarter: Start supplying threads
2018-02-09 11:38:18,672 INFO o.a.j.JMeter: Command: Shutdown received from /127.0.0.1
2018-02-09 11:38:18,673 INFO c.b.j.t.c.ConcurrencyThreadStarter: Done supplying threads
2018-02-09 11:38:18,702 INFO o.a.j.e.StandardJMeterEngine: Notifying test listeners of end of test
2018-02-09 11:38:18,703 INFO o.a.j.e.StandardJMeterEngine: Forced JVM shutdown requested at end of test
[2018-02-09 11:38:19,772 DEBUG root] ToolError: Empty results, most likely BlazeDemo_confirmation (JMeterExecutor) failed. Actual reason for this can be found in logs under /Users/chefe02/Documents/Demo/GIT/BlazeDemo/2018-02-09_11-35-56.047808
JMeter STDOUT:
Created the tree successfully using /Users/chefe02/Documents/Demo/GIT/BlazeDemo/2018-02-09_11-35-56.047808/modified_requests.jmx
Starting the test @ Fri Feb 09 11:36:02 PST 2018 (1518204962925)
Waiting for possible Shutdown/StopTestNow/Heapdump message on port 4445
Command: Shutdown received from /127.0.0.1
Tidying up ...    @ Fri Feb 09 11:38:18 PST 2018 (1518205098703)
... end of run
JMeter log:
2018-02-09 11:36:02,647 INFO o.a.j.u.JMeterUtils: Setting Locale to en_US
2018-02-09 11:36:02,657 INFO o.a.j.JMeter: Loading user properties from: /Users/chefe02/.bzt/jmeter-taurus/3.3/bin/user.properties
2018-02-09 11:36:02,658 INFO o.a.j.JMeter: Loading system properties from: /Users/chefe02/.bzt/jmeter-taurus/3.3/bin/system.properties
2018-02-09 11:36:02,658 INFO o.a.j.JMeter: Setting System properties from file: /Users/chefe02/Documents/Demo/GIT/BlazeDemo/2018-02-09_11-35-56.047808/system.properties
2018-02-09 11:36:02,662 INFO o.a.j.JMeter: Copyright (c) 1998-2017 The Apache Software Foundation
2018-02-09 11:36:02,662 INFO o.a.j.JMeter: Version 3.3 r1808647
2018-02-09 11:36:02,662 INFO o.a.j.JMeter: java.version=1.8.0_151
2018-02-09 11:36:02,662 INFO o.a.j.JMeter: java.vm.name=Java HotSpot(TM) 64-Bit Server VM
2018-02-09 11:36:02,662 INFO o.a.j.JMeter: os.name=Mac OS X
2018-02-09 11:36:02,662 INFO o.a.j.JMeter: os.arch=x86_64
2018-02-09 11:36:02,662 INFO o.a.j.JMeter: os.version=10.12.6
2018-02-09 11:36:02,662 INFO o.a.j.JMeter: file.encoding=UTF-8
2018-02-09 11:36:02,663 INFO o.a.j.JMeter: Max memory     =3817865216
2018-02-09 11:36:02,663 INFO o.a.j.JMeter: Available Processors =8
2018-02-09 11:36:02,666 INFO o.a.j.JMeter: Default Locale=English (United States)
2018-02-09 11:36:02,666 INFO o.a.j.JMeter: JMeter  Locale=English (United States)
2018-02-09 11:36:02,666 INFO o.a.j.JMeter: JMeterHome=/Users/chefe02/.bzt/jmeter-taurus/3.3
2018-02-09 11:36:02,666 INFO o.a.j.JMeter: user.dir  =/Users/chefe02/Documents/Demo/GIT/BlazeDemo
2018-02-09 11:36:02,666 INFO o.a.j.JMeter: PWD       =/Users/chefe02/Documents/Demo/GIT/BlazeDemo
2018-02-09 11:36:02,667 INFO o.a.j.JMeter: IP: 10.137.178.138 Name: chefe02mac947 FullName: chefe02mac947.ca.com
2018-02-09 11:36:02,668 INFO o.a.j.JMeter: user.classpath=/Users/chefe02/Documents/Demo/GIT/BlazeDemo/2018-02-09_11-35-56.047808:/Users/chefe02/Documents/Demo/GIT/BlazeDemo/2018-02-09_11-35-56.047808
2018-02-09 11:36:02,668 INFO o.a.j.JMeter: Adding to classpath and loader: /Users/chefe02/Documents/Demo/GIT/BlazeDemo/2018-02-09_11-35-56.047808
2018-02-09 11:36:02,668 INFO o.a.j.JMeter: Adding to classpath and loader: /Users/chefe02/Documents/Demo/GIT/BlazeDemo/2018-02-09_11-35-56.047808
2018-02-09 11:36:02,671 INFO o.a.j.s.FileServer: Default base='/Users/chefe02/Documents/Demo/GIT/BlazeDemo'
2018-02-09 11:36:02,671 INFO o.a.j.s.FileServer: Set new base='/Users/chefe02/Documents/Demo/GIT/BlazeDemo/2018-02-09_11-35-56.047808'
2018-02-09 11:36:02,787 INFO o.a.j.s.SaveService: Testplan (JMX) version: 2.2. Testlog (JTL) version: 2.2
2018-02-09 11:36:02,801 INFO o.a.j.s.SaveService: Using SaveService properties file encoding UTF-8
2018-02-09 11:36:02,805 INFO o.a.j.s.SaveService: Using SaveService properties version 3.2
2018-02-09 11:36:02,810 INFO o.a.j.s.SaveService: Loading file: /Users/chefe02/Documents/Demo/GIT/BlazeDemo/2018-02-09_11-35-56.047808/modified_requests.jmx
2018-02-09 11:36:02,882 INFO o.a.j.p.h.c.CacheManager: Will only cache the following methods: [GET]
2018-02-09 11:36:02,884 INFO o.a.j.p.h.c.CookieManager: Settings: Delete null: true Check: true Allow variable: true Save: false Prefix: COOKIE_
2018-02-09 11:36:02,899 INFO o.a.j.p.h.s.HTTPSamplerBase: Parser for text/html is org.apache.jmeter.protocol.http.parser.LagartoBasedHtmlParser
2018-02-09 11:36:02,899 INFO o.a.j.p.h.s.HTTPSamplerBase: Parser for application/xhtml+xml is org.apache.jmeter.protocol.http.parser.LagartoBasedHtmlParser
2018-02-09 11:36:02,899 INFO o.a.j.p.h.s.HTTPSamplerBase: Parser for application/xml is org.apache.jmeter.protocol.http.parser.LagartoBasedHtmlParser
2018-02-09 11:36:02,900 INFO o.a.j.p.h.s.HTTPSamplerBase: Parser for text/xml is org.apache.jmeter.protocol.http.parser.LagartoBasedHtmlParser
2018-02-09 11:36:02,900 INFO o.a.j.p.h.s.HTTPSamplerBase: Parser for text/vnd.wap.wml is org.apache.jmeter.protocol.http.parser.RegexpHTMLParser
2018-02-09 11:36:02,900 INFO o.a.j.p.h.s.HTTPSamplerBase: Parser for text/css is org.apache.jmeter.protocol.http.parser.CssParser
2018-02-09 11:36:02,926 INFO o.a.j.e.StandardJMeterEngine: Running the test!
2018-02-09 11:36:02,926 INFO o.a.j.s.SampleEvent: List of sample_variables: []
2018-02-09 11:36:02,926 INFO o.a.j.s.SampleEvent: List of sample_variables: []
2018-02-09 11:36:02,929 INFO o.a.j.e.u.CompoundVariable: Note: Function class names must contain the string: '.functions.'
2018-02-09 11:36:02,929 INFO o.a.j.e.u.CompoundVariable: Note: Function class names must not contain the string: '.gui.'
2018-02-09 11:36:03,314 INFO o.a.j.JMeter: Running test (1518204963314)
2018-02-09 11:36:03,357 INFO o.a.j.e.StandardJMeterEngine: Starting ThreadGroup: 1 : BlazeDemo_confirmation
2018-02-09 11:36:03,357 INFO o.a.j.e.StandardJMeterEngine: Starting 1 threads for group BlazeDemo_confirmation.
2018-02-09 11:36:03,358 INFO o.a.j.e.StandardJMeterEngine: Thread will continue on error
2018-02-09 11:36:03,361 INFO o.a.j.e.StandardJMeterEngine: All thread groups have been started
2018-02-09 11:36:03,361 INFO c.b.j.t.c.ConcurrencyThreadStarter: Start supplying threads
2018-02-09 11:38:18,672 INFO o.a.j.JMeter: Command: Shutdown received from /127.0.0.1
2018-02-09 11:38:18,673 INFO c.b.j.t.c.ConcurrencyThreadStarter: Done supplying threads
2018-02-09 11:38:18,702 INFO o.a.j.e.StandardJMeterEngine: Notifying test listeners of end of test
2018-02-09 11:38:18,703 INFO o.a.j.e.StandardJMeterEngine: Forced JVM shutdown requested at end of test
Traceback (most recent call last):
  File "/usr/local/Cellar/bzt/1.10.3/libexec/lib/python2.7/site-packages/bzt/cli.py", line 232, in perform
    self.engine.post_process()
  File "/usr/local/Cellar/bzt/1.10.3/libexec/lib/python2.7/site-packages/bzt/engine.py", line 279, in post_process
    reraise(exc_info)
  File "/usr/local/Cellar/bzt/1.10.3/libexec/lib/python2.7/site-packages/bzt/engine.py", line 266, in post_process
    module.post_process()
  File "/usr/local/Cellar/bzt/1.10.3/libexec/lib/python2.7/site-packages/bzt/modules/provisioning.py", line 175, in post_process
    reraise(exc_info)
  File "/usr/local/Cellar/bzt/1.10.3/libexec/lib/python2.7/site-packages/bzt/modules/provisioning.py", line 168, in post_process
    raise ToolError(message, diagnostics)
ToolError: Empty results, most likely BlazeDemo_confirmation (JMeterExecutor) failed. Actual reason for this can be found in logs under /Users/chefe02/Documents/Demo/GIT/BlazeDemo/2018-02-09_11-35-56.047808
JMeter STDOUT:
Created the tree successfully using /Users/chefe02/Documents/Demo/GIT/BlazeDemo/2018-02-09_11-35-56.047808/modified_requests.jmx
Starting the test @ Fri Feb 09 11:36:02 PST 2018 (1518204962925)
Waiting for possible Shutdown/StopTestNow/Heapdump message on port 4445
Command: Shutdown received from /127.0.0.1
Tidying up ...    @ Fri Feb 09 11:38:18 PST 2018 (1518205098703)
... end of run
JMeter log:
2018-02-09 11:36:02,647 INFO o.a.j.u.JMeterUtils: Setting Locale to en_US
2018-02-09 11:36:02,657 INFO o.a.j.JMeter: Loading user properties from: /Users/chefe02/.bzt/jmeter-taurus/3.3/bin/user.properties
2018-02-09 11:36:02,658 INFO o.a.j.JMeter: Loading system properties from: /Users/chefe02/.bzt/jmeter-taurus/3.3/bin/system.properties
2018-02-09 11:36:02,658 INFO o.a.j.JMeter: Setting System properties from file: /Users/chefe02/Documents/Demo/GIT/BlazeDemo/2018-02-09_11-35-56.047808/system.properties
2018-02-09 11:36:02,662 INFO o.a.j.JMeter: Copyright (c) 1998-2017 The Apache Software Foundation
2018-02-09 11:36:02,662 INFO o.a.j.JMeter: Version 3.3 r1808647
2018-02-09 11:36:02,662 INFO o.a.j.JMeter: java.version=1.8.0_151
2018-02-09 11:36:02,662 INFO o.a.j.JMeter: java.vm.name=Java HotSpot(TM) 64-Bit Server VM
2018-02-09 11:36:02,662 INFO o.a.j.JMeter: os.name=Mac OS X
2018-02-09 11:36:02,662 INFO o.a.j.JMeter: os.arch=x86_64
2018-02-09 11:36:02,662 INFO o.a.j.JMeter: os.version=10.12.6
2018-02-09 11:36:02,662 INFO o.a.j.JMeter: file.encoding=UTF-8
2018-02-09 11:36:02,663 INFO o.a.j.JMeter: Max memory     =3817865216
2018-02-09 11:36:02,663 INFO o.a.j.JMeter: Available Processors =8
2018-02-09 11:36:02,666 INFO o.a.j.JMeter: Default Locale=English (United States)
2018-02-09 11:36:02,666 INFO o.a.j.JMeter: JMeter  Locale=English (United States)
2018-02-09 11:36:02,666 INFO o.a.j.JMeter: JMeterHome=/Users/chefe02/.bzt/jmeter-taurus/3.3
2018-02-09 11:36:02,666 INFO o.a.j.JMeter: user.dir  =/Users/chefe02/Documents/Demo/GIT/BlazeDemo
2018-02-09 11:36:02,666 INFO o.a.j.JMeter: PWD       =/Users/chefe02/Documents/Demo/GIT/BlazeDemo
2018-02-09 11:36:02,667 INFO o.a.j.JMeter: IP: 10.137.178.138 Name: chefe02mac947 FullName: chefe02mac947.ca.com
2018-02-09 11:36:02,668 INFO o.a.j.JMeter: user.classpath=/Users/chefe02/Documents/Demo/GIT/BlazeDemo/2018-02-09_11-35-56.047808:/Users/chefe02/Documents/Demo/GIT/BlazeDemo/2018-02-09_11-35-56.047808
2018-02-09 11:36:02,668 INFO o.a.j.JMeter: Adding to classpath and loader: /Users/chefe02/Documents/Demo/GIT/BlazeDemo/2018-02-09_11-35-56.047808
2018-02-09 11:36:02,668 INFO o.a.j.JMeter: Adding to classpath and loader: /Users/chefe02/Documents/Demo/GIT/BlazeDemo/2018-02-09_11-35-56.047808
2018-02-09 11:36:02,671 INFO o.a.j.s.FileServer: Default base='/Users/chefe02/Documents/Demo/GIT/BlazeDemo'
2018-02-09 11:36:02,671 INFO o.a.j.s.FileServer: Set new base='/Users/chefe02/Documents/Demo/GIT/BlazeDemo/2018-02-09_11-35-56.047808'
2018-02-09 11:36:02,787 INFO o.a.j.s.SaveService: Testplan (JMX) version: 2.2. Testlog (JTL) version: 2.2
2018-02-09 11:36:02,801 INFO o.a.j.s.SaveService: Using SaveService properties file encoding UTF-8
2018-02-09 11:36:02,805 INFO o.a.j.s.SaveService: Using SaveService properties version 3.2
2018-02-09 11:36:02,810 INFO o.a.j.s.SaveService: Loading file: /Users/chefe02/Documents/Demo/GIT/BlazeDemo/2018-02-09_11-35-56.047808/modified_requests.jmx
2018-02-09 11:36:02,882 INFO o.a.j.p.h.c.CacheManager: Will only cache the following methods: [GET]
2018-02-09 11:36:02,884 INFO o.a.j.p.h.c.CookieManager: Settings: Delete null: true Check: true Allow variable: true Save: false Prefix: COOKIE_
2018-02-09 11:36:02,899 INFO o.a.j.p.h.s.HTTPSamplerBase: Parser for text/html is org.apache.jmeter.protocol.http.parser.LagartoBasedHtmlParser
2018-02-09 11:36:02,899 INFO o.a.j.p.h.s.HTTPSamplerBase: Parser for application/xhtml+xml is org.apache.jmeter.protocol.http.parser.LagartoBasedHtmlParser
2018-02-09 11:36:02,899 INFO o.a.j.p.h.s.HTTPSamplerBase: Parser for application/xml is org.apache.jmeter.protocol.http.parser.LagartoBasedHtmlParser
2018-02-09 11:36:02,900 INFO o.a.j.p.h.s.HTTPSamplerBase: Parser for text/xml is org.apache.jmeter.protocol.http.parser.LagartoBasedHtmlParser
2018-02-09 11:36:02,900 INFO o.a.j.p.h.s.HTTPSamplerBase: Parser for text/vnd.wap.wml is org.apache.jmeter.protocol.http.parser.RegexpHTMLParser
2018-02-09 11:36:02,900 INFO o.a.j.p.h.s.HTTPSamplerBase: Parser for text/css is org.apache.jmeter.protocol.http.parser.CssParser
2018-02-09 11:36:02,926 INFO o.a.j.e.StandardJMeterEngine: Running the test!
2018-02-09 11:36:02,926 INFO o.a.j.s.SampleEvent: List of sample_variables: []
2018-02-09 11:36:02,926 INFO o.a.j.s.SampleEvent: List of sample_variables: []
2018-02-09 11:36:02,929 INFO o.a.j.e.u.CompoundVariable: Note: Function class names must contain the string: '.functions.'
2018-02-09 11:36:02,929 INFO o.a.j.e.u.CompoundVariable: Note: Function class names must not contain the string: '.gui.'
2018-02-09 11:36:03,314 INFO o.a.j.JMeter: Running test (1518204963314)
2018-02-09 11:36:03,357 INFO o.a.j.e.StandardJMeterEngine: Starting ThreadGroup: 1 : BlazeDemo_confirmation
2018-02-09 11:36:03,357 INFO o.a.j.e.StandardJMeterEngine: Starting 1 threads for group BlazeDemo_confirmation.
2018-02-09 11:36:03,358 INFO o.a.j.e.StandardJMeterEngine: Thread will continue on error
2018-02-09 11:36:03,361 INFO o.a.j.e.StandardJMeterEngine: All thread groups have been started
2018-02-09 11:36:03,361 INFO c.b.j.t.c.ConcurrencyThreadStarter: Start supplying threads
2018-02-09 11:38:18,672 INFO o.a.j.JMeter: Command: Shutdown received from /127.0.0.1
2018-02-09 11:38:18,673 INFO c.b.j.t.c.ConcurrencyThreadStarter: Done supplying threads
2018-02-09 11:38:18,702 INFO o.a.j.e.StandardJMeterEngine: Notifying test listeners of end of test
2018-02-09 11:38:18,703 INFO o.a.j.e.StandardJMeterEngine: Forced JVM shutdown requested at end of test
[2018-02-09 11:38:19,772 INFO root] Artifacts dir: /Users/chefe02/Documents/Demo/GIT/BlazeDemo/2018-02-09_11-35-56.047808
[2018-02-09 11:38:19,772 WARNING root] Done performing with code: 1
[2018-02-09 11:38:19,773 DEBUG root] Closing log handler: /Users/chefe02/Documents/Demo/GIT/BlazeDemo/2018-02-09_11-35-56.047808/bzt.log
