[2018-03-26 11:13:38,863 INFO root] Taurus CLI Tool v1.10.5
[2018-03-26 11:13:38,863 DEBUG root] Command-line options: {'verbose': None, 'no_system_configs': None, 'quiet': None, 'log': '/var/folders/5f/vzk4zj_95sndkt7khp6l85jhnvgy8l/T/bzt_ByeJkw.log', 'option': None, 'aliases': []}
[2018-03-26 11:13:38,863 DEBUG root] Python: CPython 2.7.10
[2018-03-26 11:13:38,863 DEBUG root] OS: ('Darwin', 'chefe02mac947', '16.7.0', 'Darwin Kernel Version 16.7.0: Thu Jan 11 22:59:40 PST 2018; root:xnu-3789.73.8~1/RELEASE_X86_64', 'x86_64', 'i386')
[2018-03-26 11:13:38,863 INFO root] Starting with configs: ['blazedemo_1.yaml']
[2018-03-26 11:13:38,863 DEBUG root] Using personal config: /Users/chefe02/.bzt-rc
[2018-03-26 11:13:38,863 INFO Engine] Configuring...
[2018-03-26 11:13:38,864 DEBUG Engine] No machine configs dir: /usr/local/Cellar/bzt/1.10.5/libexec/etc/bzt.d
[2018-03-26 11:13:38,864 DEBUG Engine] Base configs list: ['/usr/local/Cellar/bzt/1.10.5/libexec/lib/python2.7/site-packages/bzt/resources/base-config.yml']
[2018-03-26 11:13:38,864 DEBUG Engine.Configuration] Configs: ['/usr/local/Cellar/bzt/1.10.5/libexec/lib/python2.7/site-packages/bzt/resources/base-config.yml']
[2018-03-26 11:13:38,864 DEBUG Engine.Configuration] Reading /usr/local/Cellar/bzt/1.10.5/libexec/lib/python2.7/site-packages/bzt/resources/base-config.yml as YAML
[2018-03-26 11:13:38,889 DEBUG Engine] User configs list: ['/Users/chefe02/.bzt-rc', 'blazedemo_1.yaml']
[2018-03-26 11:13:38,889 DEBUG Engine.Configuration] Configs: ['/Users/chefe02/.bzt-rc', 'blazedemo_1.yaml']
[2018-03-26 11:13:38,889 DEBUG Engine.Configuration] Reading /Users/chefe02/.bzt-rc as YAML
[2018-03-26 11:13:38,893 WARNING Engine.Configuration] Replaced leading tabs in file blazedemo_1.yaml, line 12
[2018-03-26 11:13:38,893 WARNING Engine.Configuration] Line content is: script: ./blazedemo_1.jmx
[2018-03-26 11:13:38,893 WARNING Engine.Configuration] Please remember that YAML spec does not allow using tabs for indentation
[2018-03-26 11:13:38,893 DEBUG Engine.Configuration] Reading blazedemo_1.yaml as YAML
[2018-03-26 11:13:38,895 DEBUG Engine.Configuration] Configs: ['/Users/chefe02/.bzt-rc', 'blazedemo_1.yaml']
[2018-03-26 11:13:38,896 DEBUG Engine.Configuration] Reading /Users/chefe02/.bzt-rc as YAML
[2018-03-26 11:13:38,899 DEBUG Engine.Configuration] Reading blazedemo_1.yaml as YAML
[2018-03-26 11:13:38,910 DEBUG Engine] Requesting updates info: http://gettaurus.org/updates/?version=1.10.5&installID=macos-8c85905fb9f6
[2018-03-26 11:13:38,917 INFO Engine] Artifacts dir: /Users/chefe02/Documents/Demo/GIT/BlazeDemo/2018-03-26_11-13-38.917271
[2018-03-26 11:13:38,917 DEBUG Engine] New artifact filename: /Users/chefe02/Documents/Demo/GIT/BlazeDemo/2018-03-26_11-13-38.917271/effective
[2018-03-26 11:13:38,919 DEBUG Engine.Configuration] Dumping YAML config into /Users/chefe02/Documents/Demo/GIT/BlazeDemo/2018-03-26_11-13-38.917271/effective.yml
[2018-03-26 11:13:38,939 DEBUG Engine.Configuration] Dumping JSON config into /Users/chefe02/Documents/Demo/GIT/BlazeDemo/2018-03-26_11-13-38.917271/effective.json
[2018-03-26 11:13:38,940 DEBUG Engine] New artifact filename: /Users/chefe02/Documents/Demo/GIT/BlazeDemo/2018-03-26_11-13-38.917271/merged.yml
[2018-03-26 11:13:38,940 DEBUG Engine.Configuration] Dumping YAML config into /Users/chefe02/Documents/Demo/GIT/BlazeDemo/2018-03-26_11-13-38.917271/merged.yml
[2018-03-26 11:13:38,941 DEBUG Engine] New artifact filename: /Users/chefe02/Documents/Demo/GIT/BlazeDemo/2018-03-26_11-13-38.917271/merged.json
[2018-03-26 11:13:38,942 DEBUG Engine.Configuration] Dumping JSON config into /Users/chefe02/Documents/Demo/GIT/BlazeDemo/2018-03-26_11-13-38.917271/merged.json
[2018-03-26 11:13:38,942 DEBUG Engine] Add existing artifact (move=False): blazedemo_1.yaml
[2018-03-26 11:13:38,942 DEBUG Engine] Copying blazedemo_1.yaml to /Users/chefe02/Documents/Demo/GIT/BlazeDemo/2018-03-26_11-13-38.917271/blazedemo_1.yaml
[2018-03-26 11:13:38,942 DEBUG root] Closing log handler: /var/folders/5f/vzk4zj_95sndkt7khp6l85jhnvgy8l/T/bzt_ByeJkw.log
[2018-03-26 11:13:39,077 DEBUG root] Switched writing logs to /Users/chefe02/Documents/Demo/GIT/BlazeDemo/2018-03-26_11-13-38.917271/bzt.log
[2018-03-26 11:13:39,077 DEBUG root] Linting config
[2018-03-26 11:13:39,082 WARNING root] at path 'scenario': unfamiliar name 'scenario'. Did you mean 'scenarios'?
[2018-03-26 11:13:39,082 WARNING root] at path 'execution.0.scenario': scenario 'BlazeDemo_confirmation' is used but isn't defined
[2018-03-26 11:13:39,083 INFO Engine] Preparing...
[2018-03-26 11:13:39,083 DEBUG Engine] Module config: consolidator defaultdict(None, {'class': 'bzt.modules.aggregator.ConsolidatingAggregator'})
[2018-03-26 11:13:39,083 DEBUG root] Importing module: bzt.modules.aggregator
[2018-03-26 11:13:39,106 DEBUG root] Loading class: 'ConsolidatingAggregator' from <module 'bzt.modules.aggregator' from '/usr/local/Cellar/bzt/1.10.5/libexec/lib/python2.7/site-packages/bzt/modules/aggregator.pyc'>
[2018-03-26 11:13:39,107 DEBUG Engine.consolidator] Buffer scaling setup: percentile 95.0 from [0.0, 50.0, 90.0, 95.0, 99.0, 99.9, 100.0] selected
[2018-03-26 11:13:39,107 DEBUG Engine] Module config: monitoring defaultdict(None, {'class': 'bzt.modules.monitoring.Monitoring'})
[2018-03-26 11:13:39,107 DEBUG root] Importing module: bzt.modules.monitoring
[2018-03-26 11:13:39,108 DEBUG root] Loading class: 'Monitoring' from <module 'bzt.modules.monitoring' from '/usr/local/Cellar/bzt/1.10.5/libexec/lib/python2.7/site-packages/bzt/modules/monitoring.pyc'>
[2018-03-26 11:13:39,108 DEBUG Engine] Module config: local defaultdict(None, {'class': 'bzt.modules.provisioning.Local'})
[2018-03-26 11:13:39,108 DEBUG root] Importing module: bzt.modules.provisioning
[2018-03-26 11:13:39,108 DEBUG root] Loading class: 'Local' from <module 'bzt.modules.provisioning' from '/usr/local/Cellar/bzt/1.10.5/libexec/lib/python2.7/site-packages/bzt/modules/provisioning.pyc'>
[2018-03-26 11:13:39,108 DEBUG Engine] Module config: jmeter defaultdict(None, {'properties': defaultdict(None, {'jmeter.save.saveservice.autoflush': 'true', 'jmeter.save.saveservice.connect_time': 'true', 'summariser.name': '', 'jmeterengine.force.system.exit': 'true'}), 'class': 'bzt.modules.jmeter.JMeterExecutor', 'plugins': ['jpgc-casutg', 'jpgc-dummy', 'jpgc-ffw', 'jpgc-fifo', 'jpgc-functions', 'jpgc-json', 'jpgc-perfmon', 'jpgc-prmctl', 'jpgc-tst']})
[2018-03-26 11:13:39,108 DEBUG root] Importing module: bzt.modules.jmeter
[2018-03-26 11:13:40,311 DEBUG root] Loading class: 'JMeterExecutor' from <module 'bzt.modules.jmeter' from '/usr/local/Cellar/bzt/1.10.5/libexec/lib/python2.7/site-packages/bzt/modules/jmeter.pyc'>
[2018-03-26 11:13:40,312 DEBUG Engine] Taurus updates info: {"latest":"1.11.0","needsUpgrade":true}
[2018-03-26 11:13:40,312 DEBUG Engine.local] Preparing executor: jmeter/4443544400
[2018-03-26 11:13:40,312 WARNING Engine] There is newer version of Taurus 1.11.0 available, consider upgrading. What's new: http://gettaurus.org/docs/Changelog/
[2018-03-26 11:13:40,313 WARNING Engine] Could not find location at path: BlazeDemo_confirmation
[2018-03-26 11:13:40,313 ERROR root] Config Error: Scenario 'BlazeDemo_confirmation' not found in scenarios: []
[2018-03-26 11:13:40,315 DEBUG root] TaurusConfigError: Scenario 'BlazeDemo_confirmation' not found in scenarios: []
Traceback (most recent call last):
  File "/usr/local/Cellar/bzt/1.10.5/libexec/lib/python2.7/site-packages/bzt/cli.py", line 248, in perform
    self.engine.prepare()
  File "/usr/local/Cellar/bzt/1.10.5/libexec/lib/python2.7/site-packages/bzt/engine.py", line 166, in prepare
    self.__prepare_provisioning()
  File "/usr/local/Cellar/bzt/1.10.5/libexec/lib/python2.7/site-packages/bzt/engine.py", line 513, in __prepare_provisioning
    self.provisioning.prepare()
  File "/usr/local/Cellar/bzt/1.10.5/libexec/lib/python2.7/site-packages/bzt/modules/provisioning.py", line 72, in prepare
    executor.prepare()
  File "/usr/local/Cellar/bzt/1.10.5/libexec/lib/python2.7/site-packages/bzt/modules/jmeter.py", line 267, in prepare
    scenario = self.get_scenario()
  File "/usr/local/Cellar/bzt/1.10.5/libexec/lib/python2.7/site-packages/bzt/modules/jmeter.py", line 201, in get_scenario
    scenario_obj = super(JMeterExecutor, self).get_scenario(name=name, cache_scenario=False)
  File "/usr/local/Cellar/bzt/1.10.5/libexec/lib/python2.7/site-packages/bzt/engine.py", line 996, in get_scenario
    scenario = scenarios.get(label, exc)
  File "/usr/local/Cellar/bzt/1.10.5/libexec/lib/python2.7/site-packages/bzt/utils.py", line 182, in get
    raise default
TaurusConfigError: Scenario 'BlazeDemo_confirmation' not found in scenarios: []
[2018-03-26 11:13:40,315 INFO Engine] Post-processing...
[2018-03-26 11:13:40,315 DEBUG Engine.consolidator] Consolidator buffer[0]: []
[2018-03-26 11:13:40,317 DEBUG Engine.Configuration] Dumping YAML config into /Users/chefe02/Documents/Demo/GIT/BlazeDemo/2018-03-26_11-13-38.917271/effective.yml
[2018-03-26 11:13:40,338 DEBUG Engine.Configuration] Dumping JSON config into /Users/chefe02/Documents/Demo/GIT/BlazeDemo/2018-03-26_11-13-38.917271/effective.json
[2018-03-26 11:13:40,339 INFO root] Artifacts dir: /Users/chefe02/Documents/Demo/GIT/BlazeDemo/2018-03-26_11-13-38.917271
[2018-03-26 11:13:40,339 WARNING root] Done performing with code: 1
[2018-03-26 11:13:40,339 DEBUG root] Closing log handler: /Users/chefe02/Documents/Demo/GIT/BlazeDemo/2018-03-26_11-13-38.917271/bzt.log
