[2018-02-15 08:58:48,227 INFO root] Taurus CLI Tool v1.10.3
[2018-02-15 08:58:48,227 DEBUG root] Command-line options: {'verbose': None, 'no_system_configs': None, 'quiet': None, 'log': '/var/folders/5f/vzk4zj_95sndkt7khp6l85jhnvgy8l/T/bzt_44f3ID.log', 'option': None, 'aliases': []}
[2018-02-15 08:58:48,227 DEBUG root] Python: CPython 2.7.10
[2018-02-15 08:58:48,228 DEBUG root] OS: ('Darwin', 'chefe02mac947', '16.7.0', 'Darwin Kernel Version 16.7.0: Thu Jan 11 22:59:40 PST 2018; root:xnu-3789.73.8~1/RELEASE_X86_64', 'x86_64', 'i386')
[2018-02-15 08:58:48,228 INFO root] Starting with configs: ['blazedemo_confirmation.yml']
[2018-02-15 08:58:48,228 DEBUG root] Using personal config: /Users/chefe02/.bzt-rc
[2018-02-15 08:58:48,228 INFO Engine] Configuring...
[2018-02-15 08:58:48,228 DEBUG Engine] No machine configs dir: /usr/local/Cellar/bzt/1.10.3/libexec/etc/bzt.d
[2018-02-15 08:58:48,228 DEBUG Engine.Configuration] Configs: ['/usr/local/Cellar/bzt/1.10.3/libexec/lib/python2.7/site-packages/bzt/resources/base-config.yml']
[2018-02-15 08:58:48,228 DEBUG Engine.Configuration] Reading /usr/local/Cellar/bzt/1.10.3/libexec/lib/python2.7/site-packages/bzt/resources/base-config.yml as YAML
[2018-02-15 08:58:48,254 DEBUG Engine.Configuration] Configs: ['/Users/chefe02/.bzt-rc', 'blazedemo_confirmation.yml']
[2018-02-15 08:58:48,255 DEBUG Engine.Configuration] Reading /Users/chefe02/.bzt-rc as YAML
[2018-02-15 08:58:48,259 DEBUG Engine.Configuration] Reading blazedemo_confirmation.yml as YAML
[2018-02-15 08:58:48,269 DEBUG Engine.Configuration] Configs: ['/Users/chefe02/.bzt-rc', 'blazedemo_confirmation.yml']
[2018-02-15 08:58:48,269 DEBUG Engine.Configuration] Reading /Users/chefe02/.bzt-rc as YAML
[2018-02-15 08:58:48,273 DEBUG Engine.Configuration] Reading blazedemo_confirmation.yml as YAML
[2018-02-15 08:58:48,294 DEBUG Engine] Requesting updates info: http://gettaurus.org/updates/?version=1.10.3&installID=macos-8c85905fb9f6
[2018-02-15 08:58:48,299 INFO Engine] Artifacts dir: /Users/chefe02/Documents/Demo/GIT/BlazeDemo/Artifacts/2018-02-15_08-58-48.294440
[2018-02-15 08:58:48,299 DEBUG Engine] New artifact filename: /Users/chefe02/Documents/Demo/GIT/BlazeDemo/Artifacts/2018-02-15_08-58-48.294440/effective
[2018-02-15 08:58:48,301 DEBUG Engine.Configuration] Dumping YAML config into /Users/chefe02/Documents/Demo/GIT/BlazeDemo/Artifacts/2018-02-15_08-58-48.294440/effective.yml
[2018-02-15 08:58:48,323 DEBUG Engine.Configuration] Dumping JSON config into /Users/chefe02/Documents/Demo/GIT/BlazeDemo/Artifacts/2018-02-15_08-58-48.294440/effective.json
[2018-02-15 08:58:48,324 DEBUG Engine] New artifact filename: /Users/chefe02/Documents/Demo/GIT/BlazeDemo/Artifacts/2018-02-15_08-58-48.294440/merged.yml
[2018-02-15 08:58:48,325 DEBUG Engine.Configuration] Dumping YAML config into /Users/chefe02/Documents/Demo/GIT/BlazeDemo/Artifacts/2018-02-15_08-58-48.294440/merged.yml
[2018-02-15 08:58:48,331 DEBUG Engine] New artifact filename: /Users/chefe02/Documents/Demo/GIT/BlazeDemo/Artifacts/2018-02-15_08-58-48.294440/merged.json
[2018-02-15 08:58:48,332 DEBUG Engine.Configuration] Dumping JSON config into /Users/chefe02/Documents/Demo/GIT/BlazeDemo/Artifacts/2018-02-15_08-58-48.294440/merged.json
[2018-02-15 08:58:48,332 DEBUG Engine] Add existing artifact (move=False): blazedemo_confirmation.yml
[2018-02-15 08:58:48,332 DEBUG Engine] Copying blazedemo_confirmation.yml to /Users/chefe02/Documents/Demo/GIT/BlazeDemo/Artifacts/2018-02-15_08-58-48.294440/blazedemo_confirmation.yml
[2018-02-15 08:58:48,332 DEBUG root] Closing log handler: /var/folders/5f/vzk4zj_95sndkt7khp6l85jhnvgy8l/T/bzt_44f3ID.log
[2018-02-15 08:58:48,446 DEBUG root] Switched writing logs to /Users/chefe02/Documents/Demo/GIT/BlazeDemo/Artifacts/2018-02-15_08-58-48.294440/bzt.log
[2018-02-15 08:58:48,446 INFO Engine] Preparing...
[2018-02-15 08:58:48,446 DEBUG Engine] Module config: consolidator defaultdict(None, {'class': 'bzt.modules.aggregator.ConsolidatingAggregator'})
[2018-02-15 08:58:48,446 DEBUG root] Importing module: bzt.modules.aggregator
[2018-02-15 08:58:48,466 DEBUG root] Loading class: 'ConsolidatingAggregator' from <module 'bzt.modules.aggregator' from '/usr/local/Cellar/bzt/1.10.3/libexec/lib/python2.7/site-packages/bzt/modules/aggregator.pyc'>
[2018-02-15 08:58:48,466 DEBUG Engine.consolidator] Exception in dehumanize_time(inf)
[2018-02-15 08:58:48,466 DEBUG Engine.consolidator] Buffer scaling setup: percentile 95.0 from [0.0, 50.0, 90.0, 95.0, 99.0, 99.9, 100.0] selected
[2018-02-15 08:58:48,466 DEBUG Engine] Module config: monitoring defaultdict(None, {'class': 'bzt.modules.monitoring.Monitoring'})
[2018-02-15 08:58:48,466 DEBUG root] Importing module: bzt.modules.monitoring
[2018-02-15 08:58:48,467 DEBUG root] Loading class: 'Monitoring' from <module 'bzt.modules.monitoring' from '/usr/local/Cellar/bzt/1.10.3/libexec/lib/python2.7/site-packages/bzt/modules/monitoring.pyc'>
[2018-02-15 08:58:48,468 DEBUG Engine] Module config: local defaultdict(None, {'class': 'bzt.modules.provisioning.Local'})
[2018-02-15 08:58:48,468 DEBUG root] Importing module: bzt.modules.provisioning
[2018-02-15 08:58:48,468 DEBUG root] Loading class: 'Local' from <module 'bzt.modules.provisioning' from '/usr/local/Cellar/bzt/1.10.3/libexec/lib/python2.7/site-packages/bzt/modules/provisioning.pyc'>
[2018-02-15 08:58:48,468 DEBUG Engine] Module config: jmeter defaultdict(None, {'properties': defaultdict(None, {'jmeter.save.saveservice.autoflush': 'true', 'jmeter.save.saveservice.connect_time': 'true', 'summariser.name': '', 'jmeterengine.force.system.exit': 'true'}), 'class': 'bzt.modules.jmeter.JMeterExecutor', 'plugins': ['jpgc-casutg', 'jpgc-dummy', 'jpgc-ffw', 'jpgc-fifo', 'jpgc-functions', 'jpgc-json', 'jpgc-perfmon', 'jpgc-prmctl', 'jpgc-tst']})
[2018-02-15 08:58:48,468 DEBUG root] Importing module: bzt.modules.jmeter
[2018-02-15 08:58:48,477 DEBUG root] Loading class: 'JMeterExecutor' from <module 'bzt.modules.jmeter' from '/usr/local/Cellar/bzt/1.10.3/libexec/lib/python2.7/site-packages/bzt/modules/jmeter.pyc'>
[2018-02-15 08:58:48,477 DEBUG Engine.local] Preparing executor: jmeter/4427367120
[2018-02-15 08:58:48,477 DEBUG Engine] New artifact filename: /Users/chefe02/Documents/Demo/GIT/BlazeDemo/Artifacts/2018-02-15_08-58-48.294440/jmeter.log
[2018-02-15 08:58:48,477 DEBUG Engine.jmeter] Checking if port 4445 is free
[2018-02-15 08:58:48,478 DEBUG Engine.jmeter] Port 4445 is free
[2018-02-15 08:58:48,478 DEBUG Engine.jmeter] Using port 4445 for management
[2018-02-15 08:58:48,478 DEBUG Engine.jmeter.JavaVM] Trying JavaVM: ['java', '-version']
[2018-02-15 08:58:48,586 DEBUG Engine.jmeter.JavaVM] JavaVM output: java version "1.8.0_151"
Java(TM) SE Runtime Environment (build 1.8.0_151-b12)
Java HotSpot(TM) 64-Bit Server VM (build 25.151-b12, mixed mode)

[2018-02-15 08:58:48,586 DEBUG Engine.jmeter.TclLibrary] We don't need to check tcl library on this platform
[2018-02-15 08:58:48,586 DEBUG Engine.jmeter.JMeter] Trying jmeter: /Users/chefe02/.bzt/jmeter-taurus/3.3/bin/jmeter.sh
[2018-02-15 08:58:48,587 DEBUG bzt.utils] Executing shell: ['/Users/chefe02/.bzt/jmeter-taurus/3.3/bin/jmeter.sh', '-j', '/var/folders/5f/vzk4zj_95sndkt7khp6l85jhnvgy8l/T/jmetermD53qjlog', '--version'] at .
[2018-02-15 08:58:49,064 DEBUG Engine] Taurus updates info: {"latest":"1.10.5","needsUpgrade":true}
[2018-02-15 08:58:49,065 WARNING Engine] There is newer version of Taurus 1.10.5 available, consider upgrading. What's new: http://gettaurus.org/docs/Changelog/
[2018-02-15 08:58:49,427 DEBUG Engine.jmeter.JMeter] JMeter check:     _    ____   _    ____ _   _ _____       _ __  __ _____ _____ _____ ____     
   / \  |  _ \ / \  / ___| | | | ____|     | |  \/  | ____|_   _| ____|  _ \   
  / _ \ | |_) / _ \| |   | |_| |  _|    _  | | |\/| |  _|   | | |  _| | |_) | 
 / ___ \|  __/ ___ \ |___|  _  | |___  | |_| | |  | | |___  | | | |___|  _ <  
/_/   \_\_| /_/   \_\____|_| |_|_____|  \___/|_|  |_|_____| |_| |_____|_| \_\ 3.3 r1808647  

Copyright (c) 1999-2017 The Apache Software Foundation

 / None
[2018-02-15 08:58:49,434 DEBUG Engine] New artifact filename: /Users/chefe02/Documents/Demo/GIT/BlazeDemo/Artifacts/2018-02-15_08-58-48.294440/requests.jmx
[2018-02-15 08:58:49,438 DEBUG JMeterScenarioBuilder] Saving JMX to: /Users/chefe02/Documents/Demo/GIT/BlazeDemo/Artifacts/2018-02-15_08-58-48.294440/requests.jmx
[2018-02-15 08:58:49,438 DEBUG bzt.utils] Executing shell: ['/Users/chefe02/.bzt/jmeter-taurus/3.3/bin/PluginsManagerCMD.sh', 'install-for-jmx', '/Users/chefe02/Documents/Demo/GIT/BlazeDemo/Artifacts/2018-02-15_08-58-48.294440/requests.jmx'] at .
[2018-02-15 08:58:52,530 DEBUG Engine.jmeter.JMeter] Try to detect plugins for /Users/chefe02/Documents/Demo/GIT/BlazeDemo/Artifacts/2018-02-15_08-58-48.294440/requests.jmx
08:58:51.538 [main] INFO  org.jmeterplugins.repository.PluginManager - Plugins Status: [jpgc-graphs-basic=2.0, jpgc-functions=2.0, jpgc-casutg=2.5, jpgc-dummy=0.2, jpgc-ffw=2.0, jpgc-fifo=0.2, jpgc-json=2.6, jpgc-prmctl=0.3, jpgc-perfmon=2.1, jpgc-plugins-manager=0.19, jpgc-tst=2.1, jmeter-core=3.3, jmeter-ftp=3.3, jmeter-http=3.3, jmeter-jdbc=3.3, jmeter-jms=3.3, jmeter-junit=3.3, jmeter-java=3.3, jmeter-ldap=3.3, jmeter-mail=3.3, jmeter-mongodb=3.3, jmeter-native=3.3, jmeter-tcp=3.3, jmeter-components=3.3, jpgc-standard=2.0]
2018-02-15 08:58:51,538 INFO o.j.r.PluginManager: Plugins Status: [jpgc-graphs-basic=2.0, jpgc-functions=2.0, jpgc-casutg=2.5, jpgc-dummy=0.2, jpgc-ffw=2.0, jpgc-fifo=0.2, jpgc-json=2.6, jpgc-prmctl=0.3, jpgc-perfmon=2.1, jpgc-plugins-manager=0.19, jpgc-tst=2.1, jmeter-core=3.3, jmeter-ftp=3.3, jmeter-http=3.3, jmeter-jdbc=3.3, jmeter-jms=3.3, jmeter-junit=3.3, jmeter-java=3.3, jmeter-ldap=3.3, jmeter-mail=3.3, jmeter-mongodb=3.3, jmeter-native=3.3, jmeter-tcp=3.3, jmeter-components=3.3, jpgc-standard=2.0]
08:58:51.855 [main] INFO  org.apache.jmeter.save.SaveService - Testplan (JMX) version: 2.2. Testlog (JTL) version: 2.2
2018-02-15 08:58:51,855 INFO o.a.j.s.SaveService: Testplan (JMX) version: 2.2. Testlog (JTL) version: 2.2
08:58:51.864 [main] INFO  org.apache.jmeter.save.SaveService - Using SaveService properties file encoding UTF-8
2018-02-15 08:58:51,864 INFO o.a.j.s.SaveService: Using SaveService properties file encoding UTF-8
08:58:51.868 [main] INFO  org.apache.jmeter.save.SaveService - Using SaveService properties version 3.2
2018-02-15 08:58:51,868 INFO o.a.j.s.SaveService: Using SaveService properties version 3.2
08:58:51.896 [main] INFO  org.apache.jmeter.protocol.http.control.CacheManager - Will only cache the following methods: [GET]
2018-02-15 08:58:51,896 INFO o.a.j.p.h.c.CacheManager: Will only cache the following methods: [GET]
08:58:51.899 [main] INFO  org.apache.jmeter.protocol.http.control.CookieManager - Settings: Delete null: true Check: true Allow variable: true Save: false Prefix: COOKIE_
2018-02-15 08:58:51,899 INFO o.a.j.p.h.c.CookieManager: Settings: Delete null: true Check: true Allow variable: true Save: false Prefix: COOKIE_
08:58:51.969 [main] INFO  org.jmeterplugins.repository.PluginManager - Restarting JMeter...
2018-02-15 08:58:51,969 INFO o.j.r.PluginManager: Restarting JMeter...
08:58:51.970 [Thread-1] INFO  org.jmeterplugins.repository.PluginManager - Starting JMeter Plugins modifications
2018-02-15 08:58:51,970 INFO o.j.r.PluginManager: Starting JMeter Plugins modifications

ERROR StatusLogger No log4j2 configuration file found. Using default configuration: logging only errors to the console. Set system property 'org.apache.logging.log4j.simplelog.StatusLogger.level' to TRACE to show Log4j2 internal initialization logging.

[2018-02-15 08:58:52,530 DEBUG Engine.jmeter] Load: LoadSpec(concurrency=1, throughput=None, ramp_up=300.0, hold=600.0, iterations=0, duration=900.0, steps=None)
[2018-02-15 08:58:52,533 DEBUG Engine.jmeter.LoadSettingsProcessor.ThreadGroupHandler] Converting ThreadGroup (BlazeDemo_confirmation) to ConcurrencyThreadGroup and apply load parameters
[2018-02-15 08:58:52,534 DEBUG Engine] New artifact filename: /Users/chefe02/Documents/Demo/GIT/BlazeDemo/Artifacts/2018-02-15_08-58-48.294440/kpi.jtl
[2018-02-15 08:58:52,534 DEBUG Engine] New artifact filename: /Users/chefe02/Documents/Demo/GIT/BlazeDemo/Artifacts/2018-02-15_08-58-48.294440/error.jtl
[2018-02-15 08:58:52,535 DEBUG Engine] New artifact filename: /Users/chefe02/Documents/Demo/GIT/BlazeDemo/Artifacts/2018-02-15_08-58-48.294440/modified_requests.jmx
[2018-02-15 08:58:52,535 DEBUG JMX] Saving JMX to: /Users/chefe02/Documents/Demo/GIT/BlazeDemo/Artifacts/2018-02-15_08-58-48.294440/modified_requests.jmx
[2018-02-15 08:58:52,535 DEBUG Engine.jmeter] Additional properties: defaultdict(None, {'jmeter.save.saveservice.autoflush': 'true', 'jmeter.save.saveservice.connect_time': 'true', 'user.classpath': '/Users/chefe02/Documents/Demo/GIT/BlazeDemo/Artifacts/2018-02-15_08-58-48.294440:/Users/chefe02/Documents/Demo/GIT/BlazeDemo/Artifacts/2018-02-15_08-58-48.294440', 'sampleresult.default.encoding': 'UTF-8', 'summariser.name': '', 'jmeterengine.force.system.exit': 'true', 'jmeter.save.saveservice.timestamp_format': 'ms', 'jmeterengine.nongui.maxport': 4445, 'jmeterengine.nongui.port': 4445})
[2018-02-15 08:58:52,536 DEBUG Engine] New artifact filename: /Users/chefe02/Documents/Demo/GIT/BlazeDemo/Artifacts/2018-02-15_08-58-48.294440/jmeter-bzt.properties
[2018-02-15 08:58:52,536 DEBUG Engine.jmeter] Additional system properties defaultdict(None, {'sun.net.inetaddr.ttl': 0})
[2018-02-15 08:58:52,536 DEBUG Engine] New artifact filename: /Users/chefe02/Documents/Demo/GIT/BlazeDemo/Artifacts/2018-02-15_08-58-48.294440/system.properties
[2018-02-15 08:58:52,536 DEBUG Engine] New artifact filename: /Users/chefe02/Documents/Demo/GIT/BlazeDemo/Artifacts/2018-02-15_08-58-48.294440/jmeter.out
[2018-02-15 08:58:52,536 DEBUG Engine] New artifact filename: /Users/chefe02/Documents/Demo/GIT/BlazeDemo/Artifacts/2018-02-15_08-58-48.294440/jmeter.err
[2018-02-15 08:58:52,537 DEBUG Engine] Module config: final-stats defaultdict(None, {'class': 'bzt.modules.reporting.FinalStatus'})
[2018-02-15 08:58:52,537 DEBUG root] Importing module: bzt.modules.reporting
[2018-02-15 08:58:52,582 DEBUG easyprocess] version=0.2.3
[2018-02-15 08:58:52,585 DEBUG pyvirtualdisplay] version=0.2.1
[2018-02-15 08:58:52,586 DEBUG root] Loading class: 'FinalStatus' from <module 'bzt.modules.reporting' from '/usr/local/Cellar/bzt/1.10.3/libexec/lib/python2.7/site-packages/bzt/modules/reporting.pyc'>
[2018-02-15 08:58:52,586 DEBUG Engine] Module config: console defaultdict(None, {'class': 'bzt.modules.console.ConsoleStatusReporter'})
[2018-02-15 08:58:52,586 DEBUG root] Importing module: bzt.modules.console
[2018-02-15 08:58:52,586 DEBUG root] Loading class: 'ConsoleStatusReporter' from <module 'bzt.modules.console' from '/usr/local/Cellar/bzt/1.10.3/libexec/lib/python2.7/site-packages/bzt/modules/console.pyc'>
[2018-02-15 08:58:52,593 DEBUG Engine.Configuration] Dumping YAML config into /Users/chefe02/Documents/Demo/GIT/BlazeDemo/Artifacts/2018-02-15_08-58-48.294440/effective.yml
[2018-02-15 08:58:52,630 DEBUG Engine.Configuration] Dumping JSON config into /Users/chefe02/Documents/Demo/GIT/BlazeDemo/Artifacts/2018-02-15_08-58-48.294440/effective.json
[2018-02-15 08:58:52,631 INFO Engine] Starting...
[2018-02-15 08:58:52,631 DEBUG Engine] Startup <bzt.modules.monitoring.Monitoring object at 0x106a73710>
[2018-02-15 08:58:52,631 DEBUG Engine] Startup <bzt.modules.aggregator.ConsolidatingAggregator object at 0x106a29d90>
[2018-02-15 08:58:52,631 DEBUG Engine] Startup <bzt.modules.reporting.FinalStatus object at 0x106a67bd0>
[2018-02-15 08:58:52,631 DEBUG Engine] Startup <bzt.modules.console.ConsoleStatusReporter object at 0x10852d310>
[2018-02-15 08:58:52,631 INFO Engine.console] Waiting for results...
[2018-02-15 08:58:52,631 DEBUG Engine] Startup <bzt.modules.reporting.FinalStatus object at 0x10852d410>
[2018-02-15 08:58:52,631 DEBUG Engine] Startup <bzt.modules.provisioning.Local object at 0x106a29ed0>
[2018-02-15 08:58:52,632 DEBUG Engine.local] Delay setup for jmeter/BlazeDemo_confirmation: 0(start-at) + 0(delay) = 0
[2018-02-15 08:58:52,634 DEBUG Engine.Configuration] Dumping YAML config into /Users/chefe02/Documents/Demo/GIT/BlazeDemo/Artifacts/2018-02-15_08-58-48.294440/effective.yml
[2018-02-15 08:58:52,672 DEBUG Engine.Configuration] Dumping JSON config into /Users/chefe02/Documents/Demo/GIT/BlazeDemo/Artifacts/2018-02-15_08-58-48.294440/effective.json
[2018-02-15 08:58:52,673 DEBUG root] Leveling down log file verbosity, use -v option to have DEBUG messages enabled
[2018-02-15 08:58:52,674 DEBUG root] Leveled up log file verbosity
[2018-02-15 08:58:52,674 DEBUG Engine.jmeter] Executing shell from /Users/chefe02/Documents/Demo/GIT/BlazeDemo: ['/Users/chefe02/.bzt/jmeter-taurus/3.3/bin/jmeter.sh', '-n', '-t', '/Users/chefe02/Documents/Demo/GIT/BlazeDemo/Artifacts/2018-02-15_08-58-48.294440/modified_requests.jmx', '-j', '/Users/chefe02/Documents/Demo/GIT/BlazeDemo/Artifacts/2018-02-15_08-58-48.294440/jmeter.log', '-q', '/Users/chefe02/Documents/Demo/GIT/BlazeDemo/Artifacts/2018-02-15_08-58-48.294440/jmeter-bzt.properties', '-S', '/Users/chefe02/Documents/Demo/GIT/BlazeDemo/Artifacts/2018-02-15_08-58-48.294440/system.properties']
[2018-02-15 08:58:52,674 DEBUG bzt.utils] Executing shell: ['/Users/chefe02/.bzt/jmeter-taurus/3.3/bin/jmeter.sh', '-n', '-t', '/Users/chefe02/Documents/Demo/GIT/BlazeDemo/Artifacts/2018-02-15_08-58-48.294440/modified_requests.jmx', '-j', '/Users/chefe02/Documents/Demo/GIT/BlazeDemo/Artifacts/2018-02-15_08-58-48.294440/jmeter.log', '-q', '/Users/chefe02/Documents/Demo/GIT/BlazeDemo/Artifacts/2018-02-15_08-58-48.294440/jmeter-bzt.properties', '-S', '/Users/chefe02/Documents/Demo/GIT/BlazeDemo/Artifacts/2018-02-15_08-58-48.294440/system.properties'] at /Users/chefe02/Documents/Demo/GIT/BlazeDemo
[2018-02-15 08:58:52,680 DEBUG root] Leveling down log file verbosity, use -v option to have DEBUG messages enabled
[2018-02-15 08:58:52,891 INFO Engine.console] Waiting for finish...
[2018-02-15 09:01:05,203 WARNING Engine] Please wait for graceful shutdown...
[2018-02-15 09:01:05,206 DEBUG root] Leveled up log file verbosity
[2018-02-15 09:01:05,206 INFO Engine] Shutting down...
[2018-02-15 09:01:05,208 DEBUG Engine.local] Shutdown jmeter/BlazeDemo_confirmation
[2018-02-15 09:01:06,213 INFO Engine.jmeter] Sending Shutdown command to JMeter on port 4445...
[2018-02-15 09:01:07,218 DEBUG Engine.jmeter] JMeter stopped on Shutdown command
[2018-02-15 09:01:07,218 DEBUG Engine.console] Restoring logging streams, [<logging.StreamHandler object at 0x106332d10>]/{<logging.StreamHandler object at 0x106332d10>: <open file '<stdout>', mode 'w' at 0x1059f8150>}
[2018-02-15 09:01:07,222 DEBUG Engine.Configuration] Dumping YAML config into /Users/chefe02/Documents/Demo/GIT/BlazeDemo/Artifacts/2018-02-15_08-58-48.294440/effective.yml
[2018-02-15 09:01:07,266 DEBUG Engine.Configuration] Dumping JSON config into /Users/chefe02/Documents/Demo/GIT/BlazeDemo/Artifacts/2018-02-15_08-58-48.294440/effective.json
[2018-02-15 09:01:07,267 WARNING root] Keyboard interrupt
[2018-02-15 09:01:07,268 DEBUG root] KeyboardInterrupt: 
Traceback (most recent call last):
  File "/usr/local/Cellar/bzt/1.10.3/libexec/lib/python2.7/site-packages/bzt/cli.py", line 225, in perform
    self.engine.run()
  File "/usr/local/Cellar/bzt/1.10.3/libexec/lib/python2.7/site-packages/bzt/engine.py", line 202, in run
    reraise(exc_info)
  File "/usr/local/Cellar/bzt/1.10.3/libexec/lib/python2.7/site-packages/bzt/engine.py", line 184, in run
    self._wait()
  File "/usr/local/Cellar/bzt/1.10.3/libexec/lib/python2.7/site-packages/bzt/engine.py", line 227, in _wait
    time.sleep(delay)
KeyboardInterrupt
[2018-02-15 09:01:07,268 INFO Engine] Post-processing...
[2018-02-15 09:01:07,268 DEBUG Engine.local] Post-process jmeter/BlazeDemo_confirmation
[2018-02-15 09:01:07,268 DEBUG Engine] Add existing artifact (move=True): /Users/chefe02/Documents/Demo/GIT/BlazeDemo/Artifacts/2018-02-15_08-58-48.294440/modified_requests.jmx
[2018-02-15 09:01:07,268 DEBUG Engine] No need to copy /Users/chefe02/Documents/Demo/GIT/BlazeDemo/Artifacts/2018-02-15_08-58-48.294440/modified_requests.jmx
[2018-02-15 09:01:07,358 DEBUG Engine.local] Exception in post_process of JMeterExecutor: Empty results, most likely BlazeDemo_confirmation (JMeterExecutor) failed. Actual reason for this can be found in logs under /Users/chefe02/Documents/Demo/GIT/BlazeDemo/Artifacts/2018-02-15_08-58-48.294440
JMeter STDOUT:
Created the tree successfully using /Users/chefe02/Documents/Demo/GIT/BlazeDemo/Artifacts/2018-02-15_08-58-48.294440/modified_requests.jmx
Starting the test @ Thu Feb 15 08:58:53 PST 2018 (1518713933764)
Waiting for possible Shutdown/StopTestNow/Heapdump message on port 4445
Command: Shutdown received from /127.0.0.1
Tidying up ...    @ Thu Feb 15 09:01:06 PST 2018 (1518714066384)
... end of run
JMeter log:
2018-02-15 08:58:53,510 INFO o.a.j.u.JMeterUtils: Setting Locale to en_US
2018-02-15 08:58:53,520 INFO o.a.j.JMeter: Loading user properties from: /Users/chefe02/.bzt/jmeter-taurus/3.3/bin/user.properties
2018-02-15 08:58:53,520 INFO o.a.j.JMeter: Loading system properties from: /Users/chefe02/.bzt/jmeter-taurus/3.3/bin/system.properties
2018-02-15 08:58:53,521 INFO o.a.j.JMeter: Setting System properties from file: /Users/chefe02/Documents/Demo/GIT/BlazeDemo/Artifacts/2018-02-15_08-58-48.294440/system.properties
2018-02-15 08:58:53,525 INFO o.a.j.JMeter: Copyright (c) 1998-2017 The Apache Software Foundation
2018-02-15 08:58:53,525 INFO o.a.j.JMeter: Version 3.3 r1808647
2018-02-15 08:58:53,525 INFO o.a.j.JMeter: java.version=1.8.0_151
2018-02-15 08:58:53,525 INFO o.a.j.JMeter: java.vm.name=Java HotSpot(TM) 64-Bit Server VM
2018-02-15 08:58:53,525 INFO o.a.j.JMeter: os.name=Mac OS X
2018-02-15 08:58:53,525 INFO o.a.j.JMeter: os.arch=x86_64
2018-02-15 08:58:53,525 INFO o.a.j.JMeter: os.version=10.12.6
2018-02-15 08:58:53,525 INFO o.a.j.JMeter: file.encoding=UTF-8
2018-02-15 08:58:53,525 INFO o.a.j.JMeter: Max memory     =3817865216
2018-02-15 08:58:53,525 INFO o.a.j.JMeter: Available Processors =8
2018-02-15 08:58:53,528 INFO o.a.j.JMeter: Default Locale=English (United States)
2018-02-15 08:58:53,528 INFO o.a.j.JMeter: JMeter  Locale=English (United States)
2018-02-15 08:58:53,529 INFO o.a.j.JMeter: JMeterHome=/Users/chefe02/.bzt/jmeter-taurus/3.3
2018-02-15 08:58:53,529 INFO o.a.j.JMeter: user.dir  =/Users/chefe02/Documents/Demo/GIT/BlazeDemo
2018-02-15 08:58:53,529 INFO o.a.j.JMeter: PWD       =/Users/chefe02/Documents/Demo/GIT/BlazeDemo
2018-02-15 08:58:53,530 INFO o.a.j.JMeter: IP: 172.20.10.2 Name: chefe02mac947 FullName: 172.20.10.2
2018-02-15 08:58:53,530 INFO o.a.j.JMeter: user.classpath=/Users/chefe02/Documents/Demo/GIT/BlazeDemo/Artifacts/2018-02-15_08-58-48.294440:/Users/chefe02/Documents/Demo/GIT/BlazeDemo/Artifacts/2018-02-15_08-58-48.294440
2018-02-15 08:58:53,530 INFO o.a.j.JMeter: Adding to classpath and loader: /Users/chefe02/Documents/Demo/GIT/BlazeDemo/Artifacts/2018-02-15_08-58-48.294440
2018-02-15 08:58:53,531 INFO o.a.j.JMeter: Adding to classpath and loader: /Users/chefe02/Documents/Demo/GIT/BlazeDemo/Artifacts/2018-02-15_08-58-48.294440
2018-02-15 08:58:53,533 INFO o.a.j.s.FileServer: Default base='/Users/chefe02/Documents/Demo/GIT/BlazeDemo'
2018-02-15 08:58:53,534 INFO o.a.j.s.FileServer: Set new base='/Users/chefe02/Documents/Demo/GIT/BlazeDemo/Artifacts/2018-02-15_08-58-48.294440'
2018-02-15 08:58:53,646 INFO o.a.j.s.SaveService: Testplan (JMX) version: 2.2. Testlog (JTL) version: 2.2
2018-02-15 08:58:53,660 INFO o.a.j.s.SaveService: Using SaveService properties file encoding UTF-8
2018-02-15 08:58:53,664 INFO o.a.j.s.SaveService: Using SaveService properties version 3.2
2018-02-15 08:58:53,669 INFO o.a.j.s.SaveService: Loading file: /Users/chefe02/Documents/Demo/GIT/BlazeDemo/Artifacts/2018-02-15_08-58-48.294440/modified_requests.jmx
2018-02-15 08:58:53,719 INFO o.a.j.p.h.c.CacheManager: Will only cache the following methods: [GET]
2018-02-15 08:58:53,721 INFO o.a.j.p.h.c.CookieManager: Settings: Delete null: true Check: true Allow variable: true Save: false Prefix: COOKIE_
2018-02-15 08:58:53,738 INFO o.a.j.p.h.s.HTTPSamplerBase: Parser for text/html is org.apache.jmeter.protocol.http.parser.LagartoBasedHtmlParser
2018-02-15 08:58:53,738 INFO o.a.j.p.h.s.HTTPSamplerBase: Parser for application/xhtml+xml is org.apache.jmeter.protocol.http.parser.LagartoBasedHtmlParser
2018-02-15 08:58:53,738 INFO o.a.j.p.h.s.HTTPSamplerBase: Parser for application/xml is org.apache.jmeter.protocol.http.parser.LagartoBasedHtmlParser
2018-02-15 08:58:53,738 INFO o.a.j.p.h.s.HTTPSamplerBase: Parser for text/xml is org.apache.jmeter.protocol.http.parser.LagartoBasedHtmlParser
2018-02-15 08:58:53,738 INFO o.a.j.p.h.s.HTTPSamplerBase: Parser for text/vnd.wap.wml is org.apache.jmeter.protocol.http.parser.RegexpHTMLParser
2018-02-15 08:58:53,738 INFO o.a.j.p.h.s.HTTPSamplerBase: Parser for text/css is org.apache.jmeter.protocol.http.parser.CssParser
2018-02-15 08:58:53,765 INFO o.a.j.e.StandardJMeterEngine: Running the test!
2018-02-15 08:58:53,766 INFO o.a.j.s.SampleEvent: List of sample_variables: []
2018-02-15 08:58:53,766 INFO o.a.j.s.SampleEvent: List of sample_variables: []
2018-02-15 08:58:53,769 INFO o.a.j.e.u.CompoundVariable: Note: Function class names must contain the string: '.functions.'
2018-02-15 08:58:53,769 INFO o.a.j.e.u.CompoundVariable: Note: Function class names must not contain the string: '.gui.'
2018-02-15 08:58:54,148 INFO o.a.j.JMeter: Running test (1518713934148)
2018-02-15 08:58:54,191 INFO o.a.j.e.StandardJMeterEngine: Starting ThreadGroup: 1 : BlazeDemo_confirmation
2018-02-15 08:58:54,191 INFO o.a.j.e.StandardJMeterEngine: Starting 1 threads for group BlazeDemo_confirmation.
2018-02-15 08:58:54,191 INFO o.a.j.e.StandardJMeterEngine: Thread will continue on error
2018-02-15 08:58:54,194 INFO o.a.j.e.StandardJMeterEngine: All thread groups have been started
2018-02-15 08:58:54,194 INFO c.b.j.t.c.ConcurrencyThreadStarter: Start supplying threads
2018-02-15 09:01:06,217 INFO o.a.j.JMeter: Command: Shutdown received from /127.0.0.1
2018-02-15 09:01:06,218 INFO c.b.j.t.c.ConcurrencyThreadStarter: Done supplying threads
2018-02-15 09:01:06,383 INFO o.a.j.e.StandardJMeterEngine: Notifying test listeners of end of test
2018-02-15 09:01:06,384 INFO o.a.j.e.StandardJMeterEngine: Forced JVM shutdown requested at end of test Traceback (most recent call last):
  File "/usr/local/Cellar/bzt/1.10.3/libexec/lib/python2.7/site-packages/bzt/modules/provisioning.py", line 168, in post_process
    raise ToolError(message, diagnostics)
ToolError: Empty results, most likely BlazeDemo_confirmation (JMeterExecutor) failed. Actual reason for this can be found in logs under /Users/chefe02/Documents/Demo/GIT/BlazeDemo/Artifacts/2018-02-15_08-58-48.294440
JMeter STDOUT:
Created the tree successfully using /Users/chefe02/Documents/Demo/GIT/BlazeDemo/Artifacts/2018-02-15_08-58-48.294440/modified_requests.jmx
Starting the test @ Thu Feb 15 08:58:53 PST 2018 (1518713933764)
Waiting for possible Shutdown/StopTestNow/Heapdump message on port 4445
Command: Shutdown received from /127.0.0.1
Tidying up ...    @ Thu Feb 15 09:01:06 PST 2018 (1518714066384)
... end of run
JMeter log:
2018-02-15 08:58:53,510 INFO o.a.j.u.JMeterUtils: Setting Locale to en_US
2018-02-15 08:58:53,520 INFO o.a.j.JMeter: Loading user properties from: /Users/chefe02/.bzt/jmeter-taurus/3.3/bin/user.properties
2018-02-15 08:58:53,520 INFO o.a.j.JMeter: Loading system properties from: /Users/chefe02/.bzt/jmeter-taurus/3.3/bin/system.properties
2018-02-15 08:58:53,521 INFO o.a.j.JMeter: Setting System properties from file: /Users/chefe02/Documents/Demo/GIT/BlazeDemo/Artifacts/2018-02-15_08-58-48.294440/system.properties
2018-02-15 08:58:53,525 INFO o.a.j.JMeter: Copyright (c) 1998-2017 The Apache Software Foundation
2018-02-15 08:58:53,525 INFO o.a.j.JMeter: Version 3.3 r1808647
2018-02-15 08:58:53,525 INFO o.a.j.JMeter: java.version=1.8.0_151
2018-02-15 08:58:53,525 INFO o.a.j.JMeter: java.vm.name=Java HotSpot(TM) 64-Bit Server VM
2018-02-15 08:58:53,525 INFO o.a.j.JMeter: os.name=Mac OS X
2018-02-15 08:58:53,525 INFO o.a.j.JMeter: os.arch=x86_64
2018-02-15 08:58:53,525 INFO o.a.j.JMeter: os.version=10.12.6
2018-02-15 08:58:53,525 INFO o.a.j.JMeter: file.encoding=UTF-8
2018-02-15 08:58:53,525 INFO o.a.j.JMeter: Max memory     =3817865216
2018-02-15 08:58:53,525 INFO o.a.j.JMeter: Available Processors =8
2018-02-15 08:58:53,528 INFO o.a.j.JMeter: Default Locale=English (United States)
2018-02-15 08:58:53,528 INFO o.a.j.JMeter: JMeter  Locale=English (United States)
2018-02-15 08:58:53,529 INFO o.a.j.JMeter: JMeterHome=/Users/chefe02/.bzt/jmeter-taurus/3.3
2018-02-15 08:58:53,529 INFO o.a.j.JMeter: user.dir  =/Users/chefe02/Documents/Demo/GIT/BlazeDemo
2018-02-15 08:58:53,529 INFO o.a.j.JMeter: PWD       =/Users/chefe02/Documents/Demo/GIT/BlazeDemo
2018-02-15 08:58:53,530 INFO o.a.j.JMeter: IP: 172.20.10.2 Name: chefe02mac947 FullName: 172.20.10.2
2018-02-15 08:58:53,530 INFO o.a.j.JMeter: user.classpath=/Users/chefe02/Documents/Demo/GIT/BlazeDemo/Artifacts/2018-02-15_08-58-48.294440:/Users/chefe02/Documents/Demo/GIT/BlazeDemo/Artifacts/2018-02-15_08-58-48.294440
2018-02-15 08:58:53,530 INFO o.a.j.JMeter: Adding to classpath and loader: /Users/chefe02/Documents/Demo/GIT/BlazeDemo/Artifacts/2018-02-15_08-58-48.294440
2018-02-15 08:58:53,531 INFO o.a.j.JMeter: Adding to classpath and loader: /Users/chefe02/Documents/Demo/GIT/BlazeDemo/Artifacts/2018-02-15_08-58-48.294440
2018-02-15 08:58:53,533 INFO o.a.j.s.FileServer: Default base='/Users/chefe02/Documents/Demo/GIT/BlazeDemo'
2018-02-15 08:58:53,534 INFO o.a.j.s.FileServer: Set new base='/Users/chefe02/Documents/Demo/GIT/BlazeDemo/Artifacts/2018-02-15_08-58-48.294440'
2018-02-15 08:58:53,646 INFO o.a.j.s.SaveService: Testplan (JMX) version: 2.2. Testlog (JTL) version: 2.2
2018-02-15 08:58:53,660 INFO o.a.j.s.SaveService: Using SaveService properties file encoding UTF-8
2018-02-15 08:58:53,664 INFO o.a.j.s.SaveService: Using SaveService properties version 3.2
2018-02-15 08:58:53,669 INFO o.a.j.s.SaveService: Loading file: /Users/chefe02/Documents/Demo/GIT/BlazeDemo/Artifacts/2018-02-15_08-58-48.294440/modified_requests.jmx
2018-02-15 08:58:53,719 INFO o.a.j.p.h.c.CacheManager: Will only cache the following methods: [GET]
2018-02-15 08:58:53,721 INFO o.a.j.p.h.c.CookieManager: Settings: Delete null: true Check: true Allow variable: true Save: false Prefix: COOKIE_
2018-02-15 08:58:53,738 INFO o.a.j.p.h.s.HTTPSamplerBase: Parser for text/html is org.apache.jmeter.protocol.http.parser.LagartoBasedHtmlParser
2018-02-15 08:58:53,738 INFO o.a.j.p.h.s.HTTPSamplerBase: Parser for application/xhtml+xml is org.apache.jmeter.protocol.http.parser.LagartoBasedHtmlParser
2018-02-15 08:58:53,738 INFO o.a.j.p.h.s.HTTPSamplerBase: Parser for application/xml is org.apache.jmeter.protocol.http.parser.LagartoBasedHtmlParser
2018-02-15 08:58:53,738 INFO o.a.j.p.h.s.HTTPSamplerBase: Parser for text/xml is org.apache.jmeter.protocol.http.parser.LagartoBasedHtmlParser
2018-02-15 08:58:53,738 INFO o.a.j.p.h.s.HTTPSamplerBase: Parser for text/vnd.wap.wml is org.apache.jmeter.protocol.http.parser.RegexpHTMLParser
2018-02-15 08:58:53,738 INFO o.a.j.p.h.s.HTTPSamplerBase: Parser for text/css is org.apache.jmeter.protocol.http.parser.CssParser
2018-02-15 08:58:53,765 INFO o.a.j.e.StandardJMeterEngine: Running the test!
2018-02-15 08:58:53,766 INFO o.a.j.s.SampleEvent: List of sample_variables: []
2018-02-15 08:58:53,766 INFO o.a.j.s.SampleEvent: List of sample_variables: []
2018-02-15 08:58:53,769 INFO o.a.j.e.u.CompoundVariable: Note: Function class names must contain the string: '.functions.'
2018-02-15 08:58:53,769 INFO o.a.j.e.u.CompoundVariable: Note: Function class names must not contain the string: '.gui.'
2018-02-15 08:58:54,148 INFO o.a.j.JMeter: Running test (1518713934148)
2018-02-15 08:58:54,191 INFO o.a.j.e.StandardJMeterEngine: Starting ThreadGroup: 1 : BlazeDemo_confirmation
2018-02-15 08:58:54,191 INFO o.a.j.e.StandardJMeterEngine: Starting 1 threads for group BlazeDemo_confirmation.
2018-02-15 08:58:54,191 INFO o.a.j.e.StandardJMeterEngine: Thread will continue on error
2018-02-15 08:58:54,194 INFO o.a.j.e.StandardJMeterEngine: All thread groups have been started
2018-02-15 08:58:54,194 INFO c.b.j.t.c.ConcurrencyThreadStarter: Start supplying threads
2018-02-15 09:01:06,217 INFO o.a.j.JMeter: Command: Shutdown received from /127.0.0.1
2018-02-15 09:01:06,218 INFO c.b.j.t.c.ConcurrencyThreadStarter: Done supplying threads
2018-02-15 09:01:06,383 INFO o.a.j.e.StandardJMeterEngine: Notifying test listeners of end of test
2018-02-15 09:01:06,384 INFO o.a.j.e.StandardJMeterEngine: Forced JVM shutdown requested at end of test

[2018-02-15 09:01:07,358 DEBUG Engine] post_process: Empty results, most likely BlazeDemo_confirmation (JMeterExecutor) failed. Actual reason for this can be found in logs under /Users/chefe02/Documents/Demo/GIT/BlazeDemo/Artifacts/2018-02-15_08-58-48.294440
JMeter STDOUT:
Created the tree successfully using /Users/chefe02/Documents/Demo/GIT/BlazeDemo/Artifacts/2018-02-15_08-58-48.294440/modified_requests.jmx
Starting the test @ Thu Feb 15 08:58:53 PST 2018 (1518713933764)
Waiting for possible Shutdown/StopTestNow/Heapdump message on port 4445
Command: Shutdown received from /127.0.0.1
Tidying up ...    @ Thu Feb 15 09:01:06 PST 2018 (1518714066384)
... end of run
JMeter log:
2018-02-15 08:58:53,510 INFO o.a.j.u.JMeterUtils: Setting Locale to en_US
2018-02-15 08:58:53,520 INFO o.a.j.JMeter: Loading user properties from: /Users/chefe02/.bzt/jmeter-taurus/3.3/bin/user.properties
2018-02-15 08:58:53,520 INFO o.a.j.JMeter: Loading system properties from: /Users/chefe02/.bzt/jmeter-taurus/3.3/bin/system.properties
2018-02-15 08:58:53,521 INFO o.a.j.JMeter: Setting System properties from file: /Users/chefe02/Documents/Demo/GIT/BlazeDemo/Artifacts/2018-02-15_08-58-48.294440/system.properties
2018-02-15 08:58:53,525 INFO o.a.j.JMeter: Copyright (c) 1998-2017 The Apache Software Foundation
2018-02-15 08:58:53,525 INFO o.a.j.JMeter: Version 3.3 r1808647
2018-02-15 08:58:53,525 INFO o.a.j.JMeter: java.version=1.8.0_151
2018-02-15 08:58:53,525 INFO o.a.j.JMeter: java.vm.name=Java HotSpot(TM) 64-Bit Server VM
2018-02-15 08:58:53,525 INFO o.a.j.JMeter: os.name=Mac OS X
2018-02-15 08:58:53,525 INFO o.a.j.JMeter: os.arch=x86_64
2018-02-15 08:58:53,525 INFO o.a.j.JMeter: os.version=10.12.6
2018-02-15 08:58:53,525 INFO o.a.j.JMeter: file.encoding=UTF-8
2018-02-15 08:58:53,525 INFO o.a.j.JMeter: Max memory     =3817865216
2018-02-15 08:58:53,525 INFO o.a.j.JMeter: Available Processors =8
2018-02-15 08:58:53,528 INFO o.a.j.JMeter: Default Locale=English (United States)
2018-02-15 08:58:53,528 INFO o.a.j.JMeter: JMeter  Locale=English (United States)
2018-02-15 08:58:53,529 INFO o.a.j.JMeter: JMeterHome=/Users/chefe02/.bzt/jmeter-taurus/3.3
2018-02-15 08:58:53,529 INFO o.a.j.JMeter: user.dir  =/Users/chefe02/Documents/Demo/GIT/BlazeDemo
2018-02-15 08:58:53,529 INFO o.a.j.JMeter: PWD       =/Users/chefe02/Documents/Demo/GIT/BlazeDemo
2018-02-15 08:58:53,530 INFO o.a.j.JMeter: IP: 172.20.10.2 Name: chefe02mac947 FullName: 172.20.10.2
2018-02-15 08:58:53,530 INFO o.a.j.JMeter: user.classpath=/Users/chefe02/Documents/Demo/GIT/BlazeDemo/Artifacts/2018-02-15_08-58-48.294440:/Users/chefe02/Documents/Demo/GIT/BlazeDemo/Artifacts/2018-02-15_08-58-48.294440
2018-02-15 08:58:53,530 INFO o.a.j.JMeter: Adding to classpath and loader: /Users/chefe02/Documents/Demo/GIT/BlazeDemo/Artifacts/2018-02-15_08-58-48.294440
2018-02-15 08:58:53,531 INFO o.a.j.JMeter: Adding to classpath and loader: /Users/chefe02/Documents/Demo/GIT/BlazeDemo/Artifacts/2018-02-15_08-58-48.294440
2018-02-15 08:58:53,533 INFO o.a.j.s.FileServer: Default base='/Users/chefe02/Documents/Demo/GIT/BlazeDemo'
2018-02-15 08:58:53,534 INFO o.a.j.s.FileServer: Set new base='/Users/chefe02/Documents/Demo/GIT/BlazeDemo/Artifacts/2018-02-15_08-58-48.294440'
2018-02-15 08:58:53,646 INFO o.a.j.s.SaveService: Testplan (JMX) version: 2.2. Testlog (JTL) version: 2.2
2018-02-15 08:58:53,660 INFO o.a.j.s.SaveService: Using SaveService properties file encoding UTF-8
2018-02-15 08:58:53,664 INFO o.a.j.s.SaveService: Using SaveService properties version 3.2
2018-02-15 08:58:53,669 INFO o.a.j.s.SaveService: Loading file: /Users/chefe02/Documents/Demo/GIT/BlazeDemo/Artifacts/2018-02-15_08-58-48.294440/modified_requests.jmx
2018-02-15 08:58:53,719 INFO o.a.j.p.h.c.CacheManager: Will only cache the following methods: [GET]
2018-02-15 08:58:53,721 INFO o.a.j.p.h.c.CookieManager: Settings: Delete null: true Check: true Allow variable: true Save: false Prefix: COOKIE_
2018-02-15 08:58:53,738 INFO o.a.j.p.h.s.HTTPSamplerBase: Parser for text/html is org.apache.jmeter.protocol.http.parser.LagartoBasedHtmlParser
2018-02-15 08:58:53,738 INFO o.a.j.p.h.s.HTTPSamplerBase: Parser for application/xhtml+xml is org.apache.jmeter.protocol.http.parser.LagartoBasedHtmlParser
2018-02-15 08:58:53,738 INFO o.a.j.p.h.s.HTTPSamplerBase: Parser for application/xml is org.apache.jmeter.protocol.http.parser.LagartoBasedHtmlParser
2018-02-15 08:58:53,738 INFO o.a.j.p.h.s.HTTPSamplerBase: Parser for text/xml is org.apache.jmeter.protocol.http.parser.LagartoBasedHtmlParser
2018-02-15 08:58:53,738 INFO o.a.j.p.h.s.HTTPSamplerBase: Parser for text/vnd.wap.wml is org.apache.jmeter.protocol.http.parser.RegexpHTMLParser
2018-02-15 08:58:53,738 INFO o.a.j.p.h.s.HTTPSamplerBase: Parser for text/css is org.apache.jmeter.protocol.http.parser.CssParser
2018-02-15 08:58:53,765 INFO o.a.j.e.StandardJMeterEngine: Running the test!
2018-02-15 08:58:53,766 INFO o.a.j.s.SampleEvent: List of sample_variables: []
2018-02-15 08:58:53,766 INFO o.a.j.s.SampleEvent: List of sample_variables: []
2018-02-15 08:58:53,769 INFO o.a.j.e.u.CompoundVariable: Note: Function class names must contain the string: '.functions.'
2018-02-15 08:58:53,769 INFO o.a.j.e.u.CompoundVariable: Note: Function class names must not contain the string: '.gui.'
2018-02-15 08:58:54,148 INFO o.a.j.JMeter: Running test (1518713934148)
2018-02-15 08:58:54,191 INFO o.a.j.e.StandardJMeterEngine: Starting ThreadGroup: 1 : BlazeDemo_confirmation
2018-02-15 08:58:54,191 INFO o.a.j.e.StandardJMeterEngine: Starting 1 threads for group BlazeDemo_confirmation.
2018-02-15 08:58:54,191 INFO o.a.j.e.StandardJMeterEngine: Thread will continue on error
2018-02-15 08:58:54,194 INFO o.a.j.e.StandardJMeterEngine: All thread groups have been started
2018-02-15 08:58:54,194 INFO c.b.j.t.c.ConcurrencyThreadStarter: Start supplying threads
2018-02-15 09:01:06,217 INFO o.a.j.JMeter: Command: Shutdown received from /127.0.0.1
2018-02-15 09:01:06,218 INFO c.b.j.t.c.ConcurrencyThreadStarter: Done supplying threads
2018-02-15 09:01:06,383 INFO o.a.j.e.StandardJMeterEngine: Notifying test listeners of end of test
2018-02-15 09:01:06,384 INFO o.a.j.e.StandardJMeterEngine: Forced JVM shutdown requested at end of test
Traceback (most recent call last):
  File "/usr/local/Cellar/bzt/1.10.3/libexec/lib/python2.7/site-packages/bzt/engine.py", line 266, in post_process
    module.post_process()
  File "/usr/local/Cellar/bzt/1.10.3/libexec/lib/python2.7/site-packages/bzt/modules/provisioning.py", line 175, in post_process
    reraise(exc_info)
  File "/usr/local/Cellar/bzt/1.10.3/libexec/lib/python2.7/site-packages/bzt/modules/provisioning.py", line 168, in post_process
    raise ToolError(message, diagnostics)
ToolError: Empty results, most likely BlazeDemo_confirmation (JMeterExecutor) failed. Actual reason for this can be found in logs under /Users/chefe02/Documents/Demo/GIT/BlazeDemo/Artifacts/2018-02-15_08-58-48.294440
JMeter STDOUT:
Created the tree successfully using /Users/chefe02/Documents/Demo/GIT/BlazeDemo/Artifacts/2018-02-15_08-58-48.294440/modified_requests.jmx
Starting the test @ Thu Feb 15 08:58:53 PST 2018 (1518713933764)
Waiting for possible Shutdown/StopTestNow/Heapdump message on port 4445
Command: Shutdown received from /127.0.0.1
Tidying up ...    @ Thu Feb 15 09:01:06 PST 2018 (1518714066384)
... end of run
JMeter log:
2018-02-15 08:58:53,510 INFO o.a.j.u.JMeterUtils: Setting Locale to en_US
2018-02-15 08:58:53,520 INFO o.a.j.JMeter: Loading user properties from: /Users/chefe02/.bzt/jmeter-taurus/3.3/bin/user.properties
2018-02-15 08:58:53,520 INFO o.a.j.JMeter: Loading system properties from: /Users/chefe02/.bzt/jmeter-taurus/3.3/bin/system.properties
2018-02-15 08:58:53,521 INFO o.a.j.JMeter: Setting System properties from file: /Users/chefe02/Documents/Demo/GIT/BlazeDemo/Artifacts/2018-02-15_08-58-48.294440/system.properties
2018-02-15 08:58:53,525 INFO o.a.j.JMeter: Copyright (c) 1998-2017 The Apache Software Foundation
2018-02-15 08:58:53,525 INFO o.a.j.JMeter: Version 3.3 r1808647
2018-02-15 08:58:53,525 INFO o.a.j.JMeter: java.version=1.8.0_151
2018-02-15 08:58:53,525 INFO o.a.j.JMeter: java.vm.name=Java HotSpot(TM) 64-Bit Server VM
2018-02-15 08:58:53,525 INFO o.a.j.JMeter: os.name=Mac OS X
2018-02-15 08:58:53,525 INFO o.a.j.JMeter: os.arch=x86_64
2018-02-15 08:58:53,525 INFO o.a.j.JMeter: os.version=10.12.6
2018-02-15 08:58:53,525 INFO o.a.j.JMeter: file.encoding=UTF-8
2018-02-15 08:58:53,525 INFO o.a.j.JMeter: Max memory     =3817865216
2018-02-15 08:58:53,525 INFO o.a.j.JMeter: Available Processors =8
2018-02-15 08:58:53,528 INFO o.a.j.JMeter: Default Locale=English (United States)
2018-02-15 08:58:53,528 INFO o.a.j.JMeter: JMeter  Locale=English (United States)
2018-02-15 08:58:53,529 INFO o.a.j.JMeter: JMeterHome=/Users/chefe02/.bzt/jmeter-taurus/3.3
2018-02-15 08:58:53,529 INFO o.a.j.JMeter: user.dir  =/Users/chefe02/Documents/Demo/GIT/BlazeDemo
2018-02-15 08:58:53,529 INFO o.a.j.JMeter: PWD       =/Users/chefe02/Documents/Demo/GIT/BlazeDemo
2018-02-15 08:58:53,530 INFO o.a.j.JMeter: IP: 172.20.10.2 Name: chefe02mac947 FullName: 172.20.10.2
2018-02-15 08:58:53,530 INFO o.a.j.JMeter: user.classpath=/Users/chefe02/Documents/Demo/GIT/BlazeDemo/Artifacts/2018-02-15_08-58-48.294440:/Users/chefe02/Documents/Demo/GIT/BlazeDemo/Artifacts/2018-02-15_08-58-48.294440
2018-02-15 08:58:53,530 INFO o.a.j.JMeter: Adding to classpath and loader: /Users/chefe02/Documents/Demo/GIT/BlazeDemo/Artifacts/2018-02-15_08-58-48.294440
2018-02-15 08:58:53,531 INFO o.a.j.JMeter: Adding to classpath and loader: /Users/chefe02/Documents/Demo/GIT/BlazeDemo/Artifacts/2018-02-15_08-58-48.294440
2018-02-15 08:58:53,533 INFO o.a.j.s.FileServer: Default base='/Users/chefe02/Documents/Demo/GIT/BlazeDemo'
2018-02-15 08:58:53,534 INFO o.a.j.s.FileServer: Set new base='/Users/chefe02/Documents/Demo/GIT/BlazeDemo/Artifacts/2018-02-15_08-58-48.294440'
2018-02-15 08:58:53,646 INFO o.a.j.s.SaveService: Testplan (JMX) version: 2.2. Testlog (JTL) version: 2.2
2018-02-15 08:58:53,660 INFO o.a.j.s.SaveService: Using SaveService properties file encoding UTF-8
2018-02-15 08:58:53,664 INFO o.a.j.s.SaveService: Using SaveService properties version 3.2
2018-02-15 08:58:53,669 INFO o.a.j.s.SaveService: Loading file: /Users/chefe02/Documents/Demo/GIT/BlazeDemo/Artifacts/2018-02-15_08-58-48.294440/modified_requests.jmx
2018-02-15 08:58:53,719 INFO o.a.j.p.h.c.CacheManager: Will only cache the following methods: [GET]
2018-02-15 08:58:53,721 INFO o.a.j.p.h.c.CookieManager: Settings: Delete null: true Check: true Allow variable: true Save: false Prefix: COOKIE_
2018-02-15 08:58:53,738 INFO o.a.j.p.h.s.HTTPSamplerBase: Parser for text/html is org.apache.jmeter.protocol.http.parser.LagartoBasedHtmlParser
2018-02-15 08:58:53,738 INFO o.a.j.p.h.s.HTTPSamplerBase: Parser for application/xhtml+xml is org.apache.jmeter.protocol.http.parser.LagartoBasedHtmlParser
2018-02-15 08:58:53,738 INFO o.a.j.p.h.s.HTTPSamplerBase: Parser for application/xml is org.apache.jmeter.protocol.http.parser.LagartoBasedHtmlParser
2018-02-15 08:58:53,738 INFO o.a.j.p.h.s.HTTPSamplerBase: Parser for text/xml is org.apache.jmeter.protocol.http.parser.LagartoBasedHtmlParser
2018-02-15 08:58:53,738 INFO o.a.j.p.h.s.HTTPSamplerBase: Parser for text/vnd.wap.wml is org.apache.jmeter.protocol.http.parser.RegexpHTMLParser
2018-02-15 08:58:53,738 INFO o.a.j.p.h.s.HTTPSamplerBase: Parser for text/css is org.apache.jmeter.protocol.http.parser.CssParser
2018-02-15 08:58:53,765 INFO o.a.j.e.StandardJMeterEngine: Running the test!
2018-02-15 08:58:53,766 INFO o.a.j.s.SampleEvent: List of sample_variables: []
2018-02-15 08:58:53,766 INFO o.a.j.s.SampleEvent: List of sample_variables: []
2018-02-15 08:58:53,769 INFO o.a.j.e.u.CompoundVariable: Note: Function class names must contain the string: '.functions.'
2018-02-15 08:58:53,769 INFO o.a.j.e.u.CompoundVariable: Note: Function class names must not contain the string: '.gui.'
2018-02-15 08:58:54,148 INFO o.a.j.JMeter: Running test (1518713934148)
2018-02-15 08:58:54,191 INFO o.a.j.e.StandardJMeterEngine: Starting ThreadGroup: 1 : BlazeDemo_confirmation
2018-02-15 08:58:54,191 INFO o.a.j.e.StandardJMeterEngine: Starting 1 threads for group BlazeDemo_confirmation.
2018-02-15 08:58:54,191 INFO o.a.j.e.StandardJMeterEngine: Thread will continue on error
2018-02-15 08:58:54,194 INFO o.a.j.e.StandardJMeterEngine: All thread groups have been started
2018-02-15 08:58:54,194 INFO c.b.j.t.c.ConcurrencyThreadStarter: Start supplying threads
2018-02-15 09:01:06,217 INFO o.a.j.JMeter: Command: Shutdown received from /127.0.0.1
2018-02-15 09:01:06,218 INFO c.b.j.t.c.ConcurrencyThreadStarter: Done supplying threads
2018-02-15 09:01:06,383 INFO o.a.j.e.StandardJMeterEngine: Notifying test listeners of end of test
2018-02-15 09:01:06,384 INFO o.a.j.e.StandardJMeterEngine: Forced JVM shutdown requested at end of test

[2018-02-15 09:01:07,358 DEBUG Engine.jmeter.JTLErrorsReader] Opening /Users/chefe02/Documents/Demo/GIT/BlazeDemo/Artifacts/2018-02-15_08-58-48.294440/error.jtl
[2018-02-15 09:01:07,359 DEBUG Engine.jmeter.JTLReader.IncrementalCSVReader] Reading JTL: /Users/chefe02/Documents/Demo/GIT/BlazeDemo/Artifacts/2018-02-15_08-58-48.294440/kpi.jtl
[2018-02-15 09:01:07,359 DEBUG Engine.jmeter.JTLReader.IncrementalCSVReader] Read lines: 0 / 0 bytes (at speed 1048576)
[2018-02-15 09:01:07,359 DEBUG Engine.jmeter.JTLReader] Buffer len: 0
[2018-02-15 09:01:07,359 DEBUG Engine.consolidator] Consolidator buffer[0]: []
[2018-02-15 09:01:07,359 INFO Engine.final-stats] Test duration: 0:02:15
[2018-02-15 09:01:07,359 DEBUG Engine.console] No logger_handler or orig_stream was detected
[2018-02-15 09:01:07,359 INFO Engine.final-stats] Test duration: 0:02:15
[2018-02-15 09:01:07,361 DEBUG Engine.Configuration] Dumping YAML config into /Users/chefe02/Documents/Demo/GIT/BlazeDemo/Artifacts/2018-02-15_08-58-48.294440/effective.yml
[2018-02-15 09:01:07,400 DEBUG Engine.Configuration] Dumping JSON config into /Users/chefe02/Documents/Demo/GIT/BlazeDemo/Artifacts/2018-02-15_08-58-48.294440/effective.json
[2018-02-15 09:01:07,401 DEBUG root] Child Process Error: Empty results, most likely BlazeDemo_confirmation (JMeterExecutor) failed. Actual reason for this can be found in logs under /Users/chefe02/Documents/Demo/GIT/BlazeDemo/Artifacts/2018-02-15_08-58-48.294440
JMeter STDOUT:
Created the tree successfully using /Users/chefe02/Documents/Demo/GIT/BlazeDemo/Artifacts/2018-02-15_08-58-48.294440/modified_requests.jmx
Starting the test @ Thu Feb 15 08:58:53 PST 2018 (1518713933764)
Waiting for possible Shutdown/StopTestNow/Heapdump message on port 4445
Command: Shutdown received from /127.0.0.1
Tidying up ...    @ Thu Feb 15 09:01:06 PST 2018 (1518714066384)
... end of run
JMeter log:
2018-02-15 08:58:53,510 INFO o.a.j.u.JMeterUtils: Setting Locale to en_US
2018-02-15 08:58:53,520 INFO o.a.j.JMeter: Loading user properties from: /Users/chefe02/.bzt/jmeter-taurus/3.3/bin/user.properties
2018-02-15 08:58:53,520 INFO o.a.j.JMeter: Loading system properties from: /Users/chefe02/.bzt/jmeter-taurus/3.3/bin/system.properties
2018-02-15 08:58:53,521 INFO o.a.j.JMeter: Setting System properties from file: /Users/chefe02/Documents/Demo/GIT/BlazeDemo/Artifacts/2018-02-15_08-58-48.294440/system.properties
2018-02-15 08:58:53,525 INFO o.a.j.JMeter: Copyright (c) 1998-2017 The Apache Software Foundation
2018-02-15 08:58:53,525 INFO o.a.j.JMeter: Version 3.3 r1808647
2018-02-15 08:58:53,525 INFO o.a.j.JMeter: java.version=1.8.0_151
2018-02-15 08:58:53,525 INFO o.a.j.JMeter: java.vm.name=Java HotSpot(TM) 64-Bit Server VM
2018-02-15 08:58:53,525 INFO o.a.j.JMeter: os.name=Mac OS X
2018-02-15 08:58:53,525 INFO o.a.j.JMeter: os.arch=x86_64
2018-02-15 08:58:53,525 INFO o.a.j.JMeter: os.version=10.12.6
2018-02-15 08:58:53,525 INFO o.a.j.JMeter: file.encoding=UTF-8
2018-02-15 08:58:53,525 INFO o.a.j.JMeter: Max memory     =3817865216
2018-02-15 08:58:53,525 INFO o.a.j.JMeter: Available Processors =8
2018-02-15 08:58:53,528 INFO o.a.j.JMeter: Default Locale=English (United States)
2018-02-15 08:58:53,528 INFO o.a.j.JMeter: JMeter  Locale=English (United States)
2018-02-15 08:58:53,529 INFO o.a.j.JMeter: JMeterHome=/Users/chefe02/.bzt/jmeter-taurus/3.3
2018-02-15 08:58:53,529 INFO o.a.j.JMeter: user.dir  =/Users/chefe02/Documents/Demo/GIT/BlazeDemo
2018-02-15 08:58:53,529 INFO o.a.j.JMeter: PWD       =/Users/chefe02/Documents/Demo/GIT/BlazeDemo
2018-02-15 08:58:53,530 INFO o.a.j.JMeter: IP: 172.20.10.2 Name: chefe02mac947 FullName: 172.20.10.2
2018-02-15 08:58:53,530 INFO o.a.j.JMeter: user.classpath=/Users/chefe02/Documents/Demo/GIT/BlazeDemo/Artifacts/2018-02-15_08-58-48.294440:/Users/chefe02/Documents/Demo/GIT/BlazeDemo/Artifacts/2018-02-15_08-58-48.294440
2018-02-15 08:58:53,530 INFO o.a.j.JMeter: Adding to classpath and loader: /Users/chefe02/Documents/Demo/GIT/BlazeDemo/Artifacts/2018-02-15_08-58-48.294440
2018-02-15 08:58:53,531 INFO o.a.j.JMeter: Adding to classpath and loader: /Users/chefe02/Documents/Demo/GIT/BlazeDemo/Artifacts/2018-02-15_08-58-48.294440
2018-02-15 08:58:53,533 INFO o.a.j.s.FileServer: Default base='/Users/chefe02/Documents/Demo/GIT/BlazeDemo'
2018-02-15 08:58:53,534 INFO o.a.j.s.FileServer: Set new base='/Users/chefe02/Documents/Demo/GIT/BlazeDemo/Artifacts/2018-02-15_08-58-48.294440'
2018-02-15 08:58:53,646 INFO o.a.j.s.SaveService: Testplan (JMX) version: 2.2. Testlog (JTL) version: 2.2
2018-02-15 08:58:53,660 INFO o.a.j.s.SaveService: Using SaveService properties file encoding UTF-8
2018-02-15 08:58:53,664 INFO o.a.j.s.SaveService: Using SaveService properties version 3.2
2018-02-15 08:58:53,669 INFO o.a.j.s.SaveService: Loading file: /Users/chefe02/Documents/Demo/GIT/BlazeDemo/Artifacts/2018-02-15_08-58-48.294440/modified_requests.jmx
2018-02-15 08:58:53,719 INFO o.a.j.p.h.c.CacheManager: Will only cache the following methods: [GET]
2018-02-15 08:58:53,721 INFO o.a.j.p.h.c.CookieManager: Settings: Delete null: true Check: true Allow variable: true Save: false Prefix: COOKIE_
2018-02-15 08:58:53,738 INFO o.a.j.p.h.s.HTTPSamplerBase: Parser for text/html is org.apache.jmeter.protocol.http.parser.LagartoBasedHtmlParser
2018-02-15 08:58:53,738 INFO o.a.j.p.h.s.HTTPSamplerBase: Parser for application/xhtml+xml is org.apache.jmeter.protocol.http.parser.LagartoBasedHtmlParser
2018-02-15 08:58:53,738 INFO o.a.j.p.h.s.HTTPSamplerBase: Parser for application/xml is org.apache.jmeter.protocol.http.parser.LagartoBasedHtmlParser
2018-02-15 08:58:53,738 INFO o.a.j.p.h.s.HTTPSamplerBase: Parser for text/xml is org.apache.jmeter.protocol.http.parser.LagartoBasedHtmlParser
2018-02-15 08:58:53,738 INFO o.a.j.p.h.s.HTTPSamplerBase: Parser for text/vnd.wap.wml is org.apache.jmeter.protocol.http.parser.RegexpHTMLParser
2018-02-15 08:58:53,738 INFO o.a.j.p.h.s.HTTPSamplerBase: Parser for text/css is org.apache.jmeter.protocol.http.parser.CssParser
2018-02-15 08:58:53,765 INFO o.a.j.e.StandardJMeterEngine: Running the test!
2018-02-15 08:58:53,766 INFO o.a.j.s.SampleEvent: List of sample_variables: []
2018-02-15 08:58:53,766 INFO o.a.j.s.SampleEvent: List of sample_variables: []
2018-02-15 08:58:53,769 INFO o.a.j.e.u.CompoundVariable: Note: Function class names must contain the string: '.functions.'
2018-02-15 08:58:53,769 INFO o.a.j.e.u.CompoundVariable: Note: Function class names must not contain the string: '.gui.'
2018-02-15 08:58:54,148 INFO o.a.j.JMeter: Running test (1518713934148)
2018-02-15 08:58:54,191 INFO o.a.j.e.StandardJMeterEngine: Starting ThreadGroup: 1 : BlazeDemo_confirmation
2018-02-15 08:58:54,191 INFO o.a.j.e.StandardJMeterEngine: Starting 1 threads for group BlazeDemo_confirmation.
2018-02-15 08:58:54,191 INFO o.a.j.e.StandardJMeterEngine: Thread will continue on error
2018-02-15 08:58:54,194 INFO o.a.j.e.StandardJMeterEngine: All thread groups have been started
2018-02-15 08:58:54,194 INFO c.b.j.t.c.ConcurrencyThreadStarter: Start supplying threads
2018-02-15 09:01:06,217 INFO o.a.j.JMeter: Command: Shutdown received from /127.0.0.1
2018-02-15 09:01:06,218 INFO c.b.j.t.c.ConcurrencyThreadStarter: Done supplying threads
2018-02-15 09:01:06,383 INFO o.a.j.e.StandardJMeterEngine: Notifying test listeners of end of test
2018-02-15 09:01:06,384 INFO o.a.j.e.StandardJMeterEngine: Forced JVM shutdown requested at end of test
[2018-02-15 09:01:07,401 DEBUG root] JMeter STDOUT:
Created the tree successfully using /Users/chefe02/Documents/Demo/GIT/BlazeDemo/Artifacts/2018-02-15_08-58-48.294440/modified_requests.jmx
Starting the test @ Thu Feb 15 08:58:53 PST 2018 (1518713933764)
Waiting for possible Shutdown/StopTestNow/Heapdump message on port 4445
Command: Shutdown received from /127.0.0.1
Tidying up ...    @ Thu Feb 15 09:01:06 PST 2018 (1518714066384)
... end of run
[2018-02-15 09:01:07,401 DEBUG root] JMeter log:
2018-02-15 08:58:53,510 INFO o.a.j.u.JMeterUtils: Setting Locale to en_US
2018-02-15 08:58:53,520 INFO o.a.j.JMeter: Loading user properties from: /Users/chefe02/.bzt/jmeter-taurus/3.3/bin/user.properties
2018-02-15 08:58:53,520 INFO o.a.j.JMeter: Loading system properties from: /Users/chefe02/.bzt/jmeter-taurus/3.3/bin/system.properties
2018-02-15 08:58:53,521 INFO o.a.j.JMeter: Setting System properties from file: /Users/chefe02/Documents/Demo/GIT/BlazeDemo/Artifacts/2018-02-15_08-58-48.294440/system.properties
2018-02-15 08:58:53,525 INFO o.a.j.JMeter: Copyright (c) 1998-2017 The Apache Software Foundation
2018-02-15 08:58:53,525 INFO o.a.j.JMeter: Version 3.3 r1808647
2018-02-15 08:58:53,525 INFO o.a.j.JMeter: java.version=1.8.0_151
2018-02-15 08:58:53,525 INFO o.a.j.JMeter: java.vm.name=Java HotSpot(TM) 64-Bit Server VM
2018-02-15 08:58:53,525 INFO o.a.j.JMeter: os.name=Mac OS X
2018-02-15 08:58:53,525 INFO o.a.j.JMeter: os.arch=x86_64
2018-02-15 08:58:53,525 INFO o.a.j.JMeter: os.version=10.12.6
2018-02-15 08:58:53,525 INFO o.a.j.JMeter: file.encoding=UTF-8
2018-02-15 08:58:53,525 INFO o.a.j.JMeter: Max memory     =3817865216
2018-02-15 08:58:53,525 INFO o.a.j.JMeter: Available Processors =8
2018-02-15 08:58:53,528 INFO o.a.j.JMeter: Default Locale=English (United States)
2018-02-15 08:58:53,528 INFO o.a.j.JMeter: JMeter  Locale=English (United States)
2018-02-15 08:58:53,529 INFO o.a.j.JMeter: JMeterHome=/Users/chefe02/.bzt/jmeter-taurus/3.3
2018-02-15 08:58:53,529 INFO o.a.j.JMeter: user.dir  =/Users/chefe02/Documents/Demo/GIT/BlazeDemo
2018-02-15 08:58:53,529 INFO o.a.j.JMeter: PWD       =/Users/chefe02/Documents/Demo/GIT/BlazeDemo
2018-02-15 08:58:53,530 INFO o.a.j.JMeter: IP: 172.20.10.2 Name: chefe02mac947 FullName: 172.20.10.2
2018-02-15 08:58:53,530 INFO o.a.j.JMeter: user.classpath=/Users/chefe02/Documents/Demo/GIT/BlazeDemo/Artifacts/2018-02-15_08-58-48.294440:/Users/chefe02/Documents/Demo/GIT/BlazeDemo/Artifacts/2018-02-15_08-58-48.294440
2018-02-15 08:58:53,530 INFO o.a.j.JMeter: Adding to classpath and loader: /Users/chefe02/Documents/Demo/GIT/BlazeDemo/Artifacts/2018-02-15_08-58-48.294440
2018-02-15 08:58:53,531 INFO o.a.j.JMeter: Adding to classpath and loader: /Users/chefe02/Documents/Demo/GIT/BlazeDemo/Artifacts/2018-02-15_08-58-48.294440
2018-02-15 08:58:53,533 INFO o.a.j.s.FileServer: Default base='/Users/chefe02/Documents/Demo/GIT/BlazeDemo'
2018-02-15 08:58:53,534 INFO o.a.j.s.FileServer: Set new base='/Users/chefe02/Documents/Demo/GIT/BlazeDemo/Artifacts/2018-02-15_08-58-48.294440'
2018-02-15 08:58:53,646 INFO o.a.j.s.SaveService: Testplan (JMX) version: 2.2. Testlog (JTL) version: 2.2
2018-02-15 08:58:53,660 INFO o.a.j.s.SaveService: Using SaveService properties file encoding UTF-8
2018-02-15 08:58:53,664 INFO o.a.j.s.SaveService: Using SaveService properties version 3.2
2018-02-15 08:58:53,669 INFO o.a.j.s.SaveService: Loading file: /Users/chefe02/Documents/Demo/GIT/BlazeDemo/Artifacts/2018-02-15_08-58-48.294440/modified_requests.jmx
2018-02-15 08:58:53,719 INFO o.a.j.p.h.c.CacheManager: Will only cache the following methods: [GET]
2018-02-15 08:58:53,721 INFO o.a.j.p.h.c.CookieManager: Settings: Delete null: true Check: true Allow variable: true Save: false Prefix: COOKIE_
2018-02-15 08:58:53,738 INFO o.a.j.p.h.s.HTTPSamplerBase: Parser for text/html is org.apache.jmeter.protocol.http.parser.LagartoBasedHtmlParser
2018-02-15 08:58:53,738 INFO o.a.j.p.h.s.HTTPSamplerBase: Parser for application/xhtml+xml is org.apache.jmeter.protocol.http.parser.LagartoBasedHtmlParser
2018-02-15 08:58:53,738 INFO o.a.j.p.h.s.HTTPSamplerBase: Parser for application/xml is org.apache.jmeter.protocol.http.parser.LagartoBasedHtmlParser
2018-02-15 08:58:53,738 INFO o.a.j.p.h.s.HTTPSamplerBase: Parser for text/xml is org.apache.jmeter.protocol.http.parser.LagartoBasedHtmlParser
2018-02-15 08:58:53,738 INFO o.a.j.p.h.s.HTTPSamplerBase: Parser for text/vnd.wap.wml is org.apache.jmeter.protocol.http.parser.RegexpHTMLParser
2018-02-15 08:58:53,738 INFO o.a.j.p.h.s.HTTPSamplerBase: Parser for text/css is org.apache.jmeter.protocol.http.parser.CssParser
2018-02-15 08:58:53,765 INFO o.a.j.e.StandardJMeterEngine: Running the test!
2018-02-15 08:58:53,766 INFO o.a.j.s.SampleEvent: List of sample_variables: []
2018-02-15 08:58:53,766 INFO o.a.j.s.SampleEvent: List of sample_variables: []
2018-02-15 08:58:53,769 INFO o.a.j.e.u.CompoundVariable: Note: Function class names must contain the string: '.functions.'
2018-02-15 08:58:53,769 INFO o.a.j.e.u.CompoundVariable: Note: Function class names must not contain the string: '.gui.'
2018-02-15 08:58:54,148 INFO o.a.j.JMeter: Running test (1518713934148)
2018-02-15 08:58:54,191 INFO o.a.j.e.StandardJMeterEngine: Starting ThreadGroup: 1 : BlazeDemo_confirmation
2018-02-15 08:58:54,191 INFO o.a.j.e.StandardJMeterEngine: Starting 1 threads for group BlazeDemo_confirmation.
2018-02-15 08:58:54,191 INFO o.a.j.e.StandardJMeterEngine: Thread will continue on error
2018-02-15 08:58:54,194 INFO o.a.j.e.StandardJMeterEngine: All thread groups have been started
2018-02-15 08:58:54,194 INFO c.b.j.t.c.ConcurrencyThreadStarter: Start supplying threads
2018-02-15 09:01:06,217 INFO o.a.j.JMeter: Command: Shutdown received from /127.0.0.1
2018-02-15 09:01:06,218 INFO c.b.j.t.c.ConcurrencyThreadStarter: Done supplying threads
2018-02-15 09:01:06,383 INFO o.a.j.e.StandardJMeterEngine: Notifying test listeners of end of test
2018-02-15 09:01:06,384 INFO o.a.j.e.StandardJMeterEngine: Forced JVM shutdown requested at end of test
[2018-02-15 09:01:07,401 DEBUG root] ToolError: Empty results, most likely BlazeDemo_confirmation (JMeterExecutor) failed. Actual reason for this can be found in logs under /Users/chefe02/Documents/Demo/GIT/BlazeDemo/Artifacts/2018-02-15_08-58-48.294440
JMeter STDOUT:
Created the tree successfully using /Users/chefe02/Documents/Demo/GIT/BlazeDemo/Artifacts/2018-02-15_08-58-48.294440/modified_requests.jmx
Starting the test @ Thu Feb 15 08:58:53 PST 2018 (1518713933764)
Waiting for possible Shutdown/StopTestNow/Heapdump message on port 4445
Command: Shutdown received from /127.0.0.1
Tidying up ...    @ Thu Feb 15 09:01:06 PST 2018 (1518714066384)
... end of run
JMeter log:
2018-02-15 08:58:53,510 INFO o.a.j.u.JMeterUtils: Setting Locale to en_US
2018-02-15 08:58:53,520 INFO o.a.j.JMeter: Loading user properties from: /Users/chefe02/.bzt/jmeter-taurus/3.3/bin/user.properties
2018-02-15 08:58:53,520 INFO o.a.j.JMeter: Loading system properties from: /Users/chefe02/.bzt/jmeter-taurus/3.3/bin/system.properties
2018-02-15 08:58:53,521 INFO o.a.j.JMeter: Setting System properties from file: /Users/chefe02/Documents/Demo/GIT/BlazeDemo/Artifacts/2018-02-15_08-58-48.294440/system.properties
2018-02-15 08:58:53,525 INFO o.a.j.JMeter: Copyright (c) 1998-2017 The Apache Software Foundation
2018-02-15 08:58:53,525 INFO o.a.j.JMeter: Version 3.3 r1808647
2018-02-15 08:58:53,525 INFO o.a.j.JMeter: java.version=1.8.0_151
2018-02-15 08:58:53,525 INFO o.a.j.JMeter: java.vm.name=Java HotSpot(TM) 64-Bit Server VM
2018-02-15 08:58:53,525 INFO o.a.j.JMeter: os.name=Mac OS X
2018-02-15 08:58:53,525 INFO o.a.j.JMeter: os.arch=x86_64
2018-02-15 08:58:53,525 INFO o.a.j.JMeter: os.version=10.12.6
2018-02-15 08:58:53,525 INFO o.a.j.JMeter: file.encoding=UTF-8
2018-02-15 08:58:53,525 INFO o.a.j.JMeter: Max memory     =3817865216
2018-02-15 08:58:53,525 INFO o.a.j.JMeter: Available Processors =8
2018-02-15 08:58:53,528 INFO o.a.j.JMeter: Default Locale=English (United States)
2018-02-15 08:58:53,528 INFO o.a.j.JMeter: JMeter  Locale=English (United States)
2018-02-15 08:58:53,529 INFO o.a.j.JMeter: JMeterHome=/Users/chefe02/.bzt/jmeter-taurus/3.3
2018-02-15 08:58:53,529 INFO o.a.j.JMeter: user.dir  =/Users/chefe02/Documents/Demo/GIT/BlazeDemo
2018-02-15 08:58:53,529 INFO o.a.j.JMeter: PWD       =/Users/chefe02/Documents/Demo/GIT/BlazeDemo
2018-02-15 08:58:53,530 INFO o.a.j.JMeter: IP: 172.20.10.2 Name: chefe02mac947 FullName: 172.20.10.2
2018-02-15 08:58:53,530 INFO o.a.j.JMeter: user.classpath=/Users/chefe02/Documents/Demo/GIT/BlazeDemo/Artifacts/2018-02-15_08-58-48.294440:/Users/chefe02/Documents/Demo/GIT/BlazeDemo/Artifacts/2018-02-15_08-58-48.294440
2018-02-15 08:58:53,530 INFO o.a.j.JMeter: Adding to classpath and loader: /Users/chefe02/Documents/Demo/GIT/BlazeDemo/Artifacts/2018-02-15_08-58-48.294440
2018-02-15 08:58:53,531 INFO o.a.j.JMeter: Adding to classpath and loader: /Users/chefe02/Documents/Demo/GIT/BlazeDemo/Artifacts/2018-02-15_08-58-48.294440
2018-02-15 08:58:53,533 INFO o.a.j.s.FileServer: Default base='/Users/chefe02/Documents/Demo/GIT/BlazeDemo'
2018-02-15 08:58:53,534 INFO o.a.j.s.FileServer: Set new base='/Users/chefe02/Documents/Demo/GIT/BlazeDemo/Artifacts/2018-02-15_08-58-48.294440'
2018-02-15 08:58:53,646 INFO o.a.j.s.SaveService: Testplan (JMX) version: 2.2. Testlog (JTL) version: 2.2
2018-02-15 08:58:53,660 INFO o.a.j.s.SaveService: Using SaveService properties file encoding UTF-8
2018-02-15 08:58:53,664 INFO o.a.j.s.SaveService: Using SaveService properties version 3.2
2018-02-15 08:58:53,669 INFO o.a.j.s.SaveService: Loading file: /Users/chefe02/Documents/Demo/GIT/BlazeDemo/Artifacts/2018-02-15_08-58-48.294440/modified_requests.jmx
2018-02-15 08:58:53,719 INFO o.a.j.p.h.c.CacheManager: Will only cache the following methods: [GET]
2018-02-15 08:58:53,721 INFO o.a.j.p.h.c.CookieManager: Settings: Delete null: true Check: true Allow variable: true Save: false Prefix: COOKIE_
2018-02-15 08:58:53,738 INFO o.a.j.p.h.s.HTTPSamplerBase: Parser for text/html is org.apache.jmeter.protocol.http.parser.LagartoBasedHtmlParser
2018-02-15 08:58:53,738 INFO o.a.j.p.h.s.HTTPSamplerBase: Parser for application/xhtml+xml is org.apache.jmeter.protocol.http.parser.LagartoBasedHtmlParser
2018-02-15 08:58:53,738 INFO o.a.j.p.h.s.HTTPSamplerBase: Parser for application/xml is org.apache.jmeter.protocol.http.parser.LagartoBasedHtmlParser
2018-02-15 08:58:53,738 INFO o.a.j.p.h.s.HTTPSamplerBase: Parser for text/xml is org.apache.jmeter.protocol.http.parser.LagartoBasedHtmlParser
2018-02-15 08:58:53,738 INFO o.a.j.p.h.s.HTTPSamplerBase: Parser for text/vnd.wap.wml is org.apache.jmeter.protocol.http.parser.RegexpHTMLParser
2018-02-15 08:58:53,738 INFO o.a.j.p.h.s.HTTPSamplerBase: Parser for text/css is org.apache.jmeter.protocol.http.parser.CssParser
2018-02-15 08:58:53,765 INFO o.a.j.e.StandardJMeterEngine: Running the test!
2018-02-15 08:58:53,766 INFO o.a.j.s.SampleEvent: List of sample_variables: []
2018-02-15 08:58:53,766 INFO o.a.j.s.SampleEvent: List of sample_variables: []
2018-02-15 08:58:53,769 INFO o.a.j.e.u.CompoundVariable: Note: Function class names must contain the string: '.functions.'
2018-02-15 08:58:53,769 INFO o.a.j.e.u.CompoundVariable: Note: Function class names must not contain the string: '.gui.'
2018-02-15 08:58:54,148 INFO o.a.j.JMeter: Running test (1518713934148)
2018-02-15 08:58:54,191 INFO o.a.j.e.StandardJMeterEngine: Starting ThreadGroup: 1 : BlazeDemo_confirmation
2018-02-15 08:58:54,191 INFO o.a.j.e.StandardJMeterEngine: Starting 1 threads for group BlazeDemo_confirmation.
2018-02-15 08:58:54,191 INFO o.a.j.e.StandardJMeterEngine: Thread will continue on error
2018-02-15 08:58:54,194 INFO o.a.j.e.StandardJMeterEngine: All thread groups have been started
2018-02-15 08:58:54,194 INFO c.b.j.t.c.ConcurrencyThreadStarter: Start supplying threads
2018-02-15 09:01:06,217 INFO o.a.j.JMeter: Command: Shutdown received from /127.0.0.1
2018-02-15 09:01:06,218 INFO c.b.j.t.c.ConcurrencyThreadStarter: Done supplying threads
2018-02-15 09:01:06,383 INFO o.a.j.e.StandardJMeterEngine: Notifying test listeners of end of test
2018-02-15 09:01:06,384 INFO o.a.j.e.StandardJMeterEngine: Forced JVM shutdown requested at end of test
Traceback (most recent call last):
  File "/usr/local/Cellar/bzt/1.10.3/libexec/lib/python2.7/site-packages/bzt/cli.py", line 232, in perform
    self.engine.post_process()
  File "/usr/local/Cellar/bzt/1.10.3/libexec/lib/python2.7/site-packages/bzt/engine.py", line 279, in post_process
    reraise(exc_info)
  File "/usr/local/Cellar/bzt/1.10.3/libexec/lib/python2.7/site-packages/bzt/engine.py", line 266, in post_process
    module.post_process()
  File "/usr/local/Cellar/bzt/1.10.3/libexec/lib/python2.7/site-packages/bzt/modules/provisioning.py", line 175, in post_process
    reraise(exc_info)
  File "/usr/local/Cellar/bzt/1.10.3/libexec/lib/python2.7/site-packages/bzt/modules/provisioning.py", line 168, in post_process
    raise ToolError(message, diagnostics)
ToolError: Empty results, most likely BlazeDemo_confirmation (JMeterExecutor) failed. Actual reason for this can be found in logs under /Users/chefe02/Documents/Demo/GIT/BlazeDemo/Artifacts/2018-02-15_08-58-48.294440
JMeter STDOUT:
Created the tree successfully using /Users/chefe02/Documents/Demo/GIT/BlazeDemo/Artifacts/2018-02-15_08-58-48.294440/modified_requests.jmx
Starting the test @ Thu Feb 15 08:58:53 PST 2018 (1518713933764)
Waiting for possible Shutdown/StopTestNow/Heapdump message on port 4445
Command: Shutdown received from /127.0.0.1
Tidying up ...    @ Thu Feb 15 09:01:06 PST 2018 (1518714066384)
... end of run
JMeter log:
2018-02-15 08:58:53,510 INFO o.a.j.u.JMeterUtils: Setting Locale to en_US
2018-02-15 08:58:53,520 INFO o.a.j.JMeter: Loading user properties from: /Users/chefe02/.bzt/jmeter-taurus/3.3/bin/user.properties
2018-02-15 08:58:53,520 INFO o.a.j.JMeter: Loading system properties from: /Users/chefe02/.bzt/jmeter-taurus/3.3/bin/system.properties
2018-02-15 08:58:53,521 INFO o.a.j.JMeter: Setting System properties from file: /Users/chefe02/Documents/Demo/GIT/BlazeDemo/Artifacts/2018-02-15_08-58-48.294440/system.properties
2018-02-15 08:58:53,525 INFO o.a.j.JMeter: Copyright (c) 1998-2017 The Apache Software Foundation
2018-02-15 08:58:53,525 INFO o.a.j.JMeter: Version 3.3 r1808647
2018-02-15 08:58:53,525 INFO o.a.j.JMeter: java.version=1.8.0_151
2018-02-15 08:58:53,525 INFO o.a.j.JMeter: java.vm.name=Java HotSpot(TM) 64-Bit Server VM
2018-02-15 08:58:53,525 INFO o.a.j.JMeter: os.name=Mac OS X
2018-02-15 08:58:53,525 INFO o.a.j.JMeter: os.arch=x86_64
2018-02-15 08:58:53,525 INFO o.a.j.JMeter: os.version=10.12.6
2018-02-15 08:58:53,525 INFO o.a.j.JMeter: file.encoding=UTF-8
2018-02-15 08:58:53,525 INFO o.a.j.JMeter: Max memory     =3817865216
2018-02-15 08:58:53,525 INFO o.a.j.JMeter: Available Processors =8
2018-02-15 08:58:53,528 INFO o.a.j.JMeter: Default Locale=English (United States)
2018-02-15 08:58:53,528 INFO o.a.j.JMeter: JMeter  Locale=English (United States)
2018-02-15 08:58:53,529 INFO o.a.j.JMeter: JMeterHome=/Users/chefe02/.bzt/jmeter-taurus/3.3
2018-02-15 08:58:53,529 INFO o.a.j.JMeter: user.dir  =/Users/chefe02/Documents/Demo/GIT/BlazeDemo
2018-02-15 08:58:53,529 INFO o.a.j.JMeter: PWD       =/Users/chefe02/Documents/Demo/GIT/BlazeDemo
2018-02-15 08:58:53,530 INFO o.a.j.JMeter: IP: 172.20.10.2 Name: chefe02mac947 FullName: 172.20.10.2
2018-02-15 08:58:53,530 INFO o.a.j.JMeter: user.classpath=/Users/chefe02/Documents/Demo/GIT/BlazeDemo/Artifacts/2018-02-15_08-58-48.294440:/Users/chefe02/Documents/Demo/GIT/BlazeDemo/Artifacts/2018-02-15_08-58-48.294440
2018-02-15 08:58:53,530 INFO o.a.j.JMeter: Adding to classpath and loader: /Users/chefe02/Documents/Demo/GIT/BlazeDemo/Artifacts/2018-02-15_08-58-48.294440
2018-02-15 08:58:53,531 INFO o.a.j.JMeter: Adding to classpath and loader: /Users/chefe02/Documents/Demo/GIT/BlazeDemo/Artifacts/2018-02-15_08-58-48.294440
2018-02-15 08:58:53,533 INFO o.a.j.s.FileServer: Default base='/Users/chefe02/Documents/Demo/GIT/BlazeDemo'
2018-02-15 08:58:53,534 INFO o.a.j.s.FileServer: Set new base='/Users/chefe02/Documents/Demo/GIT/BlazeDemo/Artifacts/2018-02-15_08-58-48.294440'
2018-02-15 08:58:53,646 INFO o.a.j.s.SaveService: Testplan (JMX) version: 2.2. Testlog (JTL) version: 2.2
2018-02-15 08:58:53,660 INFO o.a.j.s.SaveService: Using SaveService properties file encoding UTF-8
2018-02-15 08:58:53,664 INFO o.a.j.s.SaveService: Using SaveService properties version 3.2
2018-02-15 08:58:53,669 INFO o.a.j.s.SaveService: Loading file: /Users/chefe02/Documents/Demo/GIT/BlazeDemo/Artifacts/2018-02-15_08-58-48.294440/modified_requests.jmx
2018-02-15 08:58:53,719 INFO o.a.j.p.h.c.CacheManager: Will only cache the following methods: [GET]
2018-02-15 08:58:53,721 INFO o.a.j.p.h.c.CookieManager: Settings: Delete null: true Check: true Allow variable: true Save: false Prefix: COOKIE_
2018-02-15 08:58:53,738 INFO o.a.j.p.h.s.HTTPSamplerBase: Parser for text/html is org.apache.jmeter.protocol.http.parser.LagartoBasedHtmlParser
2018-02-15 08:58:53,738 INFO o.a.j.p.h.s.HTTPSamplerBase: Parser for application/xhtml+xml is org.apache.jmeter.protocol.http.parser.LagartoBasedHtmlParser
2018-02-15 08:58:53,738 INFO o.a.j.p.h.s.HTTPSamplerBase: Parser for application/xml is org.apache.jmeter.protocol.http.parser.LagartoBasedHtmlParser
2018-02-15 08:58:53,738 INFO o.a.j.p.h.s.HTTPSamplerBase: Parser for text/xml is org.apache.jmeter.protocol.http.parser.LagartoBasedHtmlParser
2018-02-15 08:58:53,738 INFO o.a.j.p.h.s.HTTPSamplerBase: Parser for text/vnd.wap.wml is org.apache.jmeter.protocol.http.parser.RegexpHTMLParser
2018-02-15 08:58:53,738 INFO o.a.j.p.h.s.HTTPSamplerBase: Parser for text/css is org.apache.jmeter.protocol.http.parser.CssParser
2018-02-15 08:58:53,765 INFO o.a.j.e.StandardJMeterEngine: Running the test!
2018-02-15 08:58:53,766 INFO o.a.j.s.SampleEvent: List of sample_variables: []
2018-02-15 08:58:53,766 INFO o.a.j.s.SampleEvent: List of sample_variables: []
2018-02-15 08:58:53,769 INFO o.a.j.e.u.CompoundVariable: Note: Function class names must contain the string: '.functions.'
2018-02-15 08:58:53,769 INFO o.a.j.e.u.CompoundVariable: Note: Function class names must not contain the string: '.gui.'
2018-02-15 08:58:54,148 INFO o.a.j.JMeter: Running test (1518713934148)
2018-02-15 08:58:54,191 INFO o.a.j.e.StandardJMeterEngine: Starting ThreadGroup: 1 : BlazeDemo_confirmation
2018-02-15 08:58:54,191 INFO o.a.j.e.StandardJMeterEngine: Starting 1 threads for group BlazeDemo_confirmation.
2018-02-15 08:58:54,191 INFO o.a.j.e.StandardJMeterEngine: Thread will continue on error
2018-02-15 08:58:54,194 INFO o.a.j.e.StandardJMeterEngine: All thread groups have been started
2018-02-15 08:58:54,194 INFO c.b.j.t.c.ConcurrencyThreadStarter: Start supplying threads
2018-02-15 09:01:06,217 INFO o.a.j.JMeter: Command: Shutdown received from /127.0.0.1
2018-02-15 09:01:06,218 INFO c.b.j.t.c.ConcurrencyThreadStarter: Done supplying threads
2018-02-15 09:01:06,383 INFO o.a.j.e.StandardJMeterEngine: Notifying test listeners of end of test
2018-02-15 09:01:06,384 INFO o.a.j.e.StandardJMeterEngine: Forced JVM shutdown requested at end of test
[2018-02-15 09:01:07,401 INFO root] Artifacts dir: /Users/chefe02/Documents/Demo/GIT/BlazeDemo/Artifacts/2018-02-15_08-58-48.294440
[2018-02-15 09:01:07,401 WARNING root] Done performing with code: 1
[2018-02-15 09:01:07,402 DEBUG root] Closing log handler: /Users/chefe02/Documents/Demo/GIT/BlazeDemo/Artifacts/2018-02-15_08-58-48.294440/bzt.log
